CRITICAL - 2022-06-01 10:25:30 --> There is no data to insert.
#0 C:\wamp64\www\projet_stage\developpement\src\system\BaseModel.php(718): CodeIgniter\Database\Exceptions\DataException::forEmptyDataset('insert')
#1 C:\wamp64\www\projet_stage\developpement\src\system\Model.php(625): CodeIgniter\BaseModel->insert(Array, false)
#2 C:\wamp64\www\projet_stage\developpement\src\system\BaseModel.php(658): CodeIgniter\Model->insert(Array, false)
#3 C:\wamp64\www\projet_stage\developpement\src\app\Controllers\Apprenant.php(45): CodeIgniter\BaseModel->save(Array)
#4 C:\wamp64\www\projet_stage\developpement\src\system\CodeIgniter.php(832): App\Controllers\Apprenant->ajouter()
#5 C:\wamp64\www\projet_stage\developpement\src\system\CodeIgniter.php(419): CodeIgniter\CodeIgniter->runController(Object(App\Controllers\Apprenant))
#6 C:\wamp64\www\projet_stage\developpement\src\system\CodeIgniter.php(326): CodeIgniter\CodeIgniter->handleRequest(NULL, Object(Config\Cache), false)
#7 C:\wamp64\www\projet_stage\developpement\src\public\index.php(37): CodeIgniter\CodeIgniter->run()
#8 C:\wamp64\www\projet_stage\developpement\src\system\Commands\Server\rewrite.php(43): require_once('C:\\wamp64\\www\\p...')
#9 {main}
CRITICAL - 2022-06-01 10:27:19 --> There is no data to insert.
#0 C:\wamp64\www\projet_stage\developpement\src\system\BaseModel.php(718): CodeIgniter\Database\Exceptions\DataException::forEmptyDataset('insert')
#1 C:\wamp64\www\projet_stage\developpement\src\system\Model.php(625): CodeIgniter\BaseModel->insert(Array, false)
#2 C:\wamp64\www\projet_stage\developpement\src\system\BaseModel.php(658): CodeIgniter\Model->insert(Array, false)
#3 C:\wamp64\www\projet_stage\developpement\src\app\Controllers\Apprenant.php(45): CodeIgniter\BaseModel->save(Array)
#4 C:\wamp64\www\projet_stage\developpement\src\system\CodeIgniter.php(832): App\Controllers\Apprenant->ajouter()
#5 C:\wamp64\www\projet_stage\developpement\src\system\CodeIgniter.php(419): CodeIgniter\CodeIgniter->runController(Object(App\Controllers\Apprenant))
#6 C:\wamp64\www\projet_stage\developpement\src\system\CodeIgniter.php(326): CodeIgniter\CodeIgniter->handleRequest(NULL, Object(Config\Cache), false)
#7 C:\wamp64\www\projet_stage\developpement\src\public\index.php(37): CodeIgniter\CodeIgniter->run()
#8 C:\wamp64\www\projet_stage\developpement\src\system\Commands\Server\rewrite.php(43): require_once('C:\\wamp64\\www\\p...')
#9 {main}
CRITICAL - 2022-06-01 10:32:50 --> There is no data to insert.
#0 C:\wamp64\www\projet_stage\developpement\src\system\BaseModel.php(718): CodeIgniter\Database\Exceptions\DataException::forEmptyDataset('insert')
#1 C:\wamp64\www\projet_stage\developpement\src\system\Model.php(625): CodeIgniter\BaseModel->insert(Array, false)
#2 C:\wamp64\www\projet_stage\developpement\src\system\BaseModel.php(658): CodeIgniter\Model->insert(Array, false)
#3 C:\wamp64\www\projet_stage\developpement\src\app\Controllers\Apprenant.php(45): CodeIgniter\BaseModel->save(Array)
#4 C:\wamp64\www\projet_stage\developpement\src\system\CodeIgniter.php(832): App\Controllers\Apprenant->ajouter()
#5 C:\wamp64\www\projet_stage\developpement\src\system\CodeIgniter.php(419): CodeIgniter\CodeIgniter->runController(Object(App\Controllers\Apprenant))
#6 C:\wamp64\www\projet_stage\developpement\src\system\CodeIgniter.php(326): CodeIgniter\CodeIgniter->handleRequest(NULL, Object(Config\Cache), false)
#7 C:\wamp64\www\projet_stage\developpement\src\public\index.php(37): CodeIgniter\CodeIgniter->run()
#8 C:\wamp64\www\projet_stage\developpement\src\system\Commands\Server\rewrite.php(43): require_once('C:\\wamp64\\www\\p...')
#9 {main}
CRITICAL - 2022-06-01 10:32:50 --> There is no data to insert.
#0 C:\wamp64\www\projet_stage\developpement\src\system\BaseModel.php(718): CodeIgniter\Database\Exceptions\DataException::forEmptyDataset('insert')
#1 C:\wamp64\www\projet_stage\developpement\src\system\Model.php(625): CodeIgniter\BaseModel->insert(Array, false)
#2 C:\wamp64\www\projet_stage\developpement\src\system\BaseModel.php(658): CodeIgniter\Model->insert(Array, false)
#3 C:\wamp64\www\projet_stage\developpement\src\app\Controllers\Apprenant.php(45): CodeIgniter\BaseModel->save(Array)
#4 C:\wamp64\www\projet_stage\developpement\src\system\CodeIgniter.php(832): App\Controllers\Apprenant->ajouter()
#5 C:\wamp64\www\projet_stage\developpement\src\system\CodeIgniter.php(419): CodeIgniter\CodeIgniter->runController(Object(App\Controllers\Apprenant))
#6 C:\wamp64\www\projet_stage\developpement\src\system\CodeIgniter.php(326): CodeIgniter\CodeIgniter->handleRequest(NULL, Object(Config\Cache), false)
#7 C:\wamp64\www\projet_stage\developpement\src\public\index.php(37): CodeIgniter\CodeIgniter->run()
#8 C:\wamp64\www\projet_stage\developpement\src\system\Commands\Server\rewrite.php(43): require_once('C:\\wamp64\\www\\p...')
#9 {main}
CRITICAL - 2022-06-01 10:32:51 --> There is no data to insert.
#0 C:\wamp64\www\projet_stage\developpement\src\system\BaseModel.php(718): CodeIgniter\Database\Exceptions\DataException::forEmptyDataset('insert')
#1 C:\wamp64\www\projet_stage\developpement\src\system\Model.php(625): CodeIgniter\BaseModel->insert(Array, false)
#2 C:\wamp64\www\projet_stage\developpement\src\system\BaseModel.php(658): CodeIgniter\Model->insert(Array, false)
#3 C:\wamp64\www\projet_stage\developpement\src\app\Controllers\Apprenant.php(45): CodeIgniter\BaseModel->save(Array)
#4 C:\wamp64\www\projet_stage\developpement\src\system\CodeIgniter.php(832): App\Controllers\Apprenant->ajouter()
#5 C:\wamp64\www\projet_stage\developpement\src\system\CodeIgniter.php(419): CodeIgniter\CodeIgniter->runController(Object(App\Controllers\Apprenant))
#6 C:\wamp64\www\projet_stage\developpement\src\system\CodeIgniter.php(326): CodeIgniter\CodeIgniter->handleRequest(NULL, Object(Config\Cache), false)
#7 C:\wamp64\www\projet_stage\developpement\src\public\index.php(37): CodeIgniter\CodeIgniter->run()
#8 C:\wamp64\www\projet_stage\developpement\src\system\Commands\Server\rewrite.php(43): require_once('C:\\wamp64\\www\\p...')
#9 {main}
CRITICAL - 2022-06-01 10:32:51 --> There is no data to insert.
#0 C:\wamp64\www\projet_stage\developpement\src\system\BaseModel.php(718): CodeIgniter\Database\Exceptions\DataException::forEmptyDataset('insert')
#1 C:\wamp64\www\projet_stage\developpement\src\system\Model.php(625): CodeIgniter\BaseModel->insert(Array, false)
#2 C:\wamp64\www\projet_stage\developpement\src\system\BaseModel.php(658): CodeIgniter\Model->insert(Array, false)
#3 C:\wamp64\www\projet_stage\developpement\src\app\Controllers\Apprenant.php(45): CodeIgniter\BaseModel->save(Array)
#4 C:\wamp64\www\projet_stage\developpement\src\system\CodeIgniter.php(832): App\Controllers\Apprenant->ajouter()
#5 C:\wamp64\www\projet_stage\developpement\src\system\CodeIgniter.php(419): CodeIgniter\CodeIgniter->runController(Object(App\Controllers\Apprenant))
#6 C:\wamp64\www\projet_stage\developpement\src\system\CodeIgniter.php(326): CodeIgniter\CodeIgniter->handleRequest(NULL, Object(Config\Cache), false)
#7 C:\wamp64\www\projet_stage\developpement\src\public\index.php(37): CodeIgniter\CodeIgniter->run()
#8 C:\wamp64\www\projet_stage\developpement\src\system\Commands\Server\rewrite.php(43): require_once('C:\\wamp64\\www\\p...')
#9 {main}
CRITICAL - 2022-06-01 10:32:51 --> There is no data to insert.
#0 C:\wamp64\www\projet_stage\developpement\src\system\BaseModel.php(718): CodeIgniter\Database\Exceptions\DataException::forEmptyDataset('insert')
#1 C:\wamp64\www\projet_stage\developpement\src\system\Model.php(625): CodeIgniter\BaseModel->insert(Array, false)
#2 C:\wamp64\www\projet_stage\developpement\src\system\BaseModel.php(658): CodeIgniter\Model->insert(Array, false)
#3 C:\wamp64\www\projet_stage\developpement\src\app\Controllers\Apprenant.php(45): CodeIgniter\BaseModel->save(Array)
#4 C:\wamp64\www\projet_stage\developpement\src\system\CodeIgniter.php(832): App\Controllers\Apprenant->ajouter()
#5 C:\wamp64\www\projet_stage\developpement\src\system\CodeIgniter.php(419): CodeIgniter\CodeIgniter->runController(Object(App\Controllers\Apprenant))
#6 C:\wamp64\www\projet_stage\developpement\src\system\CodeIgniter.php(326): CodeIgniter\CodeIgniter->handleRequest(NULL, Object(Config\Cache), false)
#7 C:\wamp64\www\projet_stage\developpement\src\public\index.php(37): CodeIgniter\CodeIgniter->run()
#8 C:\wamp64\www\projet_stage\developpement\src\system\Commands\Server\rewrite.php(43): require_once('C:\\wamp64\\www\\p...')
#9 {main}
CRITICAL - 2022-06-01 10:32:51 --> There is no data to insert.
#0 C:\wamp64\www\projet_stage\developpement\src\system\BaseModel.php(718): CodeIgniter\Database\Exceptions\DataException::forEmptyDataset('insert')
#1 C:\wamp64\www\projet_stage\developpement\src\system\Model.php(625): CodeIgniter\BaseModel->insert(Array, false)
#2 C:\wamp64\www\projet_stage\developpement\src\system\BaseModel.php(658): CodeIgniter\Model->insert(Array, false)
#3 C:\wamp64\www\projet_stage\developpement\src\app\Controllers\Apprenant.php(45): CodeIgniter\BaseModel->save(Array)
#4 C:\wamp64\www\projet_stage\developpement\src\system\CodeIgniter.php(832): App\Controllers\Apprenant->ajouter()
#5 C:\wamp64\www\projet_stage\developpement\src\system\CodeIgniter.php(419): CodeIgniter\CodeIgniter->runController(Object(App\Controllers\Apprenant))
#6 C:\wamp64\www\projet_stage\developpement\src\system\CodeIgniter.php(326): CodeIgniter\CodeIgniter->handleRequest(NULL, Object(Config\Cache), false)
#7 C:\wamp64\www\projet_stage\developpement\src\public\index.php(37): CodeIgniter\CodeIgniter->run()
#8 C:\wamp64\www\projet_stage\developpement\src\system\Commands\Server\rewrite.php(43): require_once('C:\\wamp64\\www\\p...')
#9 {main}
CRITICAL - 2022-06-01 10:32:51 --> There is no data to insert.
#0 C:\wamp64\www\projet_stage\developpement\src\system\BaseModel.php(718): CodeIgniter\Database\Exceptions\DataException::forEmptyDataset('insert')
#1 C:\wamp64\www\projet_stage\developpement\src\system\Model.php(625): CodeIgniter\BaseModel->insert(Array, false)
#2 C:\wamp64\www\projet_stage\developpement\src\system\BaseModel.php(658): CodeIgniter\Model->insert(Array, false)
#3 C:\wamp64\www\projet_stage\developpement\src\app\Controllers\Apprenant.php(45): CodeIgniter\BaseModel->save(Array)
#4 C:\wamp64\www\projet_stage\developpement\src\system\CodeIgniter.php(832): App\Controllers\Apprenant->ajouter()
#5 C:\wamp64\www\projet_stage\developpement\src\system\CodeIgniter.php(419): CodeIgniter\CodeIgniter->runController(Object(App\Controllers\Apprenant))
#6 C:\wamp64\www\projet_stage\developpement\src\system\CodeIgniter.php(326): CodeIgniter\CodeIgniter->handleRequest(NULL, Object(Config\Cache), false)
#7 C:\wamp64\www\projet_stage\developpement\src\public\index.php(37): CodeIgniter\CodeIgniter->run()
#8 C:\wamp64\www\projet_stage\developpement\src\system\Commands\Server\rewrite.php(43): require_once('C:\\wamp64\\www\\p...')
#9 {main}
CRITICAL - 2022-06-01 10:32:52 --> There is no data to insert.
#0 C:\wamp64\www\projet_stage\developpement\src\system\BaseModel.php(718): CodeIgniter\Database\Exceptions\DataException::forEmptyDataset('insert')
#1 C:\wamp64\www\projet_stage\developpement\src\system\Model.php(625): CodeIgniter\BaseModel->insert(Array, false)
#2 C:\wamp64\www\projet_stage\developpement\src\system\BaseModel.php(658): CodeIgniter\Model->insert(Array, false)
#3 C:\wamp64\www\projet_stage\developpement\src\app\Controllers\Apprenant.php(45): CodeIgniter\BaseModel->save(Array)
#4 C:\wamp64\www\projet_stage\developpement\src\system\CodeIgniter.php(832): App\Controllers\Apprenant->ajouter()
#5 C:\wamp64\www\projet_stage\developpement\src\system\CodeIgniter.php(419): CodeIgniter\CodeIgniter->runController(Object(App\Controllers\Apprenant))
#6 C:\wamp64\www\projet_stage\developpement\src\system\CodeIgniter.php(326): CodeIgniter\CodeIgniter->handleRequest(NULL, Object(Config\Cache), false)
#7 C:\wamp64\www\projet_stage\developpement\src\public\index.php(37): CodeIgniter\CodeIgniter->run()
#8 C:\wamp64\www\projet_stage\developpement\src\system\Commands\Server\rewrite.php(43): require_once('C:\\wamp64\\www\\p...')
#9 {main}
CRITICAL - 2022-06-01 10:32:52 --> There is no data to insert.
#0 C:\wamp64\www\projet_stage\developpement\src\system\BaseModel.php(718): CodeIgniter\Database\Exceptions\DataException::forEmptyDataset('insert')
#1 C:\wamp64\www\projet_stage\developpement\src\system\Model.php(625): CodeIgniter\BaseModel->insert(Array, false)
#2 C:\wamp64\www\projet_stage\developpement\src\system\BaseModel.php(658): CodeIgniter\Model->insert(Array, false)
#3 C:\wamp64\www\projet_stage\developpement\src\app\Controllers\Apprenant.php(45): CodeIgniter\BaseModel->save(Array)
#4 C:\wamp64\www\projet_stage\developpement\src\system\CodeIgniter.php(832): App\Controllers\Apprenant->ajouter()
#5 C:\wamp64\www\projet_stage\developpement\src\system\CodeIgniter.php(419): CodeIgniter\CodeIgniter->runController(Object(App\Controllers\Apprenant))
#6 C:\wamp64\www\projet_stage\developpement\src\system\CodeIgniter.php(326): CodeIgniter\CodeIgniter->handleRequest(NULL, Object(Config\Cache), false)
#7 C:\wamp64\www\projet_stage\developpement\src\public\index.php(37): CodeIgniter\CodeIgniter->run()
#8 C:\wamp64\www\projet_stage\developpement\src\system\Commands\Server\rewrite.php(43): require_once('C:\\wamp64\\www\\p...')
#9 {main}
CRITICAL - 2022-06-01 10:32:52 --> There is no data to insert.
#0 C:\wamp64\www\projet_stage\developpement\src\system\BaseModel.php(718): CodeIgniter\Database\Exceptions\DataException::forEmptyDataset('insert')
#1 C:\wamp64\www\projet_stage\developpement\src\system\Model.php(625): CodeIgniter\BaseModel->insert(Array, false)
#2 C:\wamp64\www\projet_stage\developpement\src\system\BaseModel.php(658): CodeIgniter\Model->insert(Array, false)
#3 C:\wamp64\www\projet_stage\developpement\src\app\Controllers\Apprenant.php(45): CodeIgniter\BaseModel->save(Array)
#4 C:\wamp64\www\projet_stage\developpement\src\system\CodeIgniter.php(832): App\Controllers\Apprenant->ajouter()
#5 C:\wamp64\www\projet_stage\developpement\src\system\CodeIgniter.php(419): CodeIgniter\CodeIgniter->runController(Object(App\Controllers\Apprenant))
#6 C:\wamp64\www\projet_stage\developpement\src\system\CodeIgniter.php(326): CodeIgniter\CodeIgniter->handleRequest(NULL, Object(Config\Cache), false)
#7 C:\wamp64\www\projet_stage\developpement\src\public\index.php(37): CodeIgniter\CodeIgniter->run()
#8 C:\wamp64\www\projet_stage\developpement\src\system\Commands\Server\rewrite.php(43): require_once('C:\\wamp64\\www\\p...')
#9 {main}
CRITICAL - 2022-06-01 10:32:52 --> There is no data to insert.
#0 C:\wamp64\www\projet_stage\developpement\src\system\BaseModel.php(718): CodeIgniter\Database\Exceptions\DataException::forEmptyDataset('insert')
#1 C:\wamp64\www\projet_stage\developpement\src\system\Model.php(625): CodeIgniter\BaseModel->insert(Array, false)
#2 C:\wamp64\www\projet_stage\developpement\src\system\BaseModel.php(658): CodeIgniter\Model->insert(Array, false)
#3 C:\wamp64\www\projet_stage\developpement\src\app\Controllers\Apprenant.php(45): CodeIgniter\BaseModel->save(Array)
#4 C:\wamp64\www\projet_stage\developpement\src\system\CodeIgniter.php(832): App\Controllers\Apprenant->ajouter()
#5 C:\wamp64\www\projet_stage\developpement\src\system\CodeIgniter.php(419): CodeIgniter\CodeIgniter->runController(Object(App\Controllers\Apprenant))
#6 C:\wamp64\www\projet_stage\developpement\src\system\CodeIgniter.php(326): CodeIgniter\CodeIgniter->handleRequest(NULL, Object(Config\Cache), false)
#7 C:\wamp64\www\projet_stage\developpement\src\public\index.php(37): CodeIgniter\CodeIgniter->run()
#8 C:\wamp64\www\projet_stage\developpement\src\system\Commands\Server\rewrite.php(43): require_once('C:\\wamp64\\www\\p...')
#9 {main}
CRITICAL - 2022-06-01 10:32:52 --> There is no data to insert.
#0 C:\wamp64\www\projet_stage\developpement\src\system\BaseModel.php(718): CodeIgniter\Database\Exceptions\DataException::forEmptyDataset('insert')
#1 C:\wamp64\www\projet_stage\developpement\src\system\Model.php(625): CodeIgniter\BaseModel->insert(Array, false)
#2 C:\wamp64\www\projet_stage\developpement\src\system\BaseModel.php(658): CodeIgniter\Model->insert(Array, false)
#3 C:\wamp64\www\projet_stage\developpement\src\app\Controllers\Apprenant.php(45): CodeIgniter\BaseModel->save(Array)
#4 C:\wamp64\www\projet_stage\developpement\src\system\CodeIgniter.php(832): App\Controllers\Apprenant->ajouter()
#5 C:\wamp64\www\projet_stage\developpement\src\system\CodeIgniter.php(419): CodeIgniter\CodeIgniter->runController(Object(App\Controllers\Apprenant))
#6 C:\wamp64\www\projet_stage\developpement\src\system\CodeIgniter.php(326): CodeIgniter\CodeIgniter->handleRequest(NULL, Object(Config\Cache), false)
#7 C:\wamp64\www\projet_stage\developpement\src\public\index.php(37): CodeIgniter\CodeIgniter->run()
#8 C:\wamp64\www\projet_stage\developpement\src\system\Commands\Server\rewrite.php(43): require_once('C:\\wamp64\\www\\p...')
#9 {main}
CRITICAL - 2022-06-01 10:32:53 --> There is no data to insert.
#0 C:\wamp64\www\projet_stage\developpement\src\system\BaseModel.php(718): CodeIgniter\Database\Exceptions\DataException::forEmptyDataset('insert')
#1 C:\wamp64\www\projet_stage\developpement\src\system\Model.php(625): CodeIgniter\BaseModel->insert(Array, false)
#2 C:\wamp64\www\projet_stage\developpement\src\system\BaseModel.php(658): CodeIgniter\Model->insert(Array, false)
#3 C:\wamp64\www\projet_stage\developpement\src\app\Controllers\Apprenant.php(45): CodeIgniter\BaseModel->save(Array)
#4 C:\wamp64\www\projet_stage\developpement\src\system\CodeIgniter.php(832): App\Controllers\Apprenant->ajouter()
#5 C:\wamp64\www\projet_stage\developpement\src\system\CodeIgniter.php(419): CodeIgniter\CodeIgniter->runController(Object(App\Controllers\Apprenant))
#6 C:\wamp64\www\projet_stage\developpement\src\system\CodeIgniter.php(326): CodeIgniter\CodeIgniter->handleRequest(NULL, Object(Config\Cache), false)
#7 C:\wamp64\www\projet_stage\developpement\src\public\index.php(37): CodeIgniter\CodeIgniter->run()
#8 C:\wamp64\www\projet_stage\developpement\src\system\Commands\Server\rewrite.php(43): require_once('C:\\wamp64\\www\\p...')
#9 {main}
CRITICAL - 2022-06-01 10:32:53 --> There is no data to insert.
#0 C:\wamp64\www\projet_stage\developpement\src\system\BaseModel.php(718): CodeIgniter\Database\Exceptions\DataException::forEmptyDataset('insert')
#1 C:\wamp64\www\projet_stage\developpement\src\system\Model.php(625): CodeIgniter\BaseModel->insert(Array, false)
#2 C:\wamp64\www\projet_stage\developpement\src\system\BaseModel.php(658): CodeIgniter\Model->insert(Array, false)
#3 C:\wamp64\www\projet_stage\developpement\src\app\Controllers\Apprenant.php(45): CodeIgniter\BaseModel->save(Array)
#4 C:\wamp64\www\projet_stage\developpement\src\system\CodeIgniter.php(832): App\Controllers\Apprenant->ajouter()
#5 C:\wamp64\www\projet_stage\developpement\src\system\CodeIgniter.php(419): CodeIgniter\CodeIgniter->runController(Object(App\Controllers\Apprenant))
#6 C:\wamp64\www\projet_stage\developpement\src\system\CodeIgniter.php(326): CodeIgniter\CodeIgniter->handleRequest(NULL, Object(Config\Cache), false)
#7 C:\wamp64\www\projet_stage\developpement\src\public\index.php(37): CodeIgniter\CodeIgniter->run()
#8 C:\wamp64\www\projet_stage\developpement\src\system\Commands\Server\rewrite.php(43): require_once('C:\\wamp64\\www\\p...')
#9 {main}
CRITICAL - 2022-06-01 10:32:53 --> There is no data to insert.
#0 C:\wamp64\www\projet_stage\developpement\src\system\BaseModel.php(718): CodeIgniter\Database\Exceptions\DataException::forEmptyDataset('insert')
#1 C:\wamp64\www\projet_stage\developpement\src\system\Model.php(625): CodeIgniter\BaseModel->insert(Array, false)
#2 C:\wamp64\www\projet_stage\developpement\src\system\BaseModel.php(658): CodeIgniter\Model->insert(Array, false)
#3 C:\wamp64\www\projet_stage\developpement\src\app\Controllers\Apprenant.php(45): CodeIgniter\BaseModel->save(Array)
#4 C:\wamp64\www\projet_stage\developpement\src\system\CodeIgniter.php(832): App\Controllers\Apprenant->ajouter()
#5 C:\wamp64\www\projet_stage\developpement\src\system\CodeIgniter.php(419): CodeIgniter\CodeIgniter->runController(Object(App\Controllers\Apprenant))
#6 C:\wamp64\www\projet_stage\developpement\src\system\CodeIgniter.php(326): CodeIgniter\CodeIgniter->handleRequest(NULL, Object(Config\Cache), false)
#7 C:\wamp64\www\projet_stage\developpement\src\public\index.php(37): CodeIgniter\CodeIgniter->run()
#8 C:\wamp64\www\projet_stage\developpement\src\system\Commands\Server\rewrite.php(43): require_once('C:\\wamp64\\www\\p...')
#9 {main}
CRITICAL - 2022-06-01 10:32:53 --> There is no data to insert.
#0 C:\wamp64\www\projet_stage\developpement\src\system\BaseModel.php(718): CodeIgniter\Database\Exceptions\DataException::forEmptyDataset('insert')
#1 C:\wamp64\www\projet_stage\developpement\src\system\Model.php(625): CodeIgniter\BaseModel->insert(Array, false)
#2 C:\wamp64\www\projet_stage\developpement\src\system\BaseModel.php(658): CodeIgniter\Model->insert(Array, false)
#3 C:\wamp64\www\projet_stage\developpement\src\app\Controllers\Apprenant.php(45): CodeIgniter\BaseModel->save(Array)
#4 C:\wamp64\www\projet_stage\developpement\src\system\CodeIgniter.php(832): App\Controllers\Apprenant->ajouter()
#5 C:\wamp64\www\projet_stage\developpement\src\system\CodeIgniter.php(419): CodeIgniter\CodeIgniter->runController(Object(App\Controllers\Apprenant))
#6 C:\wamp64\www\projet_stage\developpement\src\system\CodeIgniter.php(326): CodeIgniter\CodeIgniter->handleRequest(NULL, Object(Config\Cache), false)
#7 C:\wamp64\www\projet_stage\developpement\src\public\index.php(37): CodeIgniter\CodeIgniter->run()
#8 C:\wamp64\www\projet_stage\developpement\src\system\Commands\Server\rewrite.php(43): require_once('C:\\wamp64\\www\\p...')
#9 {main}
CRITICAL - 2022-06-01 10:32:53 --> There is no data to insert.
#0 C:\wamp64\www\projet_stage\developpement\src\system\BaseModel.php(718): CodeIgniter\Database\Exceptions\DataException::forEmptyDataset('insert')
#1 C:\wamp64\www\projet_stage\developpement\src\system\Model.php(625): CodeIgniter\BaseModel->insert(Array, false)
#2 C:\wamp64\www\projet_stage\developpement\src\system\BaseModel.php(658): CodeIgniter\Model->insert(Array, false)
#3 C:\wamp64\www\projet_stage\developpement\src\app\Controllers\Apprenant.php(45): CodeIgniter\BaseModel->save(Array)
#4 C:\wamp64\www\projet_stage\developpement\src\system\CodeIgniter.php(832): App\Controllers\Apprenant->ajouter()
#5 C:\wamp64\www\projet_stage\developpement\src\system\CodeIgniter.php(419): CodeIgniter\CodeIgniter->runController(Object(App\Controllers\Apprenant))
#6 C:\wamp64\www\projet_stage\developpement\src\system\CodeIgniter.php(326): CodeIgniter\CodeIgniter->handleRequest(NULL, Object(Config\Cache), false)
#7 C:\wamp64\www\projet_stage\developpement\src\public\index.php(37): CodeIgniter\CodeIgniter->run()
#8 C:\wamp64\www\projet_stage\developpement\src\system\Commands\Server\rewrite.php(43): require_once('C:\\wamp64\\www\\p...')
#9 {main}
CRITICAL - 2022-06-01 10:32:54 --> There is no data to insert.
#0 C:\wamp64\www\projet_stage\developpement\src\system\BaseModel.php(718): CodeIgniter\Database\Exceptions\DataException::forEmptyDataset('insert')
#1 C:\wamp64\www\projet_stage\developpement\src\system\Model.php(625): CodeIgniter\BaseModel->insert(Array, false)
#2 C:\wamp64\www\projet_stage\developpement\src\system\BaseModel.php(658): CodeIgniter\Model->insert(Array, false)
#3 C:\wamp64\www\projet_stage\developpement\src\app\Controllers\Apprenant.php(45): CodeIgniter\BaseModel->save(Array)
#4 C:\wamp64\www\projet_stage\developpement\src\system\CodeIgniter.php(832): App\Controllers\Apprenant->ajouter()
#5 C:\wamp64\www\projet_stage\developpement\src\system\CodeIgniter.php(419): CodeIgniter\CodeIgniter->runController(Object(App\Controllers\Apprenant))
#6 C:\wamp64\www\projet_stage\developpement\src\system\CodeIgniter.php(326): CodeIgniter\CodeIgniter->handleRequest(NULL, Object(Config\Cache), false)
#7 C:\wamp64\www\projet_stage\developpement\src\public\index.php(37): CodeIgniter\CodeIgniter->run()
#8 C:\wamp64\www\projet_stage\developpement\src\system\Commands\Server\rewrite.php(43): require_once('C:\\wamp64\\www\\p...')
#9 {main}
CRITICAL - 2022-06-01 10:32:54 --> There is no data to insert.
#0 C:\wamp64\www\projet_stage\developpement\src\system\BaseModel.php(718): CodeIgniter\Database\Exceptions\DataException::forEmptyDataset('insert')
#1 C:\wamp64\www\projet_stage\developpement\src\system\Model.php(625): CodeIgniter\BaseModel->insert(Array, false)
#2 C:\wamp64\www\projet_stage\developpement\src\system\BaseModel.php(658): CodeIgniter\Model->insert(Array, false)
#3 C:\wamp64\www\projet_stage\developpement\src\app\Controllers\Apprenant.php(45): CodeIgniter\BaseModel->save(Array)
#4 C:\wamp64\www\projet_stage\developpement\src\system\CodeIgniter.php(832): App\Controllers\Apprenant->ajouter()
#5 C:\wamp64\www\projet_stage\developpement\src\system\CodeIgniter.php(419): CodeIgniter\CodeIgniter->runController(Object(App\Controllers\Apprenant))
#6 C:\wamp64\www\projet_stage\developpement\src\system\CodeIgniter.php(326): CodeIgniter\CodeIgniter->handleRequest(NULL, Object(Config\Cache), false)
#7 C:\wamp64\www\projet_stage\developpement\src\public\index.php(37): CodeIgniter\CodeIgniter->run()
#8 C:\wamp64\www\projet_stage\developpement\src\system\Commands\Server\rewrite.php(43): require_once('C:\\wamp64\\www\\p...')
#9 {main}
CRITICAL - 2022-06-01 10:33:38 --> Call to undefined method App\Models\visiteModel::get_id
#0 C:\wamp64\www\projet_stage\developpement\src\app\Controllers\Apprenant.php(48): CodeIgniter\Model->__call('get_id', Array)
#1 C:\wamp64\www\projet_stage\developpement\src\system\CodeIgniter.php(832): App\Controllers\Apprenant->ajouter()
#2 C:\wamp64\www\projet_stage\developpement\src\system\CodeIgniter.php(419): CodeIgniter\CodeIgniter->runController(Object(App\Controllers\Apprenant))
#3 C:\wamp64\www\projet_stage\developpement\src\system\CodeIgniter.php(326): CodeIgniter\CodeIgniter->handleRequest(NULL, Object(Config\Cache), false)
#4 C:\wamp64\www\projet_stage\developpement\src\public\index.php(37): CodeIgniter\CodeIgniter->run()
#5 C:\wamp64\www\projet_stage\developpement\src\system\Commands\Server\rewrite.php(43): require_once('C:\\wamp64\\www\\p...')
#6 {main}
CRITICAL - 2022-06-01 10:34:46 --> Call to undefined method App\Models\visiteModel::get_id
#0 C:\wamp64\www\projet_stage\developpement\src\app\Controllers\Apprenant.php(48): CodeIgniter\Model->__call('get_id', Array)
#1 C:\wamp64\www\projet_stage\developpement\src\system\CodeIgniter.php(832): App\Controllers\Apprenant->ajouter()
#2 C:\wamp64\www\projet_stage\developpement\src\system\CodeIgniter.php(419): CodeIgniter\CodeIgniter->runController(Object(App\Controllers\Apprenant))
#3 C:\wamp64\www\projet_stage\developpement\src\system\CodeIgniter.php(326): CodeIgniter\CodeIgniter->handleRequest(NULL, Object(Config\Cache), false)
#4 C:\wamp64\www\projet_stage\developpement\src\public\index.php(37): CodeIgniter\CodeIgniter->run()
#5 C:\wamp64\www\projet_stage\developpement\src\system\Commands\Server\rewrite.php(43): require_once('C:\\wamp64\\www\\p...')
#6 {main}
CRITICAL - 2022-06-01 10:34:46 --> Call to undefined method App\Models\visiteModel::get_id
#0 C:\wamp64\www\projet_stage\developpement\src\app\Controllers\Apprenant.php(48): CodeIgniter\Model->__call('get_id', Array)
#1 C:\wamp64\www\projet_stage\developpement\src\system\CodeIgniter.php(832): App\Controllers\Apprenant->ajouter()
#2 C:\wamp64\www\projet_stage\developpement\src\system\CodeIgniter.php(419): CodeIgniter\CodeIgniter->runController(Object(App\Controllers\Apprenant))
#3 C:\wamp64\www\projet_stage\developpement\src\system\CodeIgniter.php(326): CodeIgniter\CodeIgniter->handleRequest(NULL, Object(Config\Cache), false)
#4 C:\wamp64\www\projet_stage\developpement\src\public\index.php(37): CodeIgniter\CodeIgniter->run()
#5 C:\wamp64\www\projet_stage\developpement\src\system\Commands\Server\rewrite.php(43): require_once('C:\\wamp64\\www\\p...')
#6 {main}
CRITICAL - 2022-06-01 10:34:47 --> Call to undefined method App\Models\visiteModel::get_id
#0 C:\wamp64\www\projet_stage\developpement\src\app\Controllers\Apprenant.php(48): CodeIgniter\Model->__call('get_id', Array)
#1 C:\wamp64\www\projet_stage\developpement\src\system\CodeIgniter.php(832): App\Controllers\Apprenant->ajouter()
#2 C:\wamp64\www\projet_stage\developpement\src\system\CodeIgniter.php(419): CodeIgniter\CodeIgniter->runController(Object(App\Controllers\Apprenant))
#3 C:\wamp64\www\projet_stage\developpement\src\system\CodeIgniter.php(326): CodeIgniter\CodeIgniter->handleRequest(NULL, Object(Config\Cache), false)
#4 C:\wamp64\www\projet_stage\developpement\src\public\index.php(37): CodeIgniter\CodeIgniter->run()
#5 C:\wamp64\www\projet_stage\developpement\src\system\Commands\Server\rewrite.php(43): require_once('C:\\wamp64\\www\\p...')
#6 {main}
CRITICAL - 2022-06-01 10:34:47 --> Call to undefined method App\Models\visiteModel::get_id
#0 C:\wamp64\www\projet_stage\developpement\src\app\Controllers\Apprenant.php(48): CodeIgniter\Model->__call('get_id', Array)
#1 C:\wamp64\www\projet_stage\developpement\src\system\CodeIgniter.php(832): App\Controllers\Apprenant->ajouter()
#2 C:\wamp64\www\projet_stage\developpement\src\system\CodeIgniter.php(419): CodeIgniter\CodeIgniter->runController(Object(App\Controllers\Apprenant))
#3 C:\wamp64\www\projet_stage\developpement\src\system\CodeIgniter.php(326): CodeIgniter\CodeIgniter->handleRequest(NULL, Object(Config\Cache), false)
#4 C:\wamp64\www\projet_stage\developpement\src\public\index.php(37): CodeIgniter\CodeIgniter->run()
#5 C:\wamp64\www\projet_stage\developpement\src\system\Commands\Server\rewrite.php(43): require_once('C:\\wamp64\\www\\p...')
#6 {main}
CRITICAL - 2022-06-01 10:34:48 --> Call to undefined method App\Models\visiteModel::get_id
#0 C:\wamp64\www\projet_stage\developpement\src\app\Controllers\Apprenant.php(48): CodeIgniter\Model->__call('get_id', Array)
#1 C:\wamp64\www\projet_stage\developpement\src\system\CodeIgniter.php(832): App\Controllers\Apprenant->ajouter()
#2 C:\wamp64\www\projet_stage\developpement\src\system\CodeIgniter.php(419): CodeIgniter\CodeIgniter->runController(Object(App\Controllers\Apprenant))
#3 C:\wamp64\www\projet_stage\developpement\src\system\CodeIgniter.php(326): CodeIgniter\CodeIgniter->handleRequest(NULL, Object(Config\Cache), false)
#4 C:\wamp64\www\projet_stage\developpement\src\public\index.php(37): CodeIgniter\CodeIgniter->run()
#5 C:\wamp64\www\projet_stage\developpement\src\system\Commands\Server\rewrite.php(43): require_once('C:\\wamp64\\www\\p...')
#6 {main}
CRITICAL - 2022-06-01 10:34:56 --> There is no data to insert.
#0 C:\wamp64\www\projet_stage\developpement\src\system\BaseModel.php(718): CodeIgniter\Database\Exceptions\DataException::forEmptyDataset('insert')
#1 C:\wamp64\www\projet_stage\developpement\src\system\Model.php(625): CodeIgniter\BaseModel->insert(Array, false)
#2 C:\wamp64\www\projet_stage\developpement\src\system\BaseModel.php(658): CodeIgniter\Model->insert(Array, false)
#3 C:\wamp64\www\projet_stage\developpement\src\app\Controllers\Apprenant.php(45): CodeIgniter\BaseModel->save(Array)
#4 C:\wamp64\www\projet_stage\developpement\src\system\CodeIgniter.php(832): App\Controllers\Apprenant->ajouter()
#5 C:\wamp64\www\projet_stage\developpement\src\system\CodeIgniter.php(419): CodeIgniter\CodeIgniter->runController(Object(App\Controllers\Apprenant))
#6 C:\wamp64\www\projet_stage\developpement\src\system\CodeIgniter.php(326): CodeIgniter\CodeIgniter->handleRequest(NULL, Object(Config\Cache), false)
#7 C:\wamp64\www\projet_stage\developpement\src\public\index.php(37): CodeIgniter\CodeIgniter->run()
#8 C:\wamp64\www\projet_stage\developpement\src\system\Commands\Server\rewrite.php(43): require_once('C:\\wamp64\\www\\p...')
#9 {main}
CRITICAL - 2022-06-01 10:34:57 --> There is no data to insert.
#0 C:\wamp64\www\projet_stage\developpement\src\system\BaseModel.php(718): CodeIgniter\Database\Exceptions\DataException::forEmptyDataset('insert')
#1 C:\wamp64\www\projet_stage\developpement\src\system\Model.php(625): CodeIgniter\BaseModel->insert(Array, false)
#2 C:\wamp64\www\projet_stage\developpement\src\system\BaseModel.php(658): CodeIgniter\Model->insert(Array, false)
#3 C:\wamp64\www\projet_stage\developpement\src\app\Controllers\Apprenant.php(45): CodeIgniter\BaseModel->save(Array)
#4 C:\wamp64\www\projet_stage\developpement\src\system\CodeIgniter.php(832): App\Controllers\Apprenant->ajouter()
#5 C:\wamp64\www\projet_stage\developpement\src\system\CodeIgniter.php(419): CodeIgniter\CodeIgniter->runController(Object(App\Controllers\Apprenant))
#6 C:\wamp64\www\projet_stage\developpement\src\system\CodeIgniter.php(326): CodeIgniter\CodeIgniter->handleRequest(NULL, Object(Config\Cache), false)
#7 C:\wamp64\www\projet_stage\developpement\src\public\index.php(37): CodeIgniter\CodeIgniter->run()
#8 C:\wamp64\www\projet_stage\developpement\src\system\Commands\Server\rewrite.php(43): require_once('C:\\wamp64\\www\\p...')
#9 {main}
CRITICAL - 2022-06-01 17:15:35 --> There is no data to insert.
#0 C:\wamp64\www\projet_stage\developpement\src\system\BaseModel.php(718): CodeIgniter\Database\Exceptions\DataException::forEmptyDataset('insert')
#1 C:\wamp64\www\projet_stage\developpement\src\system\Model.php(625): CodeIgniter\BaseModel->insert(Array, false)
#2 C:\wamp64\www\projet_stage\developpement\src\system\BaseModel.php(658): CodeIgniter\Model->insert(Array, false)
#3 C:\wamp64\www\projet_stage\developpement\src\app\Controllers\Apprenant.php(41): CodeIgniter\BaseModel->save(Array)
#4 C:\wamp64\www\projet_stage\developpement\src\system\CodeIgniter.php(832): App\Controllers\Apprenant->ajouter()
#5 C:\wamp64\www\projet_stage\developpement\src\system\CodeIgniter.php(419): CodeIgniter\CodeIgniter->runController(Object(App\Controllers\Apprenant))
#6 C:\wamp64\www\projet_stage\developpement\src\system\CodeIgniter.php(326): CodeIgniter\CodeIgniter->handleRequest(NULL, Object(Config\Cache), false)
#7 C:\wamp64\www\projet_stage\developpement\src\public\index.php(37): CodeIgniter\CodeIgniter->run()
#8 C:\wamp64\www\projet_stage\developpement\src\system\Commands\Server\rewrite.php(43): require_once('C:\\wamp64\\www\\p...')
#9 {main}
