ERROR - 2022-08-19 12:03:21 --> Erreur de syntaxe près de 'CAL get_visiteurs_apprenants()' à la ligne 1
CRITICAL - 2022-08-19 12:03:21 --> Erreur de syntaxe près de 'CAL get_visiteurs_apprenants()' à la ligne 1
#0 C:\wamp64\www\projet_stage\developpement\src\system\Database\MySQLi\Connection.php(292): mysqli->query('CAL get_visiteu...', 0)
#1 C:\wamp64\www\projet_stage\developpement\src\system\Database\BaseConnection.php(670): CodeIgniter\Database\MySQLi\Connection->execute('CAL get_visiteu...')
#2 C:\wamp64\www\projet_stage\developpement\src\system\Database\BaseConnection.php(598): CodeIgniter\Database\BaseConnection->simpleQuery('CAL get_visiteu...')
#3 C:\wamp64\www\projet_stage\developpement\src\app\Models\apprenantModel.php(56): CodeIgniter\Database\BaseConnection->query('CAL get_visiteu...')
#4 C:\wamp64\www\projet_stage\developpement\src\app\Controllers\Apprenant.php(14): App\Models\apprenantModel->get_apprenants()
#5 C:\wamp64\www\projet_stage\developpement\src\system\CodeIgniter.php(832): App\Controllers\Apprenant->index()
#6 C:\wamp64\www\projet_stage\developpement\src\system\CodeIgniter.php(419): CodeIgniter\CodeIgniter->runController(Object(App\Controllers\Apprenant))
#7 C:\wamp64\www\projet_stage\developpement\src\system\CodeIgniter.php(326): CodeIgniter\CodeIgniter->handleRequest(NULL, Object(Config\Cache), false)
#8 C:\wamp64\www\projet_stage\developpement\src\public\index.php(37): CodeIgniter\CodeIgniter->run()
#9 C:\wamp64\www\projet_stage\developpement\src\system\Commands\Server\rewrite.php(43): require_once('C:\\wamp64\\www\\p...')
#10 {main}
CRITICAL - 2022-08-19 12:03:39 --> Array to string conversion
#0 C:\wamp64\www\projet_stage\developpement\src\app\Views\liste_apprenant.php(44): CodeIgniter\Debug\Exceptions->errorHandler(8, 'Array to string...', 'C:\\wamp64\\www\\p...', 44, Array)
#1 C:\wamp64\www\projet_stage\developpement\src\system\View\View.php(210): include('C:\\wamp64\\www\\p...')
#2 C:\wamp64\www\projet_stage\developpement\src\system\View\View.php(213): CodeIgniter\View\View->CodeIgniter\View\{closure}()
#3 C:\wamp64\www\projet_stage\developpement\src\system\Common.php(1089): CodeIgniter\View\View->render('liste_apprenant', Array, true)
#4 C:\wamp64\www\projet_stage\developpement\src\app\Controllers\Apprenant.php(28): view('liste_apprenant', Array)
#5 C:\wamp64\www\projet_stage\developpement\src\system\CodeIgniter.php(832): App\Controllers\Apprenant->index()
#6 C:\wamp64\www\projet_stage\developpement\src\system\CodeIgniter.php(419): CodeIgniter\CodeIgniter->runController(Object(App\Controllers\Apprenant))
#7 C:\wamp64\www\projet_stage\developpement\src\system\CodeIgniter.php(326): CodeIgniter\CodeIgniter->handleRequest(NULL, Object(Config\Cache), false)
#8 C:\wamp64\www\projet_stage\developpement\src\public\index.php(37): CodeIgniter\CodeIgniter->run()
#9 C:\wamp64\www\projet_stage\developpement\src\system\Commands\Server\rewrite.php(43): require_once('C:\\wamp64\\www\\p...')
#10 {main}
CRITICAL - 2022-08-19 12:08:21 --> Undefined index: date
#0 C:\wamp64\www\projet_stage\developpement\src\app\Views\liste_entreeArgent.php(43): CodeIgniter\Debug\Exceptions->errorHandler(8, 'Undefined index...', 'C:\\wamp64\\www\\p...', 43, Array)
#1 C:\wamp64\www\projet_stage\developpement\src\system\View\View.php(210): include('C:\\wamp64\\www\\p...')
#2 C:\wamp64\www\projet_stage\developpement\src\system\View\View.php(213): CodeIgniter\View\View->CodeIgniter\View\{closure}()
#3 C:\wamp64\www\projet_stage\developpement\src\system\Common.php(1089): CodeIgniter\View\View->render('liste_entreeArg...', Array, true)
#4 C:\wamp64\www\projet_stage\developpement\src\app\Controllers\Apprenant.php(89): view('liste_entreeArg...', Array)
#5 C:\wamp64\www\projet_stage\developpement\src\system\CodeIgniter.php(832): App\Controllers\Apprenant->recherche()
#6 C:\wamp64\www\projet_stage\developpement\src\system\CodeIgniter.php(419): CodeIgniter\CodeIgniter->runController(Object(App\Controllers\Apprenant))
#7 C:\wamp64\www\projet_stage\developpement\src\system\CodeIgniter.php(326): CodeIgniter\CodeIgniter->handleRequest(NULL, Object(Config\Cache), false)
#8 C:\wamp64\www\projet_stage\developpement\src\public\index.php(37): CodeIgniter\CodeIgniter->run()
#9 C:\wamp64\www\projet_stage\developpement\src\system\Commands\Server\rewrite.php(43): require_once('C:\\wamp64\\www\\p...')
#10 {main}
CRITICAL - 2022-08-19 12:08:51 --> Undefined variable: tab_visiteurs
#0 C:\wamp64\www\projet_stage\developpement\src\app\Views\liste_apprenant.php(7): CodeIgniter\Debug\Exceptions->errorHandler(8, 'Undefined varia...', 'C:\\wamp64\\www\\p...', 7, Array)
#1 C:\wamp64\www\projet_stage\developpement\src\system\View\View.php(210): include('C:\\wamp64\\www\\p...')
#2 C:\wamp64\www\projet_stage\developpement\src\system\View\View.php(213): CodeIgniter\View\View->CodeIgniter\View\{closure}()
#3 C:\wamp64\www\projet_stage\developpement\src\system\Common.php(1089): CodeIgniter\View\View->render('liste_apprenant', Array, true)
#4 C:\wamp64\www\projet_stage\developpement\src\app\Controllers\Apprenant.php(89): view('liste_apprenant', Array)
#5 C:\wamp64\www\projet_stage\developpement\src\system\CodeIgniter.php(832): App\Controllers\Apprenant->recherche()
#6 C:\wamp64\www\projet_stage\developpement\src\system\CodeIgniter.php(419): CodeIgniter\CodeIgniter->runController(Object(App\Controllers\Apprenant))
#7 C:\wamp64\www\projet_stage\developpement\src\system\CodeIgniter.php(326): CodeIgniter\CodeIgniter->handleRequest(NULL, Object(Config\Cache), false)
#8 C:\wamp64\www\projet_stage\developpement\src\public\index.php(37): CodeIgniter\CodeIgniter->run()
#9 C:\wamp64\www\projet_stage\developpement\src\system\Commands\Server\rewrite.php(43): require_once('C:\\wamp64\\www\\p...')
#10 {main}
CRITICAL - 2022-08-19 13:05:03 --> array_multisort(): Array sizes are inconsistent
#0 [internal function]: CodeIgniter\Debug\Exceptions->errorHandler(2, 'array_multisort...', 'C:\\wamp64\\www\\p...', 190, Array)
#1 C:\wamp64\www\projet_stage\developpement\src\system\Helpers\array_helper.php(190): array_multisort(Array, 3, Array)
#2 C:\wamp64\www\projet_stage\developpement\src\app\Controllers\Abonne.php(26): array_sort_by_multiple_keys(Array, Array)
#3 C:\wamp64\www\projet_stage\developpement\src\system\CodeIgniter.php(832): App\Controllers\Abonne->index()
#4 C:\wamp64\www\projet_stage\developpement\src\system\CodeIgniter.php(419): CodeIgniter\CodeIgniter->runController(Object(App\Controllers\Abonne))
#5 C:\wamp64\www\projet_stage\developpement\src\system\CodeIgniter.php(326): CodeIgniter\CodeIgniter->handleRequest(NULL, Object(Config\Cache), false)
#6 C:\wamp64\www\projet_stage\developpement\src\public\index.php(37): CodeIgniter\CodeIgniter->run()
#7 C:\wamp64\www\projet_stage\developpement\src\system\Commands\Server\rewrite.php(43): require_once('C:\\wamp64\\www\\p...')
#8 {main}
CRITICAL - 2022-08-19 13:07:04 --> array_multisort(): Array sizes are inconsistent
#0 [internal function]: CodeIgniter\Debug\Exceptions->errorHandler(2, 'array_multisort...', 'C:\\wamp64\\www\\p...', 190, Array)
#1 C:\wamp64\www\projet_stage\developpement\src\system\Helpers\array_helper.php(190): array_multisort(Array, 3, Array)
#2 C:\wamp64\www\projet_stage\developpement\src\app\Controllers\Abonne.php(26): array_sort_by_multiple_keys(Array, Array)
#3 C:\wamp64\www\projet_stage\developpement\src\system\CodeIgniter.php(832): App\Controllers\Abonne->index()
#4 C:\wamp64\www\projet_stage\developpement\src\system\CodeIgniter.php(419): CodeIgniter\CodeIgniter->runController(Object(App\Controllers\Abonne))
#5 C:\wamp64\www\projet_stage\developpement\src\system\CodeIgniter.php(326): CodeIgniter\CodeIgniter->handleRequest(NULL, Object(Config\Cache), false)
#6 C:\wamp64\www\projet_stage\developpement\src\public\index.php(37): CodeIgniter\CodeIgniter->run()
#7 C:\wamp64\www\projet_stage\developpement\src\system\Commands\Server\rewrite.php(43): require_once('C:\\wamp64\\www\\p...')
#8 {main}
CRITICAL - 2022-08-19 13:08:55 --> array_multisort(): Array sizes are inconsistent
#0 [internal function]: CodeIgniter\Debug\Exceptions->errorHandler(2, 'array_multisort...', 'C:\\wamp64\\www\\p...', 190, Array)
#1 C:\wamp64\www\projet_stage\developpement\src\system\Helpers\array_helper.php(190): array_multisort(Array, 3, Array)
#2 C:\wamp64\www\projet_stage\developpement\src\app\Controllers\Abonne.php(26): array_sort_by_multiple_keys(Array, Array)
#3 C:\wamp64\www\projet_stage\developpement\src\system\CodeIgniter.php(832): App\Controllers\Abonne->index()
#4 C:\wamp64\www\projet_stage\developpement\src\system\CodeIgniter.php(419): CodeIgniter\CodeIgniter->runController(Object(App\Controllers\Abonne))
#5 C:\wamp64\www\projet_stage\developpement\src\system\CodeIgniter.php(326): CodeIgniter\CodeIgniter->handleRequest(NULL, Object(Config\Cache), false)
#6 C:\wamp64\www\projet_stage\developpement\src\public\index.php(37): CodeIgniter\CodeIgniter->run()
#7 C:\wamp64\www\projet_stage\developpement\src\system\Commands\Server\rewrite.php(43): require_once('C:\\wamp64\\www\\p...')
#8 {main}
CRITICAL - 2022-08-19 13:11:54 --> array_multisort(): Array sizes are inconsistent
#0 [internal function]: CodeIgniter\Debug\Exceptions->errorHandler(2, 'array_multisort...', 'C:\\wamp64\\www\\p...', 190, Array)
#1 C:\wamp64\www\projet_stage\developpement\src\system\Helpers\array_helper.php(190): array_multisort(Array, 3, Array)
#2 C:\wamp64\www\projet_stage\developpement\src\app\Controllers\Abonne.php(26): array_sort_by_multiple_keys(Array, Array)
#3 C:\wamp64\www\projet_stage\developpement\src\system\CodeIgniter.php(832): App\Controllers\Abonne->index()
#4 C:\wamp64\www\projet_stage\developpement\src\system\CodeIgniter.php(419): CodeIgniter\CodeIgniter->runController(Object(App\Controllers\Abonne))
#5 C:\wamp64\www\projet_stage\developpement\src\system\CodeIgniter.php(326): CodeIgniter\CodeIgniter->handleRequest(NULL, Object(Config\Cache), false)
#6 C:\wamp64\www\projet_stage\developpement\src\public\index.php(37): CodeIgniter\CodeIgniter->run()
#7 C:\wamp64\www\projet_stage\developpement\src\system\Commands\Server\rewrite.php(43): require_once('C:\\wamp64\\www\\p...')
#8 {main}
ERROR - 2022-08-19 13:13:56 --> Champ 'matricule' inconnu dans where clause
CRITICAL - 2022-08-19 13:13:56 --> Champ 'matricule' inconnu dans where clause
#0 C:\wamp64\www\projet_stage\developpement\src\system\Database\MySQLi\Connection.php(292): mysqli->query('SELECT * FROM v...', 0)
#1 C:\wamp64\www\projet_stage\developpement\src\system\Database\BaseConnection.php(670): CodeIgniter\Database\MySQLi\Connection->execute('SELECT * FROM v...')
#2 C:\wamp64\www\projet_stage\developpement\src\system\Database\BaseConnection.php(598): CodeIgniter\Database\BaseConnection->simpleQuery('SELECT * FROM v...')
#3 C:\wamp64\www\projet_stage\developpement\src\app\Models\abonneModel.php(80): CodeIgniter\Database\BaseConnection->query('SELECT * FROM v...')
#4 C:\wamp64\www\projet_stage\developpement\src\app\Controllers\Abonne.php(118): App\Models\abonneModel->recherche('tuyi')
#5 C:\wamp64\www\projet_stage\developpement\src\system\CodeIgniter.php(832): App\Controllers\Abonne->recherche()
#6 C:\wamp64\www\projet_stage\developpement\src\system\CodeIgniter.php(419): CodeIgniter\CodeIgniter->runController(Object(App\Controllers\Abonne))
#7 C:\wamp64\www\projet_stage\developpement\src\system\CodeIgniter.php(326): CodeIgniter\CodeIgniter->handleRequest(NULL, Object(Config\Cache), false)
#8 C:\wamp64\www\projet_stage\developpement\src\public\index.php(37): CodeIgniter\CodeIgniter->run()
#9 C:\wamp64\www\projet_stage\developpement\src\system\Commands\Server\rewrite.php(43): require_once('C:\\wamp64\\www\\p...')
#10 {main}
ERROR - 2022-08-19 13:14:27 --> Champ 'matricule' inconnu dans where clause
CRITICAL - 2022-08-19 13:14:27 --> Champ 'matricule' inconnu dans where clause
#0 C:\wamp64\www\projet_stage\developpement\src\system\Database\MySQLi\Connection.php(292): mysqli->query('SELECT * FROM v...', 0)
#1 C:\wamp64\www\projet_stage\developpement\src\system\Database\BaseConnection.php(670): CodeIgniter\Database\MySQLi\Connection->execute('SELECT * FROM v...')
#2 C:\wamp64\www\projet_stage\developpement\src\system\Database\BaseConnection.php(598): CodeIgniter\Database\BaseConnection->simpleQuery('SELECT * FROM v...')
#3 C:\wamp64\www\projet_stage\developpement\src\app\Models\abonneModel.php(80): CodeIgniter\Database\BaseConnection->query('SELECT * FROM v...')
#4 C:\wamp64\www\projet_stage\developpement\src\app\Controllers\Abonne.php(118): App\Models\abonneModel->recherche('tuyi')
#5 C:\wamp64\www\projet_stage\developpement\src\system\CodeIgniter.php(832): App\Controllers\Abonne->recherche()
#6 C:\wamp64\www\projet_stage\developpement\src\system\CodeIgniter.php(419): CodeIgniter\CodeIgniter->runController(Object(App\Controllers\Abonne))
#7 C:\wamp64\www\projet_stage\developpement\src\system\CodeIgniter.php(326): CodeIgniter\CodeIgniter->handleRequest(NULL, Object(Config\Cache), false)
#8 C:\wamp64\www\projet_stage\developpement\src\public\index.php(37): CodeIgniter\CodeIgniter->run()
#9 C:\wamp64\www\projet_stage\developpement\src\system\Commands\Server\rewrite.php(43): require_once('C:\\wamp64\\www\\p...')
#10 {main}
