CRITICAL - 2022-06-02 03:18:30 --> There is no data to insert.
#0 C:\wamp64\www\projet_stage\developpement\src\system\BaseModel.php(718): CodeIgniter\Database\Exceptions\DataException::forEmptyDataset('insert')
#1 C:\wamp64\www\projet_stage\developpement\src\system\Model.php(625): CodeIgniter\BaseModel->insert(Array, false)
#2 C:\wamp64\www\projet_stage\developpement\src\system\BaseModel.php(658): CodeIgniter\Model->insert(Array, false)
#3 C:\wamp64\www\projet_stage\developpement\src\app\Controllers\Apprenant.php(41): CodeIgniter\BaseModel->save(Array)
#4 C:\wamp64\www\projet_stage\developpement\src\system\CodeIgniter.php(832): App\Controllers\Apprenant->ajouter()
#5 C:\wamp64\www\projet_stage\developpement\src\system\CodeIgniter.php(419): CodeIgniter\CodeIgniter->runController(Object(App\Controllers\Apprenant))
#6 C:\wamp64\www\projet_stage\developpement\src\system\CodeIgniter.php(326): CodeIgniter\CodeIgniter->handleRequest(NULL, Object(Config\Cache), false)
#7 C:\wamp64\www\projet_stage\developpement\src\public\index.php(37): CodeIgniter\CodeIgniter->run()
#8 C:\wamp64\www\projet_stage\developpement\src\system\Commands\Server\rewrite.php(43): require_once('C:\\wamp64\\www\\p...')
#9 {main}
CRITICAL - 2022-06-02 03:28:32 --> There is no data to insert.
#0 C:\wamp64\www\projet_stage\developpement\src\system\BaseModel.php(718): CodeIgniter\Database\Exceptions\DataException::forEmptyDataset('insert')
#1 C:\wamp64\www\projet_stage\developpement\src\system\Model.php(625): CodeIgniter\BaseModel->insert(Array, false)
#2 C:\wamp64\www\projet_stage\developpement\src\system\BaseModel.php(658): CodeIgniter\Model->insert(Array, false)
#3 C:\wamp64\www\projet_stage\developpement\src\app\Controllers\Apprenant.php(41): CodeIgniter\BaseModel->save(Array)
#4 C:\wamp64\www\projet_stage\developpement\src\system\CodeIgniter.php(832): App\Controllers\Apprenant->ajouter()
#5 C:\wamp64\www\projet_stage\developpement\src\system\CodeIgniter.php(419): CodeIgniter\CodeIgniter->runController(Object(App\Controllers\Apprenant))
#6 C:\wamp64\www\projet_stage\developpement\src\system\CodeIgniter.php(326): CodeIgniter\CodeIgniter->handleRequest(NULL, Object(Config\Cache), false)
#7 C:\wamp64\www\projet_stage\developpement\src\public\index.php(37): CodeIgniter\CodeIgniter->run()
#8 C:\wamp64\www\projet_stage\developpement\src\system\Commands\Server\rewrite.php(43): require_once('C:\\wamp64\\www\\p...')
#9 {main}
CRITICAL - 2022-06-02 03:29:18 --> There is no data to insert.
#0 C:\wamp64\www\projet_stage\developpement\src\system\BaseModel.php(718): CodeIgniter\Database\Exceptions\DataException::forEmptyDataset('insert')
#1 C:\wamp64\www\projet_stage\developpement\src\system\Model.php(625): CodeIgniter\BaseModel->insert(Array, false)
#2 C:\wamp64\www\projet_stage\developpement\src\system\BaseModel.php(658): CodeIgniter\Model->insert(Array, false)
#3 C:\wamp64\www\projet_stage\developpement\src\app\Controllers\Apprenant.php(41): CodeIgniter\BaseModel->save(Array)
#4 C:\wamp64\www\projet_stage\developpement\src\system\CodeIgniter.php(832): App\Controllers\Apprenant->ajouter()
#5 C:\wamp64\www\projet_stage\developpement\src\system\CodeIgniter.php(419): CodeIgniter\CodeIgniter->runController(Object(App\Controllers\Apprenant))
#6 C:\wamp64\www\projet_stage\developpement\src\system\CodeIgniter.php(326): CodeIgniter\CodeIgniter->handleRequest(NULL, Object(Config\Cache), false)
#7 C:\wamp64\www\projet_stage\developpement\src\public\index.php(37): CodeIgniter\CodeIgniter->run()
#8 C:\wamp64\www\projet_stage\developpement\src\system\Commands\Server\rewrite.php(43): require_once('C:\\wamp64\\www\\p...')
#9 {main}
CRITICAL - 2022-06-02 03:29:36 --> There is no data to insert.
#0 C:\wamp64\www\projet_stage\developpement\src\system\BaseModel.php(718): CodeIgniter\Database\Exceptions\DataException::forEmptyDataset('insert')
#1 C:\wamp64\www\projet_stage\developpement\src\system\Model.php(625): CodeIgniter\BaseModel->insert(Array, false)
#2 C:\wamp64\www\projet_stage\developpement\src\system\BaseModel.php(658): CodeIgniter\Model->insert(Array, false)
#3 C:\wamp64\www\projet_stage\developpement\src\app\Controllers\Apprenant.php(41): CodeIgniter\BaseModel->save(Array)
#4 C:\wamp64\www\projet_stage\developpement\src\system\CodeIgniter.php(832): App\Controllers\Apprenant->ajouter()
#5 C:\wamp64\www\projet_stage\developpement\src\system\CodeIgniter.php(419): CodeIgniter\CodeIgniter->runController(Object(App\Controllers\Apprenant))
#6 C:\wamp64\www\projet_stage\developpement\src\system\CodeIgniter.php(326): CodeIgniter\CodeIgniter->handleRequest(NULL, Object(Config\Cache), false)
#7 C:\wamp64\www\projet_stage\developpement\src\public\index.php(37): CodeIgniter\CodeIgniter->run()
#8 C:\wamp64\www\projet_stage\developpement\src\system\Commands\Server\rewrite.php(43): require_once('C:\\wamp64\\www\\p...')
#9 {main}
CRITICAL - 2022-06-02 03:30:00 --> There is no data to insert.
#0 C:\wamp64\www\projet_stage\developpement\src\system\BaseModel.php(718): CodeIgniter\Database\Exceptions\DataException::forEmptyDataset('insert')
#1 C:\wamp64\www\projet_stage\developpement\src\system\Model.php(625): CodeIgniter\BaseModel->insert(Array, false)
#2 C:\wamp64\www\projet_stage\developpement\src\system\BaseModel.php(658): CodeIgniter\Model->insert(Array, false)
#3 C:\wamp64\www\projet_stage\developpement\src\app\Controllers\Apprenant.php(42): CodeIgniter\BaseModel->save(Array)
#4 C:\wamp64\www\projet_stage\developpement\src\system\CodeIgniter.php(832): App\Controllers\Apprenant->ajouter()
#5 C:\wamp64\www\projet_stage\developpement\src\system\CodeIgniter.php(419): CodeIgniter\CodeIgniter->runController(Object(App\Controllers\Apprenant))
#6 C:\wamp64\www\projet_stage\developpement\src\system\CodeIgniter.php(326): CodeIgniter\CodeIgniter->handleRequest(NULL, Object(Config\Cache), false)
#7 C:\wamp64\www\projet_stage\developpement\src\public\index.php(37): CodeIgniter\CodeIgniter->run()
#8 C:\wamp64\www\projet_stage\developpement\src\system\Commands\Server\rewrite.php(43): require_once('C:\\wamp64\\www\\p...')
#9 {main}
CRITICAL - 2022-06-02 03:30:55 --> There is no data to insert.
#0 C:\wamp64\www\projet_stage\developpement\src\system\BaseModel.php(718): CodeIgniter\Database\Exceptions\DataException::forEmptyDataset('insert')
#1 C:\wamp64\www\projet_stage\developpement\src\system\Model.php(625): CodeIgniter\BaseModel->insert(Array, false)
#2 C:\wamp64\www\projet_stage\developpement\src\system\BaseModel.php(658): CodeIgniter\Model->insert(Array, false)
#3 C:\wamp64\www\projet_stage\developpement\src\app\Controllers\Apprenant.php(42): CodeIgniter\BaseModel->save(Array)
#4 C:\wamp64\www\projet_stage\developpement\src\system\CodeIgniter.php(832): App\Controllers\Apprenant->ajouter()
#5 C:\wamp64\www\projet_stage\developpement\src\system\CodeIgniter.php(419): CodeIgniter\CodeIgniter->runController(Object(App\Controllers\Apprenant))
#6 C:\wamp64\www\projet_stage\developpement\src\system\CodeIgniter.php(326): CodeIgniter\CodeIgniter->handleRequest(NULL, Object(Config\Cache), false)
#7 C:\wamp64\www\projet_stage\developpement\src\public\index.php(37): CodeIgniter\CodeIgniter->run()
#8 C:\wamp64\www\projet_stage\developpement\src\system\Commands\Server\rewrite.php(43): require_once('C:\\wamp64\\www\\p...')
#9 {main}
CRITICAL - 2022-06-02 03:32:52 --> There is no data to insert.
#0 C:\wamp64\www\projet_stage\developpement\src\system\BaseModel.php(718): CodeIgniter\Database\Exceptions\DataException::forEmptyDataset('insert')
#1 C:\wamp64\www\projet_stage\developpement\src\system\Model.php(625): CodeIgniter\BaseModel->insert(Array, false)
#2 C:\wamp64\www\projet_stage\developpement\src\system\BaseModel.php(658): CodeIgniter\Model->insert(Array, false)
#3 C:\wamp64\www\projet_stage\developpement\src\app\Controllers\Apprenant.php(42): CodeIgniter\BaseModel->save(Array)
#4 C:\wamp64\www\projet_stage\developpement\src\system\CodeIgniter.php(832): App\Controllers\Apprenant->ajouter()
#5 C:\wamp64\www\projet_stage\developpement\src\system\CodeIgniter.php(419): CodeIgniter\CodeIgniter->runController(Object(App\Controllers\Apprenant))
#6 C:\wamp64\www\projet_stage\developpement\src\system\CodeIgniter.php(326): CodeIgniter\CodeIgniter->handleRequest(NULL, Object(Config\Cache), false)
#7 C:\wamp64\www\projet_stage\developpement\src\public\index.php(37): CodeIgniter\CodeIgniter->run()
#8 C:\wamp64\www\projet_stage\developpement\src\system\Commands\Server\rewrite.php(43): require_once('C:\\wamp64\\www\\p...')
#9 {main}
ERROR - 2022-06-02 04:59:55 --> Duplicata du champ '21688564' pour la clef 'visiteur.tel'
CRITICAL - 2022-06-02 08:41:31 --> Class 'App\Models\formationrModel' not found
#0 C:\wamp64\www\projet_stage\developpement\src\system\CodeIgniter.php(832): App\Controllers\Formation->ajouter()
#1 C:\wamp64\www\projet_stage\developpement\src\system\CodeIgniter.php(419): CodeIgniter\CodeIgniter->runController(Object(App\Controllers\Formation))
#2 C:\wamp64\www\projet_stage\developpement\src\system\CodeIgniter.php(326): CodeIgniter\CodeIgniter->handleRequest(NULL, Object(Config\Cache), false)
#3 C:\wamp64\www\projet_stage\developpement\src\public\index.php(37): CodeIgniter\CodeIgniter->run()
#4 C:\wamp64\www\projet_stage\developpement\src\system\Commands\Server\rewrite.php(43): require_once('C:\\wamp64\\www\\p...')
#5 {main}
CRITICAL - 2022-06-02 08:42:16 --> Class 'App\Models\formationrModel' not found
#0 C:\wamp64\www\projet_stage\developpement\src\system\CodeIgniter.php(832): App\Controllers\Formation->ajouter()
#1 C:\wamp64\www\projet_stage\developpement\src\system\CodeIgniter.php(419): CodeIgniter\CodeIgniter->runController(Object(App\Controllers\Formation))
#2 C:\wamp64\www\projet_stage\developpement\src\system\CodeIgniter.php(326): CodeIgniter\CodeIgniter->handleRequest(NULL, Object(Config\Cache), false)
#3 C:\wamp64\www\projet_stage\developpement\src\public\index.php(37): CodeIgniter\CodeIgniter->run()
#4 C:\wamp64\www\projet_stage\developpement\src\system\Commands\Server\rewrite.php(43): require_once('C:\\wamp64\\www\\p...')
#5 {main}
CRITICAL - 2022-06-02 08:42:29 --> Class 'App\Models\formationrModel' not found
#0 C:\wamp64\www\projet_stage\developpement\src\system\CodeIgniter.php(832): App\Controllers\Formation->ajouter()
#1 C:\wamp64\www\projet_stage\developpement\src\system\CodeIgniter.php(419): CodeIgniter\CodeIgniter->runController(Object(App\Controllers\Formation))
#2 C:\wamp64\www\projet_stage\developpement\src\system\CodeIgniter.php(326): CodeIgniter\CodeIgniter->handleRequest(NULL, Object(Config\Cache), false)
#3 C:\wamp64\www\projet_stage\developpement\src\public\index.php(37): CodeIgniter\CodeIgniter->run()
#4 C:\wamp64\www\projet_stage\developpement\src\system\Commands\Server\rewrite.php(43): require_once('C:\\wamp64\\www\\p...')
#5 {main}
CRITICAL - 2022-06-02 08:42:30 --> Class 'App\Models\formationrModel' not found
#0 C:\wamp64\www\projet_stage\developpement\src\system\CodeIgniter.php(832): App\Controllers\Formation->ajouter()
#1 C:\wamp64\www\projet_stage\developpement\src\system\CodeIgniter.php(419): CodeIgniter\CodeIgniter->runController(Object(App\Controllers\Formation))
#2 C:\wamp64\www\projet_stage\developpement\src\system\CodeIgniter.php(326): CodeIgniter\CodeIgniter->handleRequest(NULL, Object(Config\Cache), false)
#3 C:\wamp64\www\projet_stage\developpement\src\public\index.php(37): CodeIgniter\CodeIgniter->run()
#4 C:\wamp64\www\projet_stage\developpement\src\system\Commands\Server\rewrite.php(43): require_once('C:\\wamp64\\www\\p...')
#5 {main}
CRITICAL - 2022-06-02 08:42:30 --> Class 'App\Models\formationrModel' not found
#0 C:\wamp64\www\projet_stage\developpement\src\system\CodeIgniter.php(832): App\Controllers\Formation->ajouter()
#1 C:\wamp64\www\projet_stage\developpement\src\system\CodeIgniter.php(419): CodeIgniter\CodeIgniter->runController(Object(App\Controllers\Formation))
#2 C:\wamp64\www\projet_stage\developpement\src\system\CodeIgniter.php(326): CodeIgniter\CodeIgniter->handleRequest(NULL, Object(Config\Cache), false)
#3 C:\wamp64\www\projet_stage\developpement\src\public\index.php(37): CodeIgniter\CodeIgniter->run()
#4 C:\wamp64\www\projet_stage\developpement\src\system\Commands\Server\rewrite.php(43): require_once('C:\\wamp64\\www\\p...')
#5 {main}
CRITICAL - 2022-06-02 08:42:31 --> Class 'App\Models\formationrModel' not found
#0 C:\wamp64\www\projet_stage\developpement\src\system\CodeIgniter.php(832): App\Controllers\Formation->ajouter()
#1 C:\wamp64\www\projet_stage\developpement\src\system\CodeIgniter.php(419): CodeIgniter\CodeIgniter->runController(Object(App\Controllers\Formation))
#2 C:\wamp64\www\projet_stage\developpement\src\system\CodeIgniter.php(326): CodeIgniter\CodeIgniter->handleRequest(NULL, Object(Config\Cache), false)
#3 C:\wamp64\www\projet_stage\developpement\src\public\index.php(37): CodeIgniter\CodeIgniter->run()
#4 C:\wamp64\www\projet_stage\developpement\src\system\Commands\Server\rewrite.php(43): require_once('C:\\wamp64\\www\\p...')
#5 {main}
CRITICAL - 2022-06-02 08:42:40 --> Class 'App\Models\formationrModel' not found
#0 C:\wamp64\www\projet_stage\developpement\src\system\CodeIgniter.php(832): App\Controllers\Formation->ajouter()
#1 C:\wamp64\www\projet_stage\developpement\src\system\CodeIgniter.php(419): CodeIgniter\CodeIgniter->runController(Object(App\Controllers\Formation))
#2 C:\wamp64\www\projet_stage\developpement\src\system\CodeIgniter.php(326): CodeIgniter\CodeIgniter->handleRequest(NULL, Object(Config\Cache), false)
#3 C:\wamp64\www\projet_stage\developpement\src\public\index.php(37): CodeIgniter\CodeIgniter->run()
#4 C:\wamp64\www\projet_stage\developpement\src\system\Commands\Server\rewrite.php(43): require_once('C:\\wamp64\\www\\p...')
#5 {main}
CRITICAL - 2022-06-02 08:42:40 --> Class 'App\Models\formationrModel' not found
#0 C:\wamp64\www\projet_stage\developpement\src\system\CodeIgniter.php(832): App\Controllers\Formation->ajouter()
#1 C:\wamp64\www\projet_stage\developpement\src\system\CodeIgniter.php(419): CodeIgniter\CodeIgniter->runController(Object(App\Controllers\Formation))
#2 C:\wamp64\www\projet_stage\developpement\src\system\CodeIgniter.php(326): CodeIgniter\CodeIgniter->handleRequest(NULL, Object(Config\Cache), false)
#3 C:\wamp64\www\projet_stage\developpement\src\public\index.php(37): CodeIgniter\CodeIgniter->run()
#4 C:\wamp64\www\projet_stage\developpement\src\system\Commands\Server\rewrite.php(43): require_once('C:\\wamp64\\www\\p...')
#5 {main}
CRITICAL - 2022-06-02 08:42:41 --> Class 'App\Models\formationrModel' not found
#0 C:\wamp64\www\projet_stage\developpement\src\system\CodeIgniter.php(832): App\Controllers\Formation->ajouter()
#1 C:\wamp64\www\projet_stage\developpement\src\system\CodeIgniter.php(419): CodeIgniter\CodeIgniter->runController(Object(App\Controllers\Formation))
#2 C:\wamp64\www\projet_stage\developpement\src\system\CodeIgniter.php(326): CodeIgniter\CodeIgniter->handleRequest(NULL, Object(Config\Cache), false)
#3 C:\wamp64\www\projet_stage\developpement\src\public\index.php(37): CodeIgniter\CodeIgniter->run()
#4 C:\wamp64\www\projet_stage\developpement\src\system\Commands\Server\rewrite.php(43): require_once('C:\\wamp64\\www\\p...')
#5 {main}
CRITICAL - 2022-06-02 08:42:41 --> Class 'App\Models\formationrModel' not found
#0 C:\wamp64\www\projet_stage\developpement\src\system\CodeIgniter.php(832): App\Controllers\Formation->ajouter()
#1 C:\wamp64\www\projet_stage\developpement\src\system\CodeIgniter.php(419): CodeIgniter\CodeIgniter->runController(Object(App\Controllers\Formation))
#2 C:\wamp64\www\projet_stage\developpement\src\system\CodeIgniter.php(326): CodeIgniter\CodeIgniter->handleRequest(NULL, Object(Config\Cache), false)
#3 C:\wamp64\www\projet_stage\developpement\src\public\index.php(37): CodeIgniter\CodeIgniter->run()
#4 C:\wamp64\www\projet_stage\developpement\src\system\Commands\Server\rewrite.php(43): require_once('C:\\wamp64\\www\\p...')
#5 {main}
CRITICAL - 2022-06-02 08:42:41 --> Class 'App\Models\formationrModel' not found
#0 C:\wamp64\www\projet_stage\developpement\src\system\CodeIgniter.php(832): App\Controllers\Formation->ajouter()
#1 C:\wamp64\www\projet_stage\developpement\src\system\CodeIgniter.php(419): CodeIgniter\CodeIgniter->runController(Object(App\Controllers\Formation))
#2 C:\wamp64\www\projet_stage\developpement\src\system\CodeIgniter.php(326): CodeIgniter\CodeIgniter->handleRequest(NULL, Object(Config\Cache), false)
#3 C:\wamp64\www\projet_stage\developpement\src\public\index.php(37): CodeIgniter\CodeIgniter->run()
#4 C:\wamp64\www\projet_stage\developpement\src\system\Commands\Server\rewrite.php(43): require_once('C:\\wamp64\\www\\p...')
#5 {main}
CRITICAL - 2022-06-02 08:42:41 --> Class 'App\Models\formationrModel' not found
#0 C:\wamp64\www\projet_stage\developpement\src\system\CodeIgniter.php(832): App\Controllers\Formation->ajouter()
#1 C:\wamp64\www\projet_stage\developpement\src\system\CodeIgniter.php(419): CodeIgniter\CodeIgniter->runController(Object(App\Controllers\Formation))
#2 C:\wamp64\www\projet_stage\developpement\src\system\CodeIgniter.php(326): CodeIgniter\CodeIgniter->handleRequest(NULL, Object(Config\Cache), false)
#3 C:\wamp64\www\projet_stage\developpement\src\public\index.php(37): CodeIgniter\CodeIgniter->run()
#4 C:\wamp64\www\projet_stage\developpement\src\system\Commands\Server\rewrite.php(43): require_once('C:\\wamp64\\www\\p...')
#5 {main}
CRITICAL - 2022-06-02 08:42:42 --> Class 'App\Models\formationrModel' not found
#0 C:\wamp64\www\projet_stage\developpement\src\system\CodeIgniter.php(832): App\Controllers\Formation->ajouter()
#1 C:\wamp64\www\projet_stage\developpement\src\system\CodeIgniter.php(419): CodeIgniter\CodeIgniter->runController(Object(App\Controllers\Formation))
#2 C:\wamp64\www\projet_stage\developpement\src\system\CodeIgniter.php(326): CodeIgniter\CodeIgniter->handleRequest(NULL, Object(Config\Cache), false)
#3 C:\wamp64\www\projet_stage\developpement\src\public\index.php(37): CodeIgniter\CodeIgniter->run()
#4 C:\wamp64\www\projet_stage\developpement\src\system\Commands\Server\rewrite.php(43): require_once('C:\\wamp64\\www\\p...')
#5 {main}
CRITICAL - 2022-06-02 08:42:42 --> Class 'App\Models\formationrModel' not found
#0 C:\wamp64\www\projet_stage\developpement\src\system\CodeIgniter.php(832): App\Controllers\Formation->ajouter()
#1 C:\wamp64\www\projet_stage\developpement\src\system\CodeIgniter.php(419): CodeIgniter\CodeIgniter->runController(Object(App\Controllers\Formation))
#2 C:\wamp64\www\projet_stage\developpement\src\system\CodeIgniter.php(326): CodeIgniter\CodeIgniter->handleRequest(NULL, Object(Config\Cache), false)
#3 C:\wamp64\www\projet_stage\developpement\src\public\index.php(37): CodeIgniter\CodeIgniter->run()
#4 C:\wamp64\www\projet_stage\developpement\src\system\Commands\Server\rewrite.php(43): require_once('C:\\wamp64\\www\\p...')
#5 {main}
CRITICAL - 2022-06-02 08:42:42 --> Class 'App\Models\formationrModel' not found
#0 C:\wamp64\www\projet_stage\developpement\src\system\CodeIgniter.php(832): App\Controllers\Formation->ajouter()
#1 C:\wamp64\www\projet_stage\developpement\src\system\CodeIgniter.php(419): CodeIgniter\CodeIgniter->runController(Object(App\Controllers\Formation))
#2 C:\wamp64\www\projet_stage\developpement\src\system\CodeIgniter.php(326): CodeIgniter\CodeIgniter->handleRequest(NULL, Object(Config\Cache), false)
#3 C:\wamp64\www\projet_stage\developpement\src\public\index.php(37): CodeIgniter\CodeIgniter->run()
#4 C:\wamp64\www\projet_stage\developpement\src\system\Commands\Server\rewrite.php(43): require_once('C:\\wamp64\\www\\p...')
#5 {main}
CRITICAL - 2022-06-02 08:42:42 --> Class 'App\Models\formationrModel' not found
#0 C:\wamp64\www\projet_stage\developpement\src\system\CodeIgniter.php(832): App\Controllers\Formation->ajouter()
#1 C:\wamp64\www\projet_stage\developpement\src\system\CodeIgniter.php(419): CodeIgniter\CodeIgniter->runController(Object(App\Controllers\Formation))
#2 C:\wamp64\www\projet_stage\developpement\src\system\CodeIgniter.php(326): CodeIgniter\CodeIgniter->handleRequest(NULL, Object(Config\Cache), false)
#3 C:\wamp64\www\projet_stage\developpement\src\public\index.php(37): CodeIgniter\CodeIgniter->run()
#4 C:\wamp64\www\projet_stage\developpement\src\system\Commands\Server\rewrite.php(43): require_once('C:\\wamp64\\www\\p...')
#5 {main}
CRITICAL - 2022-06-02 08:42:50 --> Class 'App\Controllers\formationModel' not found
#0 C:\wamp64\www\projet_stage\developpement\src\system\CodeIgniter.php(832): App\Controllers\Formation->ajouter()
#1 C:\wamp64\www\projet_stage\developpement\src\system\CodeIgniter.php(419): CodeIgniter\CodeIgniter->runController(Object(App\Controllers\Formation))
#2 C:\wamp64\www\projet_stage\developpement\src\system\CodeIgniter.php(326): CodeIgniter\CodeIgniter->handleRequest(NULL, Object(Config\Cache), false)
#3 C:\wamp64\www\projet_stage\developpement\src\public\index.php(37): CodeIgniter\CodeIgniter->run()
#4 C:\wamp64\www\projet_stage\developpement\src\system\Commands\Server\rewrite.php(43): require_once('C:\\wamp64\\www\\p...')
#5 {main}
CRITICAL - 2022-06-02 08:42:50 --> Class 'App\Controllers\formationModel' not found
#0 C:\wamp64\www\projet_stage\developpement\src\system\CodeIgniter.php(832): App\Controllers\Formation->ajouter()
#1 C:\wamp64\www\projet_stage\developpement\src\system\CodeIgniter.php(419): CodeIgniter\CodeIgniter->runController(Object(App\Controllers\Formation))
#2 C:\wamp64\www\projet_stage\developpement\src\system\CodeIgniter.php(326): CodeIgniter\CodeIgniter->handleRequest(NULL, Object(Config\Cache), false)
#3 C:\wamp64\www\projet_stage\developpement\src\public\index.php(37): CodeIgniter\CodeIgniter->run()
#4 C:\wamp64\www\projet_stage\developpement\src\system\Commands\Server\rewrite.php(43): require_once('C:\\wamp64\\www\\p...')
#5 {main}
CRITICAL - 2022-06-02 08:42:51 --> Class 'App\Controllers\formationModel' not found
#0 C:\wamp64\www\projet_stage\developpement\src\system\CodeIgniter.php(832): App\Controllers\Formation->ajouter()
#1 C:\wamp64\www\projet_stage\developpement\src\system\CodeIgniter.php(419): CodeIgniter\CodeIgniter->runController(Object(App\Controllers\Formation))
#2 C:\wamp64\www\projet_stage\developpement\src\system\CodeIgniter.php(326): CodeIgniter\CodeIgniter->handleRequest(NULL, Object(Config\Cache), false)
#3 C:\wamp64\www\projet_stage\developpement\src\public\index.php(37): CodeIgniter\CodeIgniter->run()
#4 C:\wamp64\www\projet_stage\developpement\src\system\Commands\Server\rewrite.php(43): require_once('C:\\wamp64\\www\\p...')
#5 {main}
CRITICAL - 2022-06-02 08:42:51 --> Class 'App\Controllers\formationModel' not found
#0 C:\wamp64\www\projet_stage\developpement\src\system\CodeIgniter.php(832): App\Controllers\Formation->ajouter()
#1 C:\wamp64\www\projet_stage\developpement\src\system\CodeIgniter.php(419): CodeIgniter\CodeIgniter->runController(Object(App\Controllers\Formation))
#2 C:\wamp64\www\projet_stage\developpement\src\system\CodeIgniter.php(326): CodeIgniter\CodeIgniter->handleRequest(NULL, Object(Config\Cache), false)
#3 C:\wamp64\www\projet_stage\developpement\src\public\index.php(37): CodeIgniter\CodeIgniter->run()
#4 C:\wamp64\www\projet_stage\developpement\src\system\Commands\Server\rewrite.php(43): require_once('C:\\wamp64\\www\\p...')
#5 {main}
CRITICAL - 2022-06-02 08:42:52 --> Class 'App\Controllers\formationModel' not found
#0 C:\wamp64\www\projet_stage\developpement\src\system\CodeIgniter.php(832): App\Controllers\Formation->ajouter()
#1 C:\wamp64\www\projet_stage\developpement\src\system\CodeIgniter.php(419): CodeIgniter\CodeIgniter->runController(Object(App\Controllers\Formation))
#2 C:\wamp64\www\projet_stage\developpement\src\system\CodeIgniter.php(326): CodeIgniter\CodeIgniter->handleRequest(NULL, Object(Config\Cache), false)
#3 C:\wamp64\www\projet_stage\developpement\src\public\index.php(37): CodeIgniter\CodeIgniter->run()
#4 C:\wamp64\www\projet_stage\developpement\src\system\Commands\Server\rewrite.php(43): require_once('C:\\wamp64\\www\\p...')
#5 {main}
