ERROR - 2022-05-29 23:42:52 --> Error connecting to the database: Aucune connexion n’a pu être établie car l’ordinateur cible l’a expressément refusée.

CRITICAL - 2022-05-29 23:42:52 --> Unable to connect to the database.
Main connection [MySQLi]: Aucune connexion n’a pu être établie car l’ordinateur cible l’a expressément refusée.

#0 C:\wamp64\www\projet_stage\developpement\src\system\Database\BaseConnection.php(577): CodeIgniter\Database\BaseConnection->initialize()
#1 C:\wamp64\www\projet_stage\developpement\src\system\Database\BaseBuilder.php(1455): CodeIgniter\Database\BaseConnection->query('SELECT *\nFROM `...', Array, false)
#2 C:\wamp64\www\projet_stage\developpement\src\system\Model.php(183): CodeIgniter\Database\BaseBuilder->get()
#3 C:\wamp64\www\projet_stage\developpement\src\system\BaseModel.php(584): CodeIgniter\Model->doFindAll(0, 0)
#4 C:\wamp64\www\projet_stage\developpement\src\app\Controllers\Visite.php(18): CodeIgniter\BaseModel->findAll()
#5 C:\wamp64\www\projet_stage\developpement\src\system\CodeIgniter.php(832): App\Controllers\Visite->index()
#6 C:\wamp64\www\projet_stage\developpement\src\system\CodeIgniter.php(419): CodeIgniter\CodeIgniter->runController(Object(App\Controllers\Visite))
#7 C:\wamp64\www\projet_stage\developpement\src\system\CodeIgniter.php(326): CodeIgniter\CodeIgniter->handleRequest(NULL, Object(Config\Cache), false)
#8 C:\wamp64\www\projet_stage\developpement\src\public\index.php(37): CodeIgniter\CodeIgniter->run()
#9 C:\wamp64\www\projet_stage\developpement\src\system\Commands\Server\rewrite.php(43): require_once('C:\\wamp64\\www\\p...')
#10 {main}
ERROR - 2022-05-29 23:44:12 --> Error connecting to the database: Aucune connexion n’a pu être établie car l’ordinateur cible l’a expressément refusée.

CRITICAL - 2022-05-29 23:44:12 --> Unable to connect to the database.
Main connection [MySQLi]: Aucune connexion n’a pu être établie car l’ordinateur cible l’a expressément refusée.

#0 C:\wamp64\www\projet_stage\developpement\src\system\Database\BaseConnection.php(577): CodeIgniter\Database\BaseConnection->initialize()
#1 C:\wamp64\www\projet_stage\developpement\src\system\Database\BaseBuilder.php(1455): CodeIgniter\Database\BaseConnection->query('SELECT *\nFROM `...', Array, false)
#2 C:\wamp64\www\projet_stage\developpement\src\system\Model.php(183): CodeIgniter\Database\BaseBuilder->get()
#3 C:\wamp64\www\projet_stage\developpement\src\system\BaseModel.php(584): CodeIgniter\Model->doFindAll(0, 0)
#4 C:\wamp64\www\projet_stage\developpement\src\app\Controllers\Visite.php(18): CodeIgniter\BaseModel->findAll()
#5 C:\wamp64\www\projet_stage\developpement\src\system\CodeIgniter.php(832): App\Controllers\Visite->index()
#6 C:\wamp64\www\projet_stage\developpement\src\system\CodeIgniter.php(419): CodeIgniter\CodeIgniter->runController(Object(App\Controllers\Visite))
#7 C:\wamp64\www\projet_stage\developpement\src\system\CodeIgniter.php(326): CodeIgniter\CodeIgniter->handleRequest(NULL, Object(Config\Cache), false)
#8 C:\wamp64\www\projet_stage\developpement\src\public\index.php(37): CodeIgniter\CodeIgniter->run()
#9 C:\wamp64\www\projet_stage\developpement\src\system\Commands\Server\rewrite.php(43): require_once('C:\\wamp64\\www\\p...')
#10 {main}
