CRITICAL - 2022-08-23 05:20:02 --> Call to undefined method App\Models\apprenantModel::get_infos_apprs
#0 C:\wamp64\www\projet_stage\developpement\src\app\Controllers\Inscription.php(18): CodeIgniter\Model->__call('get_infos_apprs', Array)
#1 C:\wamp64\www\projet_stage\developpement\src\system\CodeIgniter.php(832): App\Controllers\Inscription->index()
#2 C:\wamp64\www\projet_stage\developpement\src\system\CodeIgniter.php(419): CodeIgniter\CodeIgniter->runController(Object(App\Controllers\Inscription))
#3 C:\wamp64\www\projet_stage\developpement\src\system\CodeIgniter.php(326): CodeIgniter\CodeIgniter->handleRequest(NULL, Object(Config\Cache), false)
#4 C:\wamp64\www\projet_stage\developpement\src\public\index.php(37): CodeIgniter\CodeIgniter->run()
#5 C:\wamp64\www\projet_stage\developpement\src\system\Commands\Server\rewrite.php(43): require_once('C:\\wamp64\\www\\p...')
#6 {main}
CRITICAL - 2022-08-23 05:22:11 --> Call to undefined method App\Models\apprenantModel::get_infos_apprs
#0 C:\wamp64\www\projet_stage\developpement\src\app\Controllers\Inscription.php(18): CodeIgniter\Model->__call('get_infos_apprs', Array)
#1 C:\wamp64\www\projet_stage\developpement\src\system\CodeIgniter.php(832): App\Controllers\Inscription->index()
#2 C:\wamp64\www\projet_stage\developpement\src\system\CodeIgniter.php(419): CodeIgniter\CodeIgniter->runController(Object(App\Controllers\Inscription))
#3 C:\wamp64\www\projet_stage\developpement\src\system\CodeIgniter.php(326): CodeIgniter\CodeIgniter->handleRequest(NULL, Object(Config\Cache), false)
#4 C:\wamp64\www\projet_stage\developpement\src\public\index.php(37): CodeIgniter\CodeIgniter->run()
#5 C:\wamp64\www\projet_stage\developpement\src\system\Commands\Server\rewrite.php(43): require_once('C:\\wamp64\\www\\p...')
#6 {main}
CRITICAL - 2022-08-23 05:47:04 --> array_multisort(): Array sizes are inconsistent
#0 [internal function]: CodeIgniter\Debug\Exceptions->errorHandler(2, 'array_multisort...', 'C:\\wamp64\\www\\p...', 190, Array)
#1 C:\wamp64\www\projet_stage\developpement\src\system\Helpers\array_helper.php(190): array_multisort(Array, 3, Array, 3, Array)
#2 C:\wamp64\www\projet_stage\developpement\src\app\Controllers\Inscription.php(26): array_sort_by_multiple_keys(Array, Array)
#3 C:\wamp64\www\projet_stage\developpement\src\system\CodeIgniter.php(832): App\Controllers\Inscription->index()
#4 C:\wamp64\www\projet_stage\developpement\src\system\CodeIgniter.php(419): CodeIgniter\CodeIgniter->runController(Object(App\Controllers\Inscription))
#5 C:\wamp64\www\projet_stage\developpement\src\system\CodeIgniter.php(326): CodeIgniter\CodeIgniter->handleRequest(NULL, Object(Config\Cache), false)
#6 C:\wamp64\www\projet_stage\developpement\src\public\index.php(37): CodeIgniter\CodeIgniter->run()
#7 C:\wamp64\www\projet_stage\developpement\src\system\Commands\Server\rewrite.php(43): require_once('C:\\wamp64\\www\\p...')
#8 {main}
CRITICAL - 2022-08-23 05:56:41 --> array_multisort(): Array sizes are inconsistent
#0 [internal function]: CodeIgniter\Debug\Exceptions->errorHandler(2, 'array_multisort...', 'C:\\wamp64\\www\\p...', 190, Array)
#1 C:\wamp64\www\projet_stage\developpement\src\system\Helpers\array_helper.php(190): array_multisort(Array, 3, Array, 3, Array)
#2 C:\wamp64\www\projet_stage\developpement\src\app\Controllers\Inscription.php(26): array_sort_by_multiple_keys(Array, Array)
#3 C:\wamp64\www\projet_stage\developpement\src\system\CodeIgniter.php(832): App\Controllers\Inscription->index()
#4 C:\wamp64\www\projet_stage\developpement\src\system\CodeIgniter.php(419): CodeIgniter\CodeIgniter->runController(Object(App\Controllers\Inscription))
#5 C:\wamp64\www\projet_stage\developpement\src\system\CodeIgniter.php(326): CodeIgniter\CodeIgniter->handleRequest(NULL, Object(Config\Cache), false)
#6 C:\wamp64\www\projet_stage\developpement\src\public\index.php(37): CodeIgniter\CodeIgniter->run()
#7 C:\wamp64\www\projet_stage\developpement\src\system\Commands\Server\rewrite.php(43): require_once('C:\\wamp64\\www\\p...')
#8 {main}
CRITICAL - 2022-08-23 05:56:45 --> array_multisort(): Array sizes are inconsistent
#0 [internal function]: CodeIgniter\Debug\Exceptions->errorHandler(2, 'array_multisort...', 'C:\\wamp64\\www\\p...', 190, Array)
#1 C:\wamp64\www\projet_stage\developpement\src\system\Helpers\array_helper.php(190): array_multisort(Array, 3, Array, 3, Array)
#2 C:\wamp64\www\projet_stage\developpement\src\app\Controllers\Inscription.php(26): array_sort_by_multiple_keys(Array, Array)
#3 C:\wamp64\www\projet_stage\developpement\src\system\CodeIgniter.php(832): App\Controllers\Inscription->index()
#4 C:\wamp64\www\projet_stage\developpement\src\system\CodeIgniter.php(419): CodeIgniter\CodeIgniter->runController(Object(App\Controllers\Inscription))
#5 C:\wamp64\www\projet_stage\developpement\src\system\CodeIgniter.php(326): CodeIgniter\CodeIgniter->handleRequest(NULL, Object(Config\Cache), false)
#6 C:\wamp64\www\projet_stage\developpement\src\public\index.php(37): CodeIgniter\CodeIgniter->run()
#7 C:\wamp64\www\projet_stage\developpement\src\system\Commands\Server\rewrite.php(43): require_once('C:\\wamp64\\www\\p...')
#8 {main}
CRITICAL - 2022-08-23 05:56:49 --> array_multisort(): Array sizes are inconsistent
#0 [internal function]: CodeIgniter\Debug\Exceptions->errorHandler(2, 'array_multisort...', 'C:\\wamp64\\www\\p...', 190, Array)
#1 C:\wamp64\www\projet_stage\developpement\src\system\Helpers\array_helper.php(190): array_multisort(Array, 3, Array, 3, Array)
#2 C:\wamp64\www\projet_stage\developpement\src\app\Controllers\Inscription.php(26): array_sort_by_multiple_keys(Array, Array)
#3 C:\wamp64\www\projet_stage\developpement\src\system\CodeIgniter.php(832): App\Controllers\Inscription->index()
#4 C:\wamp64\www\projet_stage\developpement\src\system\CodeIgniter.php(419): CodeIgniter\CodeIgniter->runController(Object(App\Controllers\Inscription))
#5 C:\wamp64\www\projet_stage\developpement\src\system\CodeIgniter.php(326): CodeIgniter\CodeIgniter->handleRequest(NULL, Object(Config\Cache), false)
#6 C:\wamp64\www\projet_stage\developpement\src\public\index.php(37): CodeIgniter\CodeIgniter->run()
#7 C:\wamp64\www\projet_stage\developpement\src\system\Commands\Server\rewrite.php(43): require_once('C:\\wamp64\\www\\p...')
#8 {main}
ERROR - 2022-08-23 05:58:09 --> Champ 'montant_restant' inconnu dans where clause
CRITICAL - 2022-08-23 05:58:09 --> Champ 'montant_restant' inconnu dans where clause
#0 C:\wamp64\www\projet_stage\developpement\src\system\Database\MySQLi\Connection.php(292): mysqli->query('SELECT * FROM v...', 0)
#1 C:\wamp64\www\projet_stage\developpement\src\system\Database\BaseConnection.php(670): CodeIgniter\Database\MySQLi\Connection->execute('SELECT * FROM v...')
#2 C:\wamp64\www\projet_stage\developpement\src\system\Database\BaseConnection.php(598): CodeIgniter\Database\BaseConnection->simpleQuery('SELECT * FROM v...')
#3 C:\wamp64\www\projet_stage\developpement\src\app\Models\inscriptionModel.php(50): CodeIgniter\Database\BaseConnection->query('SELECT * FROM v...')
#4 C:\wamp64\www\projet_stage\developpement\src\app\Controllers\Inscription.php(83): App\Models\inscriptionModel->recherche('1000')
#5 C:\wamp64\www\projet_stage\developpement\src\system\CodeIgniter.php(832): App\Controllers\Inscription->recherche()
#6 C:\wamp64\www\projet_stage\developpement\src\system\CodeIgniter.php(419): CodeIgniter\CodeIgniter->runController(Object(App\Controllers\Inscription))
#7 C:\wamp64\www\projet_stage\developpement\src\system\CodeIgniter.php(326): CodeIgniter\CodeIgniter->handleRequest(NULL, Object(Config\Cache), false)
#8 C:\wamp64\www\projet_stage\developpement\src\public\index.php(37): CodeIgniter\CodeIgniter->run()
#9 C:\wamp64\www\projet_stage\developpement\src\system\Commands\Server\rewrite.php(43): require_once('C:\\wamp64\\www\\p...')
#10 {main}
ERROR - 2022-08-23 06:01:19 --> Champ 'montant_restant' inconnu dans where clause
CRITICAL - 2022-08-23 06:01:19 --> Champ 'montant_restant' inconnu dans where clause
#0 C:\wamp64\www\projet_stage\developpement\src\system\Database\MySQLi\Connection.php(292): mysqli->query('SELECT * FROM v...', 0)
#1 C:\wamp64\www\projet_stage\developpement\src\system\Database\BaseConnection.php(670): CodeIgniter\Database\MySQLi\Connection->execute('SELECT * FROM v...')
#2 C:\wamp64\www\projet_stage\developpement\src\system\Database\BaseConnection.php(598): CodeIgniter\Database\BaseConnection->simpleQuery('SELECT * FROM v...')
#3 C:\wamp64\www\projet_stage\developpement\src\app\Models\inscriptionModel.php(50): CodeIgniter\Database\BaseConnection->query('SELECT * FROM v...')
#4 C:\wamp64\www\projet_stage\developpement\src\app\Controllers\Inscription.php(85): App\Models\inscriptionModel->recherche('1000')
#5 C:\wamp64\www\projet_stage\developpement\src\system\CodeIgniter.php(832): App\Controllers\Inscription->recherche()
#6 C:\wamp64\www\projet_stage\developpement\src\system\CodeIgniter.php(419): CodeIgniter\CodeIgniter->runController(Object(App\Controllers\Inscription))
#7 C:\wamp64\www\projet_stage\developpement\src\system\CodeIgniter.php(326): CodeIgniter\CodeIgniter->handleRequest(NULL, Object(Config\Cache), false)
#8 C:\wamp64\www\projet_stage\developpement\src\public\index.php(37): CodeIgniter\CodeIgniter->run()
#9 C:\wamp64\www\projet_stage\developpement\src\system\Commands\Server\rewrite.php(43): require_once('C:\\wamp64\\www\\p...')
#10 {main}
ERROR - 2022-08-23 06:01:40 --> Champ 'montant_restant' inconnu dans where clause
CRITICAL - 2022-08-23 06:01:40 --> Champ 'montant_restant' inconnu dans where clause
#0 C:\wamp64\www\projet_stage\developpement\src\system\Database\MySQLi\Connection.php(292): mysqli->query('SELECT * FROM v...', 0)
#1 C:\wamp64\www\projet_stage\developpement\src\system\Database\BaseConnection.php(670): CodeIgniter\Database\MySQLi\Connection->execute('SELECT * FROM v...')
#2 C:\wamp64\www\projet_stage\developpement\src\system\Database\BaseConnection.php(598): CodeIgniter\Database\BaseConnection->simpleQuery('SELECT * FROM v...')
#3 C:\wamp64\www\projet_stage\developpement\src\app\Models\inscriptionModel.php(50): CodeIgniter\Database\BaseConnection->query('SELECT * FROM v...')
#4 C:\wamp64\www\projet_stage\developpement\src\app\Controllers\Inscription.php(85): App\Models\inscriptionModel->recherche('1000')
#5 C:\wamp64\www\projet_stage\developpement\src\system\CodeIgniter.php(832): App\Controllers\Inscription->recherche()
#6 C:\wamp64\www\projet_stage\developpement\src\system\CodeIgniter.php(419): CodeIgniter\CodeIgniter->runController(Object(App\Controllers\Inscription))
#7 C:\wamp64\www\projet_stage\developpement\src\system\CodeIgniter.php(326): CodeIgniter\CodeIgniter->handleRequest(NULL, Object(Config\Cache), false)
#8 C:\wamp64\www\projet_stage\developpement\src\public\index.php(37): CodeIgniter\CodeIgniter->run()
#9 C:\wamp64\www\projet_stage\developpement\src\system\Commands\Server\rewrite.php(43): require_once('C:\\wamp64\\www\\p...')
#10 {main}
ERROR - 2022-08-23 06:01:47 --> Champ 'montant_restant' inconnu dans where clause
CRITICAL - 2022-08-23 06:01:47 --> Champ 'montant_restant' inconnu dans where clause
#0 C:\wamp64\www\projet_stage\developpement\src\system\Database\MySQLi\Connection.php(292): mysqli->query('SELECT * FROM v...', 0)
#1 C:\wamp64\www\projet_stage\developpement\src\system\Database\BaseConnection.php(670): CodeIgniter\Database\MySQLi\Connection->execute('SELECT * FROM v...')
#2 C:\wamp64\www\projet_stage\developpement\src\system\Database\BaseConnection.php(598): CodeIgniter\Database\BaseConnection->simpleQuery('SELECT * FROM v...')
#3 C:\wamp64\www\projet_stage\developpement\src\app\Models\inscriptionModel.php(50): CodeIgniter\Database\BaseConnection->query('SELECT * FROM v...')
#4 C:\wamp64\www\projet_stage\developpement\src\app\Controllers\Inscription.php(85): App\Models\inscriptionModel->recherche('1000')
#5 C:\wamp64\www\projet_stage\developpement\src\system\CodeIgniter.php(832): App\Controllers\Inscription->recherche()
#6 C:\wamp64\www\projet_stage\developpement\src\system\CodeIgniter.php(419): CodeIgniter\CodeIgniter->runController(Object(App\Controllers\Inscription))
#7 C:\wamp64\www\projet_stage\developpement\src\system\CodeIgniter.php(326): CodeIgniter\CodeIgniter->handleRequest(NULL, Object(Config\Cache), false)
#8 C:\wamp64\www\projet_stage\developpement\src\public\index.php(37): CodeIgniter\CodeIgniter->run()
#9 C:\wamp64\www\projet_stage\developpement\src\system\Commands\Server\rewrite.php(43): require_once('C:\\wamp64\\www\\p...')
#10 {main}
ERROR - 2022-08-23 06:06:29 --> BIGINT UNSIGNED value is out of range in '(`seed_reception`.`inscription`.`cout_total` - `seed_reception`.`inscription`.`montant_paye`)'
CRITICAL - 2022-08-23 06:06:29 --> BIGINT UNSIGNED value is out of range in '(`seed_reception`.`inscription`.`cout_total` - `seed_reception`.`inscription`.`montant_paye`)'
#0 C:\wamp64\www\projet_stage\developpement\src\system\Database\MySQLi\Connection.php(292): mysqli->query('SELECT * FROM v...', 0)
#1 C:\wamp64\www\projet_stage\developpement\src\system\Database\BaseConnection.php(670): CodeIgniter\Database\MySQLi\Connection->execute('SELECT * FROM v...')
#2 C:\wamp64\www\projet_stage\developpement\src\system\Database\BaseConnection.php(598): CodeIgniter\Database\BaseConnection->simpleQuery('SELECT * FROM v...')
#3 C:\wamp64\www\projet_stage\developpement\src\app\Models\inscriptionModel.php(50): CodeIgniter\Database\BaseConnection->query('SELECT * FROM v...')
#4 C:\wamp64\www\projet_stage\developpement\src\app\Controllers\Inscription.php(85): App\Models\inscriptionModel->recherche('1000')
#5 C:\wamp64\www\projet_stage\developpement\src\system\CodeIgniter.php(832): App\Controllers\Inscription->recherche()
#6 C:\wamp64\www\projet_stage\developpement\src\system\CodeIgniter.php(419): CodeIgniter\CodeIgniter->runController(Object(App\Controllers\Inscription))
#7 C:\wamp64\www\projet_stage\developpement\src\system\CodeIgniter.php(326): CodeIgniter\CodeIgniter->handleRequest(NULL, Object(Config\Cache), false)
#8 C:\wamp64\www\projet_stage\developpement\src\public\index.php(37): CodeIgniter\CodeIgniter->run()
#9 C:\wamp64\www\projet_stage\developpement\src\system\Commands\Server\rewrite.php(43): require_once('C:\\wamp64\\www\\p...')
#10 {main}
ERROR - 2022-08-23 06:07:31 --> BIGINT UNSIGNED value is out of range in '(`seed_reception`.`inscription`.`cout_total` - `seed_reception`.`inscription`.`montant_paye`)'
CRITICAL - 2022-08-23 06:07:31 --> BIGINT UNSIGNED value is out of range in '(`seed_reception`.`inscription`.`cout_total` - `seed_reception`.`inscription`.`montant_paye`)'
#0 C:\wamp64\www\projet_stage\developpement\src\system\Database\MySQLi\Connection.php(292): mysqli->query('SELECT * FROM v...', 0)
#1 C:\wamp64\www\projet_stage\developpement\src\system\Database\BaseConnection.php(670): CodeIgniter\Database\MySQLi\Connection->execute('SELECT * FROM v...')
#2 C:\wamp64\www\projet_stage\developpement\src\system\Database\BaseConnection.php(598): CodeIgniter\Database\BaseConnection->simpleQuery('SELECT * FROM v...')
#3 C:\wamp64\www\projet_stage\developpement\src\app\Models\inscriptionModel.php(50): CodeIgniter\Database\BaseConnection->query('SELECT * FROM v...')
#4 C:\wamp64\www\projet_stage\developpement\src\app\Controllers\Inscription.php(85): App\Models\inscriptionModel->recherche('1000')
#5 C:\wamp64\www\projet_stage\developpement\src\system\CodeIgniter.php(832): App\Controllers\Inscription->recherche()
#6 C:\wamp64\www\projet_stage\developpement\src\system\CodeIgniter.php(419): CodeIgniter\CodeIgniter->runController(Object(App\Controllers\Inscription))
#7 C:\wamp64\www\projet_stage\developpement\src\system\CodeIgniter.php(326): CodeIgniter\CodeIgniter->handleRequest(NULL, Object(Config\Cache), false)
#8 C:\wamp64\www\projet_stage\developpement\src\public\index.php(37): CodeIgniter\CodeIgniter->run()
#9 C:\wamp64\www\projet_stage\developpement\src\system\Commands\Server\rewrite.php(43): require_once('C:\\wamp64\\www\\p...')
#10 {main}
CRITICAL - 2022-08-23 06:08:44 --> array_multisort(): Array sizes are inconsistent
#0 [internal function]: CodeIgniter\Debug\Exceptions->errorHandler(2, 'array_multisort...', 'C:\\wamp64\\www\\p...', 190, Array)
#1 C:\wamp64\www\projet_stage\developpement\src\system\Helpers\array_helper.php(190): array_multisort(Array, 3, Array)
#2 C:\wamp64\www\projet_stage\developpement\src\app\Controllers\Inscription.php(25): array_sort_by_multiple_keys(Array, Array)
#3 C:\wamp64\www\projet_stage\developpement\src\system\CodeIgniter.php(832): App\Controllers\Inscription->index('nom', 'desc')
#4 C:\wamp64\www\projet_stage\developpement\src\system\CodeIgniter.php(419): CodeIgniter\CodeIgniter->runController(Object(App\Controllers\Inscription))
#5 C:\wamp64\www\projet_stage\developpement\src\system\CodeIgniter.php(326): CodeIgniter\CodeIgniter->handleRequest(NULL, Object(Config\Cache), false)
#6 C:\wamp64\www\projet_stage\developpement\src\public\index.php(37): CodeIgniter\CodeIgniter->run()
#7 C:\wamp64\www\projet_stage\developpement\src\system\Commands\Server\rewrite.php(43): require_once('C:\\wamp64\\www\\p...')
#8 {main}
CRITICAL - 2022-08-23 06:15:26 --> Undefined variable: tab_livre
#0 C:\wamp64\www\projet_stage\developpement\src\app\Views\liste_ouvrage.php(7): CodeIgniter\Debug\Exceptions->errorHandler(8, 'Undefined varia...', 'C:\\wamp64\\www\\p...', 7, Array)
#1 C:\wamp64\www\projet_stage\developpement\src\system\View\View.php(210): include('C:\\wamp64\\www\\p...')
#2 C:\wamp64\www\projet_stage\developpement\src\system\View\View.php(213): CodeIgniter\View\View->CodeIgniter\View\{closure}()
#3 C:\wamp64\www\projet_stage\developpement\src\system\Common.php(1089): CodeIgniter\View\View->render('liste_ouvrage', Array, true)
#4 C:\wamp64\www\projet_stage\developpement\src\app\Controllers\Ouvrage.php(62): view('liste_ouvrage', Array)
#5 C:\wamp64\www\projet_stage\developpement\src\system\CodeIgniter.php(832): App\Controllers\Ouvrage->recherche()
#6 C:\wamp64\www\projet_stage\developpement\src\system\CodeIgniter.php(419): CodeIgniter\CodeIgniter->runController(Object(App\Controllers\Ouvrage))
#7 C:\wamp64\www\projet_stage\developpement\src\system\CodeIgniter.php(326): CodeIgniter\CodeIgniter->handleRequest(NULL, Object(Config\Cache), false)
#8 C:\wamp64\www\projet_stage\developpement\src\public\index.php(37): CodeIgniter\CodeIgniter->run()
#9 C:\wamp64\www\projet_stage\developpement\src\system\Commands\Server\rewrite.php(43): require_once('C:\\wamp64\\www\\p...')
#10 {main}
CRITICAL - 2022-08-23 06:16:57 --> Undefined variable: tab_livre
#0 C:\wamp64\www\projet_stage\developpement\src\app\Views\liste_ouvrage.php(7): CodeIgniter\Debug\Exceptions->errorHandler(8, 'Undefined varia...', 'C:\\wamp64\\www\\p...', 7, Array)
#1 C:\wamp64\www\projet_stage\developpement\src\system\View\View.php(210): include('C:\\wamp64\\www\\p...')
#2 C:\wamp64\www\projet_stage\developpement\src\system\View\View.php(213): CodeIgniter\View\View->CodeIgniter\View\{closure}()
#3 C:\wamp64\www\projet_stage\developpement\src\system\Common.php(1089): CodeIgniter\View\View->render('liste_ouvrage', Array, true)
#4 C:\wamp64\www\projet_stage\developpement\src\app\Controllers\Ouvrage.php(62): view('liste_ouvrage', Array)
#5 C:\wamp64\www\projet_stage\developpement\src\system\CodeIgniter.php(832): App\Controllers\Ouvrage->recherche()
#6 C:\wamp64\www\projet_stage\developpement\src\system\CodeIgniter.php(419): CodeIgniter\CodeIgniter->runController(Object(App\Controllers\Ouvrage))
#7 C:\wamp64\www\projet_stage\developpement\src\system\CodeIgniter.php(326): CodeIgniter\CodeIgniter->handleRequest(NULL, Object(Config\Cache), false)
#8 C:\wamp64\www\projet_stage\developpement\src\public\index.php(37): CodeIgniter\CodeIgniter->run()
#9 C:\wamp64\www\projet_stage\developpement\src\system\Commands\Server\rewrite.php(43): require_once('C:\\wamp64\\www\\p...')
#10 {main}
ERROR - 2022-08-23 06:53:22 --> Erreur de syntaxe près de '%loic% OR prenom like %loic% OR
        titre like %loic% OR date_emprunt like ' à la ligne 2
CRITICAL - 2022-08-23 06:53:22 --> Erreur de syntaxe près de '%loic% OR prenom like %loic% OR
        titre like %loic% OR date_emprunt like ' à la ligne 2
#0 C:\wamp64\www\projet_stage\developpement\src\system\Database\MySQLi\Connection.php(292): mysqli->query('SELECT * FROM v...', 0)
#1 C:\wamp64\www\projet_stage\developpement\src\system\Database\BaseConnection.php(670): CodeIgniter\Database\MySQLi\Connection->execute('SELECT * FROM v...')
#2 C:\wamp64\www\projet_stage\developpement\src\system\Database\BaseConnection.php(598): CodeIgniter\Database\BaseConnection->simpleQuery('SELECT * FROM v...')
#3 C:\wamp64\www\projet_stage\developpement\src\app\Models\empruntModel.php(50): CodeIgniter\Database\BaseConnection->query('SELECT * FROM v...')
#4 C:\wamp64\www\projet_stage\developpement\src\app\Controllers\Emprunt.php(84): App\Models\empruntModel->recherche('loic')
#5 C:\wamp64\www\projet_stage\developpement\src\system\CodeIgniter.php(832): App\Controllers\Emprunt->recherche()
#6 C:\wamp64\www\projet_stage\developpement\src\system\CodeIgniter.php(419): CodeIgniter\CodeIgniter->runController(Object(App\Controllers\Emprunt))
#7 C:\wamp64\www\projet_stage\developpement\src\system\CodeIgniter.php(326): CodeIgniter\CodeIgniter->handleRequest(NULL, Object(Config\Cache), false)
#8 C:\wamp64\www\projet_stage\developpement\src\public\index.php(37): CodeIgniter\CodeIgniter->run()
#9 C:\wamp64\www\projet_stage\developpement\src\system\Commands\Server\rewrite.php(43): require_once('C:\\wamp64\\www\\p...')
#10 {main}
