CRITICAL - 2022-06-23 03:53:26 --> Call to undefined function App\Controllers\array_sort_by_multiple_keys()
#0 C:\wamp64\www\projet_stage\developpement\src\system\CodeIgniter.php(832): App\Controllers\Visite->index()
#1 C:\wamp64\www\projet_stage\developpement\src\system\CodeIgniter.php(419): CodeIgniter\CodeIgniter->runController(Object(App\Controllers\Visite))
#2 C:\wamp64\www\projet_stage\developpement\src\system\CodeIgniter.php(326): CodeIgniter\CodeIgniter->handleRequest(NULL, Object(Config\Cache), false)
#3 C:\wamp64\www\projet_stage\developpement\src\public\index.php(37): CodeIgniter\CodeIgniter->run()
#4 C:\wamp64\www\projet_stage\developpement\src\system\Commands\Server\rewrite.php(43): require_once('C:\\wamp64\\www\\p...')
#5 {main}
CRITICAL - 2022-06-23 03:53:33 --> Call to undefined function App\Controllers\array_sort_by_multiple_keys()
#0 C:\wamp64\www\projet_stage\developpement\src\system\CodeIgniter.php(832): App\Controllers\Visite->index()
#1 C:\wamp64\www\projet_stage\developpement\src\system\CodeIgniter.php(419): CodeIgniter\CodeIgniter->runController(Object(App\Controllers\Visite))
#2 C:\wamp64\www\projet_stage\developpement\src\system\CodeIgniter.php(326): CodeIgniter\CodeIgniter->handleRequest(NULL, Object(Config\Cache), false)
#3 C:\wamp64\www\projet_stage\developpement\src\public\index.php(37): CodeIgniter\CodeIgniter->run()
#4 C:\wamp64\www\projet_stage\developpement\src\system\Commands\Server\rewrite.php(43): require_once('C:\\wamp64\\www\\p...')
#5 {main}
CRITICAL - 2022-06-23 03:55:24 --> Call to undefined function App\Controllers\array_sort_by_multiple_keys()
#0 C:\wamp64\www\projet_stage\developpement\src\system\CodeIgniter.php(832): App\Controllers\Visite->index()
#1 C:\wamp64\www\projet_stage\developpement\src\system\CodeIgniter.php(419): CodeIgniter\CodeIgniter->runController(Object(App\Controllers\Visite))
#2 C:\wamp64\www\projet_stage\developpement\src\system\CodeIgniter.php(326): CodeIgniter\CodeIgniter->handleRequest(NULL, Object(Config\Cache), false)
#3 C:\wamp64\www\projet_stage\developpement\src\public\index.php(37): CodeIgniter\CodeIgniter->run()
#4 C:\wamp64\www\projet_stage\developpement\src\system\Commands\Server\rewrite.php(43): require_once('C:\\wamp64\\www\\p...')
#5 {main}
CRITICAL - 2022-06-23 03:55:30 --> Call to undefined function App\Controllers\array_sort_by_multiple_keys()
#0 C:\wamp64\www\projet_stage\developpement\src\system\CodeIgniter.php(832): App\Controllers\Visite->index()
#1 C:\wamp64\www\projet_stage\developpement\src\system\CodeIgniter.php(419): CodeIgniter\CodeIgniter->runController(Object(App\Controllers\Visite))
#2 C:\wamp64\www\projet_stage\developpement\src\system\CodeIgniter.php(326): CodeIgniter\CodeIgniter->handleRequest(NULL, Object(Config\Cache), false)
#3 C:\wamp64\www\projet_stage\developpement\src\public\index.php(37): CodeIgniter\CodeIgniter->run()
#4 C:\wamp64\www\projet_stage\developpement\src\system\Commands\Server\rewrite.php(43): require_once('C:\\wamp64\\www\\p...')
#5 {main}
CRITICAL - 2022-06-23 04:04:05 --> Call to undefined function App\Controllers\array_sort_by_multiple_keys()
#0 C:\wamp64\www\projet_stage\developpement\src\system\CodeIgniter.php(832): App\Controllers\Visite->index()
#1 C:\wamp64\www\projet_stage\developpement\src\system\CodeIgniter.php(419): CodeIgniter\CodeIgniter->runController(Object(App\Controllers\Visite))
#2 C:\wamp64\www\projet_stage\developpement\src\system\CodeIgniter.php(326): CodeIgniter\CodeIgniter->handleRequest(NULL, Object(Config\Cache), false)
#3 C:\wamp64\www\projet_stage\developpement\src\public\index.php(37): CodeIgniter\CodeIgniter->run()
#4 C:\wamp64\www\projet_stage\developpement\src\system\Commands\Server\rewrite.php(43): require_once('C:\\wamp64\\www\\p...')
#5 {main}
CRITICAL - 2022-06-23 04:04:06 --> Call to undefined function App\Controllers\array_sort_by_multiple_keys()
#0 C:\wamp64\www\projet_stage\developpement\src\system\CodeIgniter.php(832): App\Controllers\Visite->index()
#1 C:\wamp64\www\projet_stage\developpement\src\system\CodeIgniter.php(419): CodeIgniter\CodeIgniter->runController(Object(App\Controllers\Visite))
#2 C:\wamp64\www\projet_stage\developpement\src\system\CodeIgniter.php(326): CodeIgniter\CodeIgniter->handleRequest(NULL, Object(Config\Cache), false)
#3 C:\wamp64\www\projet_stage\developpement\src\public\index.php(37): CodeIgniter\CodeIgniter->run()
#4 C:\wamp64\www\projet_stage\developpement\src\system\Commands\Server\rewrite.php(43): require_once('C:\\wamp64\\www\\p...')
#5 {main}
CRITICAL - 2022-06-23 04:04:06 --> Call to undefined function App\Controllers\array_sort_by_multiple_keys()
#0 C:\wamp64\www\projet_stage\developpement\src\system\CodeIgniter.php(832): App\Controllers\Visite->index()
#1 C:\wamp64\www\projet_stage\developpement\src\system\CodeIgniter.php(419): CodeIgniter\CodeIgniter->runController(Object(App\Controllers\Visite))
#2 C:\wamp64\www\projet_stage\developpement\src\system\CodeIgniter.php(326): CodeIgniter\CodeIgniter->handleRequest(NULL, Object(Config\Cache), false)
#3 C:\wamp64\www\projet_stage\developpement\src\public\index.php(37): CodeIgniter\CodeIgniter->run()
#4 C:\wamp64\www\projet_stage\developpement\src\system\Commands\Server\rewrite.php(43): require_once('C:\\wamp64\\www\\p...')
#5 {main}
CRITICAL - 2022-06-23 04:04:07 --> Call to undefined function App\Controllers\array_sort_by_multiple_keys()
#0 C:\wamp64\www\projet_stage\developpement\src\system\CodeIgniter.php(832): App\Controllers\Visite->index()
#1 C:\wamp64\www\projet_stage\developpement\src\system\CodeIgniter.php(419): CodeIgniter\CodeIgniter->runController(Object(App\Controllers\Visite))
#2 C:\wamp64\www\projet_stage\developpement\src\system\CodeIgniter.php(326): CodeIgniter\CodeIgniter->handleRequest(NULL, Object(Config\Cache), false)
#3 C:\wamp64\www\projet_stage\developpement\src\public\index.php(37): CodeIgniter\CodeIgniter->run()
#4 C:\wamp64\www\projet_stage\developpement\src\system\Commands\Server\rewrite.php(43): require_once('C:\\wamp64\\www\\p...')
#5 {main}
CRITICAL - 2022-06-23 04:04:07 --> Call to undefined function App\Controllers\array_sort_by_multiple_keys()
#0 C:\wamp64\www\projet_stage\developpement\src\system\CodeIgniter.php(832): App\Controllers\Visite->index()
#1 C:\wamp64\www\projet_stage\developpement\src\system\CodeIgniter.php(419): CodeIgniter\CodeIgniter->runController(Object(App\Controllers\Visite))
#2 C:\wamp64\www\projet_stage\developpement\src\system\CodeIgniter.php(326): CodeIgniter\CodeIgniter->handleRequest(NULL, Object(Config\Cache), false)
#3 C:\wamp64\www\projet_stage\developpement\src\public\index.php(37): CodeIgniter\CodeIgniter->run()
#4 C:\wamp64\www\projet_stage\developpement\src\system\Commands\Server\rewrite.php(43): require_once('C:\\wamp64\\www\\p...')
#5 {main}
CRITICAL - 2022-06-23 04:04:07 --> Call to undefined function App\Controllers\array_sort_by_multiple_keys()
#0 C:\wamp64\www\projet_stage\developpement\src\system\CodeIgniter.php(832): App\Controllers\Visite->index()
#1 C:\wamp64\www\projet_stage\developpement\src\system\CodeIgniter.php(419): CodeIgniter\CodeIgniter->runController(Object(App\Controllers\Visite))
#2 C:\wamp64\www\projet_stage\developpement\src\system\CodeIgniter.php(326): CodeIgniter\CodeIgniter->handleRequest(NULL, Object(Config\Cache), false)
#3 C:\wamp64\www\projet_stage\developpement\src\public\index.php(37): CodeIgniter\CodeIgniter->run()
#4 C:\wamp64\www\projet_stage\developpement\src\system\Commands\Server\rewrite.php(43): require_once('C:\\wamp64\\www\\p...')
#5 {main}
CRITICAL - 2022-06-23 04:08:23 --> Call to undefined function App\Controllers\array_sort_by_multiple_keys()
#0 C:\wamp64\www\projet_stage\developpement\src\system\CodeIgniter.php(832): App\Controllers\Visite->index()
#1 C:\wamp64\www\projet_stage\developpement\src\system\CodeIgniter.php(419): CodeIgniter\CodeIgniter->runController(Object(App\Controllers\Visite))
#2 C:\wamp64\www\projet_stage\developpement\src\system\CodeIgniter.php(326): CodeIgniter\CodeIgniter->handleRequest(NULL, Object(Config\Cache), false)
#3 C:\wamp64\www\projet_stage\developpement\src\public\index.php(37): CodeIgniter\CodeIgniter->run()
#4 C:\wamp64\www\projet_stage\developpement\src\system\Commands\Server\rewrite.php(43): require_once('C:\\wamp64\\www\\p...')
#5 {main}
CRITICAL - 2022-06-23 04:08:24 --> Call to undefined function App\Controllers\array_sort_by_multiple_keys()
#0 C:\wamp64\www\projet_stage\developpement\src\system\CodeIgniter.php(832): App\Controllers\Visite->index()
#1 C:\wamp64\www\projet_stage\developpement\src\system\CodeIgniter.php(419): CodeIgniter\CodeIgniter->runController(Object(App\Controllers\Visite))
#2 C:\wamp64\www\projet_stage\developpement\src\system\CodeIgniter.php(326): CodeIgniter\CodeIgniter->handleRequest(NULL, Object(Config\Cache), false)
#3 C:\wamp64\www\projet_stage\developpement\src\public\index.php(37): CodeIgniter\CodeIgniter->run()
#4 C:\wamp64\www\projet_stage\developpement\src\system\Commands\Server\rewrite.php(43): require_once('C:\\wamp64\\www\\p...')
#5 {main}
CRITICAL - 2022-06-23 04:08:25 --> Call to undefined function App\Controllers\array_sort_by_multiple_keys()
#0 C:\wamp64\www\projet_stage\developpement\src\system\CodeIgniter.php(832): App\Controllers\Visite->index()
#1 C:\wamp64\www\projet_stage\developpement\src\system\CodeIgniter.php(419): CodeIgniter\CodeIgniter->runController(Object(App\Controllers\Visite))
#2 C:\wamp64\www\projet_stage\developpement\src\system\CodeIgniter.php(326): CodeIgniter\CodeIgniter->handleRequest(NULL, Object(Config\Cache), false)
#3 C:\wamp64\www\projet_stage\developpement\src\public\index.php(37): CodeIgniter\CodeIgniter->run()
#4 C:\wamp64\www\projet_stage\developpement\src\system\Commands\Server\rewrite.php(43): require_once('C:\\wamp64\\www\\p...')
#5 {main}
CRITICAL - 2022-06-23 04:08:56 --> Call to undefined function App\Controllers\array_sort_by_multiple_keys()
#0 C:\wamp64\www\projet_stage\developpement\src\system\CodeIgniter.php(832): App\Controllers\Visite->index()
#1 C:\wamp64\www\projet_stage\developpement\src\system\CodeIgniter.php(419): CodeIgniter\CodeIgniter->runController(Object(App\Controllers\Visite))
#2 C:\wamp64\www\projet_stage\developpement\src\system\CodeIgniter.php(326): CodeIgniter\CodeIgniter->handleRequest(NULL, Object(Config\Cache), false)
#3 C:\wamp64\www\projet_stage\developpement\src\public\index.php(37): CodeIgniter\CodeIgniter->run()
#4 C:\wamp64\www\projet_stage\developpement\src\system\Commands\Server\rewrite.php(43): require_once('C:\\wamp64\\www\\p...')
#5 {main}
CRITICAL - 2022-06-23 04:08:57 --> Call to undefined function App\Controllers\array_sort_by_multiple_keys()
#0 C:\wamp64\www\projet_stage\developpement\src\system\CodeIgniter.php(832): App\Controllers\Visite->index()
#1 C:\wamp64\www\projet_stage\developpement\src\system\CodeIgniter.php(419): CodeIgniter\CodeIgniter->runController(Object(App\Controllers\Visite))
#2 C:\wamp64\www\projet_stage\developpement\src\system\CodeIgniter.php(326): CodeIgniter\CodeIgniter->handleRequest(NULL, Object(Config\Cache), false)
#3 C:\wamp64\www\projet_stage\developpement\src\public\index.php(37): CodeIgniter\CodeIgniter->run()
#4 C:\wamp64\www\projet_stage\developpement\src\system\Commands\Server\rewrite.php(43): require_once('C:\\wamp64\\www\\p...')
#5 {main}
CRITICAL - 2022-06-23 04:08:58 --> Call to undefined function App\Controllers\array_sort_by_multiple_keys()
#0 C:\wamp64\www\projet_stage\developpement\src\system\CodeIgniter.php(832): App\Controllers\Visite->index()
#1 C:\wamp64\www\projet_stage\developpement\src\system\CodeIgniter.php(419): CodeIgniter\CodeIgniter->runController(Object(App\Controllers\Visite))
#2 C:\wamp64\www\projet_stage\developpement\src\system\CodeIgniter.php(326): CodeIgniter\CodeIgniter->handleRequest(NULL, Object(Config\Cache), false)
#3 C:\wamp64\www\projet_stage\developpement\src\public\index.php(37): CodeIgniter\CodeIgniter->run()
#4 C:\wamp64\www\projet_stage\developpement\src\system\Commands\Server\rewrite.php(43): require_once('C:\\wamp64\\www\\p...')
#5 {main}
CRITICAL - 2022-06-23 04:08:58 --> Call to undefined function App\Controllers\array_sort_by_multiple_keys()
#0 C:\wamp64\www\projet_stage\developpement\src\system\CodeIgniter.php(832): App\Controllers\Visite->index()
#1 C:\wamp64\www\projet_stage\developpement\src\system\CodeIgniter.php(419): CodeIgniter\CodeIgniter->runController(Object(App\Controllers\Visite))
#2 C:\wamp64\www\projet_stage\developpement\src\system\CodeIgniter.php(326): CodeIgniter\CodeIgniter->handleRequest(NULL, Object(Config\Cache), false)
#3 C:\wamp64\www\projet_stage\developpement\src\public\index.php(37): CodeIgniter\CodeIgniter->run()
#4 C:\wamp64\www\projet_stage\developpement\src\system\Commands\Server\rewrite.php(43): require_once('C:\\wamp64\\www\\p...')
#5 {main}
CRITICAL - 2022-06-23 04:08:58 --> Call to undefined function App\Controllers\array_sort_by_multiple_keys()
#0 C:\wamp64\www\projet_stage\developpement\src\system\CodeIgniter.php(832): App\Controllers\Visite->index()
#1 C:\wamp64\www\projet_stage\developpement\src\system\CodeIgniter.php(419): CodeIgniter\CodeIgniter->runController(Object(App\Controllers\Visite))
#2 C:\wamp64\www\projet_stage\developpement\src\system\CodeIgniter.php(326): CodeIgniter\CodeIgniter->handleRequest(NULL, Object(Config\Cache), false)
#3 C:\wamp64\www\projet_stage\developpement\src\public\index.php(37): CodeIgniter\CodeIgniter->run()
#4 C:\wamp64\www\projet_stage\developpement\src\system\Commands\Server\rewrite.php(43): require_once('C:\\wamp64\\www\\p...')
#5 {main}
CRITICAL - 2022-06-23 04:08:59 --> Call to undefined function App\Controllers\array_sort_by_multiple_keys()
#0 C:\wamp64\www\projet_stage\developpement\src\system\CodeIgniter.php(832): App\Controllers\Visite->index()
#1 C:\wamp64\www\projet_stage\developpement\src\system\CodeIgniter.php(419): CodeIgniter\CodeIgniter->runController(Object(App\Controllers\Visite))
#2 C:\wamp64\www\projet_stage\developpement\src\system\CodeIgniter.php(326): CodeIgniter\CodeIgniter->handleRequest(NULL, Object(Config\Cache), false)
#3 C:\wamp64\www\projet_stage\developpement\src\public\index.php(37): CodeIgniter\CodeIgniter->run()
#4 C:\wamp64\www\projet_stage\developpement\src\system\Commands\Server\rewrite.php(43): require_once('C:\\wamp64\\www\\p...')
#5 {main}
CRITICAL - 2022-06-23 04:09:02 --> Call to undefined function App\Controllers\array_sort_by_multiple_keys()
#0 C:\wamp64\www\projet_stage\developpement\src\system\CodeIgniter.php(832): App\Controllers\Visite->index()
#1 C:\wamp64\www\projet_stage\developpement\src\system\CodeIgniter.php(419): CodeIgniter\CodeIgniter->runController(Object(App\Controllers\Visite))
#2 C:\wamp64\www\projet_stage\developpement\src\system\CodeIgniter.php(326): CodeIgniter\CodeIgniter->handleRequest(NULL, Object(Config\Cache), false)
#3 C:\wamp64\www\projet_stage\developpement\src\public\index.php(37): CodeIgniter\CodeIgniter->run()
#4 C:\wamp64\www\projet_stage\developpement\src\system\Commands\Server\rewrite.php(43): require_once('C:\\wamp64\\www\\p...')
#5 {main}
CRITICAL - 2022-06-23 04:09:02 --> Call to undefined function App\Controllers\array_sort_by_multiple_keys()
#0 C:\wamp64\www\projet_stage\developpement\src\system\CodeIgniter.php(832): App\Controllers\Visite->index()
#1 C:\wamp64\www\projet_stage\developpement\src\system\CodeIgniter.php(419): CodeIgniter\CodeIgniter->runController(Object(App\Controllers\Visite))
#2 C:\wamp64\www\projet_stage\developpement\src\system\CodeIgniter.php(326): CodeIgniter\CodeIgniter->handleRequest(NULL, Object(Config\Cache), false)
#3 C:\wamp64\www\projet_stage\developpement\src\public\index.php(37): CodeIgniter\CodeIgniter->run()
#4 C:\wamp64\www\projet_stage\developpement\src\system\Commands\Server\rewrite.php(43): require_once('C:\\wamp64\\www\\p...')
#5 {main}
CRITICAL - 2022-06-23 04:09:02 --> Call to undefined function App\Controllers\array_sort_by_multiple_keys()
#0 C:\wamp64\www\projet_stage\developpement\src\system\CodeIgniter.php(832): App\Controllers\Visite->index()
#1 C:\wamp64\www\projet_stage\developpement\src\system\CodeIgniter.php(419): CodeIgniter\CodeIgniter->runController(Object(App\Controllers\Visite))
#2 C:\wamp64\www\projet_stage\developpement\src\system\CodeIgniter.php(326): CodeIgniter\CodeIgniter->handleRequest(NULL, Object(Config\Cache), false)
#3 C:\wamp64\www\projet_stage\developpement\src\public\index.php(37): CodeIgniter\CodeIgniter->run()
#4 C:\wamp64\www\projet_stage\developpement\src\system\Commands\Server\rewrite.php(43): require_once('C:\\wamp64\\www\\p...')
#5 {main}
CRITICAL - 2022-06-23 04:09:54 --> Call to undefined function App\Controllers\array_sort_by_multiple_keys()
#0 C:\wamp64\www\projet_stage\developpement\src\system\CodeIgniter.php(832): App\Controllers\Visite->index()
#1 C:\wamp64\www\projet_stage\developpement\src\system\CodeIgniter.php(419): CodeIgniter\CodeIgniter->runController(Object(App\Controllers\Visite))
#2 C:\wamp64\www\projet_stage\developpement\src\system\CodeIgniter.php(326): CodeIgniter\CodeIgniter->handleRequest(NULL, Object(Config\Cache), false)
#3 C:\wamp64\www\projet_stage\developpement\src\public\index.php(37): CodeIgniter\CodeIgniter->run()
#4 C:\wamp64\www\projet_stage\developpement\src\system\Commands\Server\rewrite.php(43): require_once('C:\\wamp64\\www\\p...')
#5 {main}
CRITICAL - 2022-06-23 04:12:29 --> Call to undefined function App\Controllers\array_sort_by_multiple_keys()
#0 C:\wamp64\www\projet_stage\developpement\src\system\CodeIgniter.php(832): App\Controllers\Visite->index()
#1 C:\wamp64\www\projet_stage\developpement\src\system\CodeIgniter.php(419): CodeIgniter\CodeIgniter->runController(Object(App\Controllers\Visite))
#2 C:\wamp64\www\projet_stage\developpement\src\system\CodeIgniter.php(326): CodeIgniter\CodeIgniter->handleRequest(NULL, Object(Config\Cache), false)
#3 C:\wamp64\www\projet_stage\developpement\src\public\index.php(37): CodeIgniter\CodeIgniter->run()
#4 C:\wamp64\www\projet_stage\developpement\src\system\Commands\Server\rewrite.php(43): require_once('C:\\wamp64\\www\\p...')
#5 {main}
CRITICAL - 2022-06-23 04:12:29 --> Call to undefined function App\Controllers\array_sort_by_multiple_keys()
#0 C:\wamp64\www\projet_stage\developpement\src\system\CodeIgniter.php(832): App\Controllers\Visite->index()
#1 C:\wamp64\www\projet_stage\developpement\src\system\CodeIgniter.php(419): CodeIgniter\CodeIgniter->runController(Object(App\Controllers\Visite))
#2 C:\wamp64\www\projet_stage\developpement\src\system\CodeIgniter.php(326): CodeIgniter\CodeIgniter->handleRequest(NULL, Object(Config\Cache), false)
#3 C:\wamp64\www\projet_stage\developpement\src\public\index.php(37): CodeIgniter\CodeIgniter->run()
#4 C:\wamp64\www\projet_stage\developpement\src\system\Commands\Server\rewrite.php(43): require_once('C:\\wamp64\\www\\p...')
#5 {main}
CRITICAL - 2022-06-23 04:12:30 --> Call to undefined function App\Controllers\array_sort_by_multiple_keys()
#0 C:\wamp64\www\projet_stage\developpement\src\system\CodeIgniter.php(832): App\Controllers\Visite->index()
#1 C:\wamp64\www\projet_stage\developpement\src\system\CodeIgniter.php(419): CodeIgniter\CodeIgniter->runController(Object(App\Controllers\Visite))
#2 C:\wamp64\www\projet_stage\developpement\src\system\CodeIgniter.php(326): CodeIgniter\CodeIgniter->handleRequest(NULL, Object(Config\Cache), false)
#3 C:\wamp64\www\projet_stage\developpement\src\public\index.php(37): CodeIgniter\CodeIgniter->run()
#4 C:\wamp64\www\projet_stage\developpement\src\system\Commands\Server\rewrite.php(43): require_once('C:\\wamp64\\www\\p...')
#5 {main}
CRITICAL - 2022-06-23 04:12:30 --> Call to undefined function App\Controllers\array_sort_by_multiple_keys()
#0 C:\wamp64\www\projet_stage\developpement\src\system\CodeIgniter.php(832): App\Controllers\Visite->index()
#1 C:\wamp64\www\projet_stage\developpement\src\system\CodeIgniter.php(419): CodeIgniter\CodeIgniter->runController(Object(App\Controllers\Visite))
#2 C:\wamp64\www\projet_stage\developpement\src\system\CodeIgniter.php(326): CodeIgniter\CodeIgniter->handleRequest(NULL, Object(Config\Cache), false)
#3 C:\wamp64\www\projet_stage\developpement\src\public\index.php(37): CodeIgniter\CodeIgniter->run()
#4 C:\wamp64\www\projet_stage\developpement\src\system\Commands\Server\rewrite.php(43): require_once('C:\\wamp64\\www\\p...')
#5 {main}
CRITICAL - 2022-06-23 04:21:13 --> Call to undefined function App\Controllers\array_sort_by_multiple_keys()
#0 C:\wamp64\www\projet_stage\developpement\src\system\CodeIgniter.php(832): App\Controllers\Visite->index()
#1 C:\wamp64\www\projet_stage\developpement\src\system\CodeIgniter.php(419): CodeIgniter\CodeIgniter->runController(Object(App\Controllers\Visite))
#2 C:\wamp64\www\projet_stage\developpement\src\system\CodeIgniter.php(326): CodeIgniter\CodeIgniter->handleRequest(NULL, Object(Config\Cache), false)
#3 C:\wamp64\www\projet_stage\developpement\src\public\index.php(37): CodeIgniter\CodeIgniter->run()
#4 C:\wamp64\www\projet_stage\developpement\src\system\Commands\Server\rewrite.php(43): require_once('C:\\wamp64\\www\\p...')
#5 {main}
CRITICAL - 2022-06-23 04:23:26 --> Call to undefined function App\Controllers\array_sort_by_multiple_keys()
#0 C:\wamp64\www\projet_stage\developpement\src\system\CodeIgniter.php(832): App\Controllers\Visite->index()
#1 C:\wamp64\www\projet_stage\developpement\src\system\CodeIgniter.php(419): CodeIgniter\CodeIgniter->runController(Object(App\Controllers\Visite))
#2 C:\wamp64\www\projet_stage\developpement\src\system\CodeIgniter.php(326): CodeIgniter\CodeIgniter->handleRequest(NULL, Object(Config\Cache), false)
#3 C:\wamp64\www\projet_stage\developpement\src\public\index.php(37): CodeIgniter\CodeIgniter->run()
#4 C:\wamp64\www\projet_stage\developpement\src\system\Commands\Server\rewrite.php(43): require_once('C:\\wamp64\\www\\p...')
#5 {main}
CRITICAL - 2022-06-23 04:23:27 --> Call to undefined function App\Controllers\array_sort_by_multiple_keys()
#0 C:\wamp64\www\projet_stage\developpement\src\system\CodeIgniter.php(832): App\Controllers\Visite->index()
#1 C:\wamp64\www\projet_stage\developpement\src\system\CodeIgniter.php(419): CodeIgniter\CodeIgniter->runController(Object(App\Controllers\Visite))
#2 C:\wamp64\www\projet_stage\developpement\src\system\CodeIgniter.php(326): CodeIgniter\CodeIgniter->handleRequest(NULL, Object(Config\Cache), false)
#3 C:\wamp64\www\projet_stage\developpement\src\public\index.php(37): CodeIgniter\CodeIgniter->run()
#4 C:\wamp64\www\projet_stage\developpement\src\system\Commands\Server\rewrite.php(43): require_once('C:\\wamp64\\www\\p...')
#5 {main}
CRITICAL - 2022-06-23 04:23:27 --> Call to undefined function App\Controllers\array_sort_by_multiple_keys()
#0 C:\wamp64\www\projet_stage\developpement\src\system\CodeIgniter.php(832): App\Controllers\Visite->index()
#1 C:\wamp64\www\projet_stage\developpement\src\system\CodeIgniter.php(419): CodeIgniter\CodeIgniter->runController(Object(App\Controllers\Visite))
#2 C:\wamp64\www\projet_stage\developpement\src\system\CodeIgniter.php(326): CodeIgniter\CodeIgniter->handleRequest(NULL, Object(Config\Cache), false)
#3 C:\wamp64\www\projet_stage\developpement\src\public\index.php(37): CodeIgniter\CodeIgniter->run()
#4 C:\wamp64\www\projet_stage\developpement\src\system\Commands\Server\rewrite.php(43): require_once('C:\\wamp64\\www\\p...')
#5 {main}
CRITICAL - 2022-06-23 04:23:27 --> Call to undefined function App\Controllers\array_sort_by_multiple_keys()
#0 C:\wamp64\www\projet_stage\developpement\src\system\CodeIgniter.php(832): App\Controllers\Visite->index()
#1 C:\wamp64\www\projet_stage\developpement\src\system\CodeIgniter.php(419): CodeIgniter\CodeIgniter->runController(Object(App\Controllers\Visite))
#2 C:\wamp64\www\projet_stage\developpement\src\system\CodeIgniter.php(326): CodeIgniter\CodeIgniter->handleRequest(NULL, Object(Config\Cache), false)
#3 C:\wamp64\www\projet_stage\developpement\src\public\index.php(37): CodeIgniter\CodeIgniter->run()
#4 C:\wamp64\www\projet_stage\developpement\src\system\Commands\Server\rewrite.php(43): require_once('C:\\wamp64\\www\\p...')
#5 {main}
CRITICAL - 2022-06-23 04:23:28 --> Call to undefined function App\Controllers\array_sort_by_multiple_keys()
#0 C:\wamp64\www\projet_stage\developpement\src\system\CodeIgniter.php(832): App\Controllers\Visite->index()
#1 C:\wamp64\www\projet_stage\developpement\src\system\CodeIgniter.php(419): CodeIgniter\CodeIgniter->runController(Object(App\Controllers\Visite))
#2 C:\wamp64\www\projet_stage\developpement\src\system\CodeIgniter.php(326): CodeIgniter\CodeIgniter->handleRequest(NULL, Object(Config\Cache), false)
#3 C:\wamp64\www\projet_stage\developpement\src\public\index.php(37): CodeIgniter\CodeIgniter->run()
#4 C:\wamp64\www\projet_stage\developpement\src\system\Commands\Server\rewrite.php(43): require_once('C:\\wamp64\\www\\p...')
#5 {main}
CRITICAL - 2022-06-23 04:23:28 --> Call to undefined function App\Controllers\array_sort_by_multiple_keys()
#0 C:\wamp64\www\projet_stage\developpement\src\system\CodeIgniter.php(832): App\Controllers\Visite->index()
#1 C:\wamp64\www\projet_stage\developpement\src\system\CodeIgniter.php(419): CodeIgniter\CodeIgniter->runController(Object(App\Controllers\Visite))
#2 C:\wamp64\www\projet_stage\developpement\src\system\CodeIgniter.php(326): CodeIgniter\CodeIgniter->handleRequest(NULL, Object(Config\Cache), false)
#3 C:\wamp64\www\projet_stage\developpement\src\public\index.php(37): CodeIgniter\CodeIgniter->run()
#4 C:\wamp64\www\projet_stage\developpement\src\system\Commands\Server\rewrite.php(43): require_once('C:\\wamp64\\www\\p...')
#5 {main}
CRITICAL - 2022-06-23 04:24:15 --> Call to undefined function App\Controllers\array_sort_by_multiple_keys()
#0 C:\wamp64\www\projet_stage\developpement\src\system\CodeIgniter.php(832): App\Controllers\Visite->index()
#1 C:\wamp64\www\projet_stage\developpement\src\system\CodeIgniter.php(419): CodeIgniter\CodeIgniter->runController(Object(App\Controllers\Visite))
#2 C:\wamp64\www\projet_stage\developpement\src\system\CodeIgniter.php(326): CodeIgniter\CodeIgniter->handleRequest(NULL, Object(Config\Cache), false)
#3 C:\wamp64\www\projet_stage\developpement\src\public\index.php(37): CodeIgniter\CodeIgniter->run()
#4 C:\wamp64\www\projet_stage\developpement\src\system\Commands\Server\rewrite.php(43): require_once('C:\\wamp64\\www\\p...')
#5 {main}
CRITICAL - 2022-06-23 04:26:11 --> Cannot use object of type stdClass as array
#0 C:\wamp64\www\projet_stage\developpement\src\system\CodeIgniter.php(832): App\Controllers\Visite->index()
#1 C:\wamp64\www\projet_stage\developpement\src\system\CodeIgniter.php(419): CodeIgniter\CodeIgniter->runController(Object(App\Controllers\Visite))
#2 C:\wamp64\www\projet_stage\developpement\src\system\CodeIgniter.php(326): CodeIgniter\CodeIgniter->handleRequest(NULL, Object(Config\Cache), false)
#3 C:\wamp64\www\projet_stage\developpement\src\public\index.php(37): CodeIgniter\CodeIgniter->run()
#4 C:\wamp64\www\projet_stage\developpement\src\system\Commands\Server\rewrite.php(43): require_once('C:\\wamp64\\www\\p...')
#5 {main}
CRITICAL - 2022-06-23 04:28:11 --> Cannot use object of type stdClass as array
#0 C:\wamp64\www\projet_stage\developpement\src\system\CodeIgniter.php(832): App\Controllers\Visite->index()
#1 C:\wamp64\www\projet_stage\developpement\src\system\CodeIgniter.php(419): CodeIgniter\CodeIgniter->runController(Object(App\Controllers\Visite))
#2 C:\wamp64\www\projet_stage\developpement\src\system\CodeIgniter.php(326): CodeIgniter\CodeIgniter->handleRequest(NULL, Object(Config\Cache), false)
#3 C:\wamp64\www\projet_stage\developpement\src\public\index.php(37): CodeIgniter\CodeIgniter->run()
#4 C:\wamp64\www\projet_stage\developpement\src\system\Commands\Server\rewrite.php(43): require_once('C:\\wamp64\\www\\p...')
#5 {main}
CRITICAL - 2022-06-23 04:28:12 --> Cannot use object of type stdClass as array
#0 C:\wamp64\www\projet_stage\developpement\src\system\CodeIgniter.php(832): App\Controllers\Visite->index()
#1 C:\wamp64\www\projet_stage\developpement\src\system\CodeIgniter.php(419): CodeIgniter\CodeIgniter->runController(Object(App\Controllers\Visite))
#2 C:\wamp64\www\projet_stage\developpement\src\system\CodeIgniter.php(326): CodeIgniter\CodeIgniter->handleRequest(NULL, Object(Config\Cache), false)
#3 C:\wamp64\www\projet_stage\developpement\src\public\index.php(37): CodeIgniter\CodeIgniter->run()
#4 C:\wamp64\www\projet_stage\developpement\src\system\Commands\Server\rewrite.php(43): require_once('C:\\wamp64\\www\\p...')
#5 {main}
CRITICAL - 2022-06-23 04:28:13 --> Cannot use object of type stdClass as array
#0 C:\wamp64\www\projet_stage\developpement\src\system\CodeIgniter.php(832): App\Controllers\Visite->index()
#1 C:\wamp64\www\projet_stage\developpement\src\system\CodeIgniter.php(419): CodeIgniter\CodeIgniter->runController(Object(App\Controllers\Visite))
#2 C:\wamp64\www\projet_stage\developpement\src\system\CodeIgniter.php(326): CodeIgniter\CodeIgniter->handleRequest(NULL, Object(Config\Cache), false)
#3 C:\wamp64\www\projet_stage\developpement\src\public\index.php(37): CodeIgniter\CodeIgniter->run()
#4 C:\wamp64\www\projet_stage\developpement\src\system\Commands\Server\rewrite.php(43): require_once('C:\\wamp64\\www\\p...')
#5 {main}
CRITICAL - 2022-06-23 04:28:13 --> Cannot use object of type stdClass as array
#0 C:\wamp64\www\projet_stage\developpement\src\system\CodeIgniter.php(832): App\Controllers\Visite->index()
#1 C:\wamp64\www\projet_stage\developpement\src\system\CodeIgniter.php(419): CodeIgniter\CodeIgniter->runController(Object(App\Controllers\Visite))
#2 C:\wamp64\www\projet_stage\developpement\src\system\CodeIgniter.php(326): CodeIgniter\CodeIgniter->handleRequest(NULL, Object(Config\Cache), false)
#3 C:\wamp64\www\projet_stage\developpement\src\public\index.php(37): CodeIgniter\CodeIgniter->run()
#4 C:\wamp64\www\projet_stage\developpement\src\system\Commands\Server\rewrite.php(43): require_once('C:\\wamp64\\www\\p...')
#5 {main}
CRITICAL - 2022-06-23 04:28:13 --> Cannot use object of type stdClass as array
#0 C:\wamp64\www\projet_stage\developpement\src\system\CodeIgniter.php(832): App\Controllers\Visite->index()
#1 C:\wamp64\www\projet_stage\developpement\src\system\CodeIgniter.php(419): CodeIgniter\CodeIgniter->runController(Object(App\Controllers\Visite))
#2 C:\wamp64\www\projet_stage\developpement\src\system\CodeIgniter.php(326): CodeIgniter\CodeIgniter->handleRequest(NULL, Object(Config\Cache), false)
#3 C:\wamp64\www\projet_stage\developpement\src\public\index.php(37): CodeIgniter\CodeIgniter->run()
#4 C:\wamp64\www\projet_stage\developpement\src\system\Commands\Server\rewrite.php(43): require_once('C:\\wamp64\\www\\p...')
#5 {main}
CRITICAL - 2022-06-23 04:28:13 --> Cannot use object of type stdClass as array
#0 C:\wamp64\www\projet_stage\developpement\src\system\CodeIgniter.php(832): App\Controllers\Visite->index()
#1 C:\wamp64\www\projet_stage\developpement\src\system\CodeIgniter.php(419): CodeIgniter\CodeIgniter->runController(Object(App\Controllers\Visite))
#2 C:\wamp64\www\projet_stage\developpement\src\system\CodeIgniter.php(326): CodeIgniter\CodeIgniter->handleRequest(NULL, Object(Config\Cache), false)
#3 C:\wamp64\www\projet_stage\developpement\src\public\index.php(37): CodeIgniter\CodeIgniter->run()
#4 C:\wamp64\www\projet_stage\developpement\src\system\Commands\Server\rewrite.php(43): require_once('C:\\wamp64\\www\\p...')
#5 {main}
CRITICAL - 2022-06-23 04:28:14 --> Cannot use object of type stdClass as array
#0 C:\wamp64\www\projet_stage\developpement\src\system\CodeIgniter.php(832): App\Controllers\Visite->index()
#1 C:\wamp64\www\projet_stage\developpement\src\system\CodeIgniter.php(419): CodeIgniter\CodeIgniter->runController(Object(App\Controllers\Visite))
#2 C:\wamp64\www\projet_stage\developpement\src\system\CodeIgniter.php(326): CodeIgniter\CodeIgniter->handleRequest(NULL, Object(Config\Cache), false)
#3 C:\wamp64\www\projet_stage\developpement\src\public\index.php(37): CodeIgniter\CodeIgniter->run()
#4 C:\wamp64\www\projet_stage\developpement\src\system\Commands\Server\rewrite.php(43): require_once('C:\\wamp64\\www\\p...')
#5 {main}
CRITICAL - 2022-06-23 04:28:14 --> Cannot use object of type stdClass as array
#0 C:\wamp64\www\projet_stage\developpement\src\system\CodeIgniter.php(832): App\Controllers\Visite->index()
#1 C:\wamp64\www\projet_stage\developpement\src\system\CodeIgniter.php(419): CodeIgniter\CodeIgniter->runController(Object(App\Controllers\Visite))
#2 C:\wamp64\www\projet_stage\developpement\src\system\CodeIgniter.php(326): CodeIgniter\CodeIgniter->handleRequest(NULL, Object(Config\Cache), false)
#3 C:\wamp64\www\projet_stage\developpement\src\public\index.php(37): CodeIgniter\CodeIgniter->run()
#4 C:\wamp64\www\projet_stage\developpement\src\system\Commands\Server\rewrite.php(43): require_once('C:\\wamp64\\www\\p...')
#5 {main}
CRITICAL - 2022-06-23 04:28:14 --> Cannot use object of type stdClass as array
#0 C:\wamp64\www\projet_stage\developpement\src\system\CodeIgniter.php(832): App\Controllers\Visite->index()
#1 C:\wamp64\www\projet_stage\developpement\src\system\CodeIgniter.php(419): CodeIgniter\CodeIgniter->runController(Object(App\Controllers\Visite))
#2 C:\wamp64\www\projet_stage\developpement\src\system\CodeIgniter.php(326): CodeIgniter\CodeIgniter->handleRequest(NULL, Object(Config\Cache), false)
#3 C:\wamp64\www\projet_stage\developpement\src\public\index.php(37): CodeIgniter\CodeIgniter->run()
#4 C:\wamp64\www\projet_stage\developpement\src\system\Commands\Server\rewrite.php(43): require_once('C:\\wamp64\\www\\p...')
#5 {main}
CRITICAL - 2022-06-23 04:28:14 --> Cannot use object of type stdClass as array
#0 C:\wamp64\www\projet_stage\developpement\src\system\CodeIgniter.php(832): App\Controllers\Visite->index()
#1 C:\wamp64\www\projet_stage\developpement\src\system\CodeIgniter.php(419): CodeIgniter\CodeIgniter->runController(Object(App\Controllers\Visite))
#2 C:\wamp64\www\projet_stage\developpement\src\system\CodeIgniter.php(326): CodeIgniter\CodeIgniter->handleRequest(NULL, Object(Config\Cache), false)
#3 C:\wamp64\www\projet_stage\developpement\src\public\index.php(37): CodeIgniter\CodeIgniter->run()
#4 C:\wamp64\www\projet_stage\developpement\src\system\Commands\Server\rewrite.php(43): require_once('C:\\wamp64\\www\\p...')
#5 {main}
CRITICAL - 2022-06-23 07:12:28 --> array_multisort(): Array sizes are inconsistent
#0 [internal function]: CodeIgniter\Debug\Exceptions->errorHandler(2, 'array_multisort...', 'C:\\wamp64\\www\\p...', 190, Array)
#1 C:\wamp64\www\projet_stage\developpement\src\system\Helpers\array_helper.php(190): array_multisort(Array, 4, Array, 3, Array, 3, Array)
#2 C:\wamp64\www\projet_stage\developpement\src\app\Controllers\Visite.php(38): array_sort_by_multiple_keys(Array, Array)
#3 C:\wamp64\www\projet_stage\developpement\src\system\CodeIgniter.php(832): App\Controllers\Visite->index()
#4 C:\wamp64\www\projet_stage\developpement\src\system\CodeIgniter.php(419): CodeIgniter\CodeIgniter->runController(Object(App\Controllers\Visite))
#5 C:\wamp64\www\projet_stage\developpement\src\system\CodeIgniter.php(326): CodeIgniter\CodeIgniter->handleRequest(NULL, Object(Config\Cache), false)
#6 C:\wamp64\www\projet_stage\developpement\src\public\index.php(37): CodeIgniter\CodeIgniter->run()
#7 C:\wamp64\www\projet_stage\developpement\src\system\Commands\Server\rewrite.php(43): require_once('C:\\wamp64\\www\\p...')
#8 {main}
CRITICAL - 2022-06-23 07:14:07 --> array_multisort(): Array sizes are inconsistent
#0 [internal function]: CodeIgniter\Debug\Exceptions->errorHandler(2, 'array_multisort...', 'C:\\wamp64\\www\\p...', 190, Array)
#1 C:\wamp64\www\projet_stage\developpement\src\system\Helpers\array_helper.php(190): array_multisort(Array, 4, Array, 3, Array, 3, Array)
#2 C:\wamp64\www\projet_stage\developpement\src\app\Controllers\Visite.php(38): array_sort_by_multiple_keys(Array, Array)
#3 C:\wamp64\www\projet_stage\developpement\src\system\CodeIgniter.php(832): App\Controllers\Visite->index()
#4 C:\wamp64\www\projet_stage\developpement\src\system\CodeIgniter.php(419): CodeIgniter\CodeIgniter->runController(Object(App\Controllers\Visite))
#5 C:\wamp64\www\projet_stage\developpement\src\system\CodeIgniter.php(326): CodeIgniter\CodeIgniter->handleRequest(NULL, Object(Config\Cache), false)
#6 C:\wamp64\www\projet_stage\developpement\src\public\index.php(37): CodeIgniter\CodeIgniter->run()
#7 C:\wamp64\www\projet_stage\developpement\src\system\Commands\Server\rewrite.php(43): require_once('C:\\wamp64\\www\\p...')
#8 {main}
CRITICAL - 2022-06-23 07:14:07 --> array_multisort(): Array sizes are inconsistent
#0 [internal function]: CodeIgniter\Debug\Exceptions->errorHandler(2, 'array_multisort...', 'C:\\wamp64\\www\\p...', 190, Array)
#1 C:\wamp64\www\projet_stage\developpement\src\system\Helpers\array_helper.php(190): array_multisort(Array, 4, Array, 3, Array, 3, Array)
#2 C:\wamp64\www\projet_stage\developpement\src\app\Controllers\Visite.php(38): array_sort_by_multiple_keys(Array, Array)
#3 C:\wamp64\www\projet_stage\developpement\src\system\CodeIgniter.php(832): App\Controllers\Visite->index()
#4 C:\wamp64\www\projet_stage\developpement\src\system\CodeIgniter.php(419): CodeIgniter\CodeIgniter->runController(Object(App\Controllers\Visite))
#5 C:\wamp64\www\projet_stage\developpement\src\system\CodeIgniter.php(326): CodeIgniter\CodeIgniter->handleRequest(NULL, Object(Config\Cache), false)
#6 C:\wamp64\www\projet_stage\developpement\src\public\index.php(37): CodeIgniter\CodeIgniter->run()
#7 C:\wamp64\www\projet_stage\developpement\src\system\Commands\Server\rewrite.php(43): require_once('C:\\wamp64\\www\\p...')
#8 {main}
CRITICAL - 2022-06-23 07:14:08 --> array_multisort(): Array sizes are inconsistent
#0 [internal function]: CodeIgniter\Debug\Exceptions->errorHandler(2, 'array_multisort...', 'C:\\wamp64\\www\\p...', 190, Array)
#1 C:\wamp64\www\projet_stage\developpement\src\system\Helpers\array_helper.php(190): array_multisort(Array, 4, Array, 3, Array, 3, Array)
#2 C:\wamp64\www\projet_stage\developpement\src\app\Controllers\Visite.php(38): array_sort_by_multiple_keys(Array, Array)
#3 C:\wamp64\www\projet_stage\developpement\src\system\CodeIgniter.php(832): App\Controllers\Visite->index()
#4 C:\wamp64\www\projet_stage\developpement\src\system\CodeIgniter.php(419): CodeIgniter\CodeIgniter->runController(Object(App\Controllers\Visite))
#5 C:\wamp64\www\projet_stage\developpement\src\system\CodeIgniter.php(326): CodeIgniter\CodeIgniter->handleRequest(NULL, Object(Config\Cache), false)
#6 C:\wamp64\www\projet_stage\developpement\src\public\index.php(37): CodeIgniter\CodeIgniter->run()
#7 C:\wamp64\www\projet_stage\developpement\src\system\Commands\Server\rewrite.php(43): require_once('C:\\wamp64\\www\\p...')
#8 {main}
CRITICAL - 2022-06-23 07:14:08 --> array_multisort(): Array sizes are inconsistent
#0 [internal function]: CodeIgniter\Debug\Exceptions->errorHandler(2, 'array_multisort...', 'C:\\wamp64\\www\\p...', 190, Array)
#1 C:\wamp64\www\projet_stage\developpement\src\system\Helpers\array_helper.php(190): array_multisort(Array, 4, Array, 3, Array, 3, Array)
#2 C:\wamp64\www\projet_stage\developpement\src\app\Controllers\Visite.php(38): array_sort_by_multiple_keys(Array, Array)
#3 C:\wamp64\www\projet_stage\developpement\src\system\CodeIgniter.php(832): App\Controllers\Visite->index()
#4 C:\wamp64\www\projet_stage\developpement\src\system\CodeIgniter.php(419): CodeIgniter\CodeIgniter->runController(Object(App\Controllers\Visite))
#5 C:\wamp64\www\projet_stage\developpement\src\system\CodeIgniter.php(326): CodeIgniter\CodeIgniter->handleRequest(NULL, Object(Config\Cache), false)
#6 C:\wamp64\www\projet_stage\developpement\src\public\index.php(37): CodeIgniter\CodeIgniter->run()
#7 C:\wamp64\www\projet_stage\developpement\src\system\Commands\Server\rewrite.php(43): require_once('C:\\wamp64\\www\\p...')
#8 {main}
CRITICAL - 2022-06-23 07:32:56 --> array_multisort(): Array sizes are inconsistent
#0 [internal function]: CodeIgniter\Debug\Exceptions->errorHandler(2, 'array_multisort...', 'C:\\wamp64\\www\\p...', 190, Array)
#1 C:\wamp64\www\projet_stage\developpement\src\system\Helpers\array_helper.php(190): array_multisort(Array, 4, Array, 3, Array, 3, Array)
#2 C:\wamp64\www\projet_stage\developpement\src\app\Controllers\Visite.php(56): array_sort_by_multiple_keys(Array, Array)
#3 C:\wamp64\www\projet_stage\developpement\src\system\CodeIgniter.php(832): App\Controllers\Visite->index('undefined', 'asc')
#4 C:\wamp64\www\projet_stage\developpement\src\system\CodeIgniter.php(419): CodeIgniter\CodeIgniter->runController(Object(App\Controllers\Visite))
#5 C:\wamp64\www\projet_stage\developpement\src\system\CodeIgniter.php(326): CodeIgniter\CodeIgniter->handleRequest(NULL, Object(Config\Cache), false)
#6 C:\wamp64\www\projet_stage\developpement\src\public\index.php(37): CodeIgniter\CodeIgniter->run()
#7 C:\wamp64\www\projet_stage\developpement\src\system\Commands\Server\rewrite.php(43): require_once('C:\\wamp64\\www\\p...')
#8 {main}
CRITICAL - 2022-06-23 07:36:22 --> array_multisort(): Array sizes are inconsistent
#0 [internal function]: CodeIgniter\Debug\Exceptions->errorHandler(2, 'array_multisort...', 'C:\\wamp64\\www\\p...', 190, Array)
#1 C:\wamp64\www\projet_stage\developpement\src\system\Helpers\array_helper.php(190): array_multisort(Array, 3, Array, 3, Array, 3, Array)
#2 C:\wamp64\www\projet_stage\developpement\src\app\Controllers\Visite.php(48): array_sort_by_multiple_keys(Array, Array)
#3 C:\wamp64\www\projet_stage\developpement\src\system\CodeIgniter.php(832): App\Controllers\Visite->index('undefined', 'desc')
#4 C:\wamp64\www\projet_stage\developpement\src\system\CodeIgniter.php(419): CodeIgniter\CodeIgniter->runController(Object(App\Controllers\Visite))
#5 C:\wamp64\www\projet_stage\developpement\src\system\CodeIgniter.php(326): CodeIgniter\CodeIgniter->handleRequest(NULL, Object(Config\Cache), false)
#6 C:\wamp64\www\projet_stage\developpement\src\public\index.php(37): CodeIgniter\CodeIgniter->run()
#7 C:\wamp64\www\projet_stage\developpement\src\system\Commands\Server\rewrite.php(43): require_once('C:\\wamp64\\www\\p...')
#8 {main}
CRITICAL - 2022-06-23 07:37:00 --> array_multisort(): Array sizes are inconsistent
#0 [internal function]: CodeIgniter\Debug\Exceptions->errorHandler(2, 'array_multisort...', 'C:\\wamp64\\www\\p...', 190, Array)
#1 C:\wamp64\www\projet_stage\developpement\src\system\Helpers\array_helper.php(190): array_multisort(Array, 4, Array, 3, Array, 3, Array)
#2 C:\wamp64\www\projet_stage\developpement\src\app\Controllers\Visite.php(56): array_sort_by_multiple_keys(Array, Array)
#3 C:\wamp64\www\projet_stage\developpement\src\system\CodeIgniter.php(832): App\Controllers\Visite->index('undefined', 'asc')
#4 C:\wamp64\www\projet_stage\developpement\src\system\CodeIgniter.php(419): CodeIgniter\CodeIgniter->runController(Object(App\Controllers\Visite))
#5 C:\wamp64\www\projet_stage\developpement\src\system\CodeIgniter.php(326): CodeIgniter\CodeIgniter->handleRequest(NULL, Object(Config\Cache), false)
#6 C:\wamp64\www\projet_stage\developpement\src\public\index.php(37): CodeIgniter\CodeIgniter->run()
#7 C:\wamp64\www\projet_stage\developpement\src\system\Commands\Server\rewrite.php(43): require_once('C:\\wamp64\\www\\p...')
#8 {main}
CRITICAL - 2022-06-23 07:37:03 --> array_multisort(): Array sizes are inconsistent
#0 [internal function]: CodeIgniter\Debug\Exceptions->errorHandler(2, 'array_multisort...', 'C:\\wamp64\\www\\p...', 190, Array)
#1 C:\wamp64\www\projet_stage\developpement\src\system\Helpers\array_helper.php(190): array_multisort(Array, 3, Array, 3, Array, 3, Array)
#2 C:\wamp64\www\projet_stage\developpement\src\app\Controllers\Visite.php(48): array_sort_by_multiple_keys(Array, Array)
#3 C:\wamp64\www\projet_stage\developpement\src\system\CodeIgniter.php(832): App\Controllers\Visite->index('undefined', 'desc')
#4 C:\wamp64\www\projet_stage\developpement\src\system\CodeIgniter.php(419): CodeIgniter\CodeIgniter->runController(Object(App\Controllers\Visite))
#5 C:\wamp64\www\projet_stage\developpement\src\system\CodeIgniter.php(326): CodeIgniter\CodeIgniter->handleRequest(NULL, Object(Config\Cache), false)
#6 C:\wamp64\www\projet_stage\developpement\src\public\index.php(37): CodeIgniter\CodeIgniter->run()
#7 C:\wamp64\www\projet_stage\developpement\src\system\Commands\Server\rewrite.php(43): require_once('C:\\wamp64\\www\\p...')
#8 {main}
CRITICAL - 2022-06-23 07:42:06 --> Trying to access array offset on value of type null
#0 C:\wamp64\www\projet_stage\developpement\src\app\Models\apprenantModel.php(40): CodeIgniter\Debug\Exceptions->errorHandler(8, 'Trying to acces...', 'C:\\wamp64\\www\\p...', 40, Array)
#1 C:\wamp64\www\projet_stage\developpement\src\app\Controllers\Apprenant.php(19): App\Models\apprenantModel->get_attr_of('47', 'matricule')
#2 C:\wamp64\www\projet_stage\developpement\src\system\CodeIgniter.php(832): App\Controllers\Apprenant->index()
#3 C:\wamp64\www\projet_stage\developpement\src\system\CodeIgniter.php(419): CodeIgniter\CodeIgniter->runController(Object(App\Controllers\Apprenant))
#4 C:\wamp64\www\projet_stage\developpement\src\system\CodeIgniter.php(326): CodeIgniter\CodeIgniter->handleRequest(NULL, Object(Config\Cache), false)
#5 C:\wamp64\www\projet_stage\developpement\src\public\index.php(37): CodeIgniter\CodeIgniter->run()
#6 C:\wamp64\www\projet_stage\developpement\src\system\Commands\Server\rewrite.php(43): require_once('C:\\wamp64\\www\\p...')
#7 {main}
CRITICAL - 2022-06-23 07:43:12 --> array_multisort(): Array sizes are inconsistent
#0 [internal function]: CodeIgniter\Debug\Exceptions->errorHandler(2, 'array_multisort...', 'C:\\wamp64\\www\\p...', 190, Array)
#1 C:\wamp64\www\projet_stage\developpement\src\system\Helpers\array_helper.php(190): array_multisort(Array, 4, Array, 3, Array, 3, Array)
#2 C:\wamp64\www\projet_stage\developpement\src\app\Controllers\Visite.php(56): array_sort_by_multiple_keys(Array, Array)
#3 C:\wamp64\www\projet_stage\developpement\src\system\CodeIgniter.php(832): App\Controllers\Visite->index('heure_fin ', 'asc')
#4 C:\wamp64\www\projet_stage\developpement\src\system\CodeIgniter.php(419): CodeIgniter\CodeIgniter->runController(Object(App\Controllers\Visite))
#5 C:\wamp64\www\projet_stage\developpement\src\system\CodeIgniter.php(326): CodeIgniter\CodeIgniter->handleRequest(NULL, Object(Config\Cache), false)
#6 C:\wamp64\www\projet_stage\developpement\src\public\index.php(37): CodeIgniter\CodeIgniter->run()
#7 C:\wamp64\www\projet_stage\developpement\src\system\Commands\Server\rewrite.php(43): require_once('C:\\wamp64\\www\\p...')
#8 {main}
CRITICAL - 2022-06-23 07:43:17 --> array_multisort(): Array sizes are inconsistent
#0 [internal function]: CodeIgniter\Debug\Exceptions->errorHandler(2, 'array_multisort...', 'C:\\wamp64\\www\\p...', 190, Array)
#1 C:\wamp64\www\projet_stage\developpement\src\system\Helpers\array_helper.php(190): array_multisort(Array, 3, Array, 3, Array, 3, Array)
#2 C:\wamp64\www\projet_stage\developpement\src\app\Controllers\Visite.php(48): array_sort_by_multiple_keys(Array, Array)
#3 C:\wamp64\www\projet_stage\developpement\src\system\CodeIgniter.php(832): App\Controllers\Visite->index('heure_fin ', 'desc')
#4 C:\wamp64\www\projet_stage\developpement\src\system\CodeIgniter.php(419): CodeIgniter\CodeIgniter->runController(Object(App\Controllers\Visite))
#5 C:\wamp64\www\projet_stage\developpement\src\system\CodeIgniter.php(326): CodeIgniter\CodeIgniter->handleRequest(NULL, Object(Config\Cache), false)
#6 C:\wamp64\www\projet_stage\developpement\src\public\index.php(37): CodeIgniter\CodeIgniter->run()
#7 C:\wamp64\www\projet_stage\developpement\src\system\Commands\Server\rewrite.php(43): require_once('C:\\wamp64\\www\\p...')
#8 {main}
CRITICAL - 2022-06-23 07:48:19 --> Trying to access array offset on value of type null
#0 C:\wamp64\www\projet_stage\developpement\src\app\Models\apprenantModel.php(40): CodeIgniter\Debug\Exceptions->errorHandler(8, 'Trying to acces...', 'C:\\wamp64\\www\\p...', 40, Array)
#1 C:\wamp64\www\projet_stage\developpement\src\app\Controllers\Apprenant.php(19): App\Models\apprenantModel->get_attr_of('47', 'matricule')
#2 C:\wamp64\www\projet_stage\developpement\src\system\CodeIgniter.php(832): App\Controllers\Apprenant->index()
#3 C:\wamp64\www\projet_stage\developpement\src\system\CodeIgniter.php(419): CodeIgniter\CodeIgniter->runController(Object(App\Controllers\Apprenant))
#4 C:\wamp64\www\projet_stage\developpement\src\system\CodeIgniter.php(326): CodeIgniter\CodeIgniter->handleRequest(NULL, Object(Config\Cache), false)
#5 C:\wamp64\www\projet_stage\developpement\src\public\index.php(37): CodeIgniter\CodeIgniter->run()
#6 C:\wamp64\www\projet_stage\developpement\src\system\Commands\Server\rewrite.php(43): require_once('C:\\wamp64\\www\\p...')
#7 {main}
CRITICAL - 2022-06-23 07:48:30 --> Trying to access array offset on value of type null
#0 C:\wamp64\www\projet_stage\developpement\src\app\Models\apprenantModel.php(40): CodeIgniter\Debug\Exceptions->errorHandler(8, 'Trying to acces...', 'C:\\wamp64\\www\\p...', 40, Array)
#1 C:\wamp64\www\projet_stage\developpement\src\app\Controllers\Apprenant.php(19): App\Models\apprenantModel->get_attr_of('47', 'matricule')
#2 C:\wamp64\www\projet_stage\developpement\src\system\CodeIgniter.php(832): App\Controllers\Apprenant->index()
#3 C:\wamp64\www\projet_stage\developpement\src\system\CodeIgniter.php(419): CodeIgniter\CodeIgniter->runController(Object(App\Controllers\Apprenant))
#4 C:\wamp64\www\projet_stage\developpement\src\system\CodeIgniter.php(326): CodeIgniter\CodeIgniter->handleRequest(NULL, Object(Config\Cache), false)
#5 C:\wamp64\www\projet_stage\developpement\src\public\index.php(37): CodeIgniter\CodeIgniter->run()
#6 C:\wamp64\www\projet_stage\developpement\src\system\Commands\Server\rewrite.php(43): require_once('C:\\wamp64\\www\\p...')
#7 {main}
CRITICAL - 2022-06-23 09:12:31 --> array_multisort(): Array sizes are inconsistent
#0 [internal function]: CodeIgniter\Debug\Exceptions->errorHandler(2, 'array_multisort...', 'C:\\wamp64\\www\\p...', 190, Array)
#1 C:\wamp64\www\projet_stage\developpement\src\system\Helpers\array_helper.php(190): array_multisort(Array, 3, Array, 3, Array, 3, Array)
#2 C:\wamp64\www\projet_stage\developpement\src\app\Controllers\Visite.php(48): array_sort_by_multiple_keys(Array, Array)
#3 C:\wamp64\www\projet_stage\developpement\src\system\CodeIgniter.php(832): App\Controllers\Visite->index(' heure_fin', 'desc')
#4 C:\wamp64\www\projet_stage\developpement\src\system\CodeIgniter.php(419): CodeIgniter\CodeIgniter->runController(Object(App\Controllers\Visite))
#5 C:\wamp64\www\projet_stage\developpement\src\system\CodeIgniter.php(326): CodeIgniter\CodeIgniter->handleRequest(NULL, Object(Config\Cache), false)
#6 C:\wamp64\www\projet_stage\developpement\src\public\index.php(37): CodeIgniter\CodeIgniter->run()
#7 C:\wamp64\www\projet_stage\developpement\src\system\Commands\Server\rewrite.php(43): require_once('C:\\wamp64\\www\\p...')
#8 {main}
CRITICAL - 2022-06-23 09:12:38 --> array_multisort(): Array sizes are inconsistent
#0 [internal function]: CodeIgniter\Debug\Exceptions->errorHandler(2, 'array_multisort...', 'C:\\wamp64\\www\\p...', 190, Array)
#1 C:\wamp64\www\projet_stage\developpement\src\system\Helpers\array_helper.php(190): array_multisort(Array, 3, Array, 3, Array, 3, Array)
#2 C:\wamp64\www\projet_stage\developpement\src\app\Controllers\Visite.php(48): array_sort_by_multiple_keys(Array, Array)
#3 C:\wamp64\www\projet_stage\developpement\src\system\CodeIgniter.php(832): App\Controllers\Visite->index(' heure_debut', 'desc')
#4 C:\wamp64\www\projet_stage\developpement\src\system\CodeIgniter.php(419): CodeIgniter\CodeIgniter->runController(Object(App\Controllers\Visite))
#5 C:\wamp64\www\projet_stage\developpement\src\system\CodeIgniter.php(326): CodeIgniter\CodeIgniter->handleRequest(NULL, Object(Config\Cache), false)
#6 C:\wamp64\www\projet_stage\developpement\src\public\index.php(37): CodeIgniter\CodeIgniter->run()
#7 C:\wamp64\www\projet_stage\developpement\src\system\Commands\Server\rewrite.php(43): require_once('C:\\wamp64\\www\\p...')
#8 {main}
