CRITICAL - 2022-06-08 14:20:29 --> Invalid argument supplied for foreach()
#0 C:\wamp64\www\projet_stage\developpement\src\app\Views\liste_emprunt.php(37): CodeIgniter\Debug\Exceptions->errorHandler(2, 'Invalid argumen...', 'C:\\wamp64\\www\\p...', 37, Array)
#1 C:\wamp64\www\projet_stage\developpement\src\system\View\View.php(210): include('C:\\wamp64\\www\\p...')
#2 C:\wamp64\www\projet_stage\developpement\src\system\View\View.php(213): CodeIgniter\View\View->CodeIgniter\View\{closure}()
#3 C:\wamp64\www\projet_stage\developpement\src\system\Common.php(1089): CodeIgniter\View\View->render('liste_emprunt', Array, true)
#4 C:\wamp64\www\projet_stage\developpement\src\app\Controllers\Emprunt.php(34): view('liste_emprunt', Array)
#5 C:\wamp64\www\projet_stage\developpement\src\system\CodeIgniter.php(832): App\Controllers\Emprunt->index()
#6 C:\wamp64\www\projet_stage\developpement\src\system\CodeIgniter.php(419): CodeIgniter\CodeIgniter->runController(Object(App\Controllers\Emprunt))
#7 C:\wamp64\www\projet_stage\developpement\src\system\CodeIgniter.php(326): CodeIgniter\CodeIgniter->handleRequest(NULL, Object(Config\Cache), false)
#8 C:\wamp64\www\projet_stage\developpement\src\public\index.php(37): CodeIgniter\CodeIgniter->run()
#9 C:\wamp64\www\projet_stage\developpement\src\system\Commands\Server\rewrite.php(43): require_once('C:\\wamp64\\www\\p...')
#10 {main}
CRITICAL - 2022-06-08 14:24:04 --> Invalid argument supplied for foreach()
#0 C:\wamp64\www\projet_stage\developpement\src\app\Views\liste_emprunt.php(37): CodeIgniter\Debug\Exceptions->errorHandler(2, 'Invalid argumen...', 'C:\\wamp64\\www\\p...', 37, Array)
#1 C:\wamp64\www\projet_stage\developpement\src\system\View\View.php(210): include('C:\\wamp64\\www\\p...')
#2 C:\wamp64\www\projet_stage\developpement\src\system\View\View.php(213): CodeIgniter\View\View->CodeIgniter\View\{closure}()
#3 C:\wamp64\www\projet_stage\developpement\src\system\Common.php(1089): CodeIgniter\View\View->render('liste_emprunt', Array, true)
#4 C:\wamp64\www\projet_stage\developpement\src\app\Controllers\Emprunt.php(34): view('liste_emprunt', Array)
#5 C:\wamp64\www\projet_stage\developpement\src\system\CodeIgniter.php(832): App\Controllers\Emprunt->index()
#6 C:\wamp64\www\projet_stage\developpement\src\system\CodeIgniter.php(419): CodeIgniter\CodeIgniter->runController(Object(App\Controllers\Emprunt))
#7 C:\wamp64\www\projet_stage\developpement\src\system\CodeIgniter.php(326): CodeIgniter\CodeIgniter->handleRequest(NULL, Object(Config\Cache), false)
#8 C:\wamp64\www\projet_stage\developpement\src\public\index.php(37): CodeIgniter\CodeIgniter->run()
#9 C:\wamp64\www\projet_stage\developpement\src\system\Commands\Server\rewrite.php(43): require_once('C:\\wamp64\\www\\p...')
#10 {main}
CRITICAL - 2022-06-08 15:55:17 --> Invalid argument supplied for foreach()
#0 C:\wamp64\www\projet_stage\developpement\src\app\Views\liste_emprunt.php(37): CodeIgniter\Debug\Exceptions->errorHandler(2, 'Invalid argumen...', 'C:\\wamp64\\www\\p...', 37, Array)
#1 C:\wamp64\www\projet_stage\developpement\src\system\View\View.php(210): include('C:\\wamp64\\www\\p...')
#2 C:\wamp64\www\projet_stage\developpement\src\system\View\View.php(213): CodeIgniter\View\View->CodeIgniter\View\{closure}()
#3 C:\wamp64\www\projet_stage\developpement\src\system\Common.php(1089): CodeIgniter\View\View->render('liste_emprunt', Array, true)
#4 C:\wamp64\www\projet_stage\developpement\src\app\Controllers\Emprunt.php(34): view('liste_emprunt', Array)
#5 C:\wamp64\www\projet_stage\developpement\src\system\CodeIgniter.php(832): App\Controllers\Emprunt->index()
#6 C:\wamp64\www\projet_stage\developpement\src\system\CodeIgniter.php(419): CodeIgniter\CodeIgniter->runController(Object(App\Controllers\Emprunt))
#7 C:\wamp64\www\projet_stage\developpement\src\system\CodeIgniter.php(326): CodeIgniter\CodeIgniter->handleRequest(NULL, Object(Config\Cache), false)
#8 C:\wamp64\www\projet_stage\developpement\src\public\index.php(37): CodeIgniter\CodeIgniter->run()
#9 C:\wamp64\www\projet_stage\developpement\src\system\Commands\Server\rewrite.php(43): require_once('C:\\wamp64\\www\\p...')
#10 {main}
