CRITICAL - 2022-08-16 08:48:00 --> include(searchZone.php?cont='entree_argent'): failed to open stream: No such file or directory
#0 C:\wamp64\www\projet_stage\developpement\src\app\Views\liste_entreeArgent.php(24): CodeIgniter\Debug\Exceptions->errorHandler(2, 'include(searchZ...', 'C:\\wamp64\\www\\p...', 24, Array)
#1 C:\wamp64\www\projet_stage\developpement\src\app\Views\liste_entreeArgent.php(24): include()
#2 C:\wamp64\www\projet_stage\developpement\src\system\View\View.php(210): include('C:\\wamp64\\www\\p...')
#3 C:\wamp64\www\projet_stage\developpement\src\system\View\View.php(213): CodeIgniter\View\View->CodeIgniter\View\{closure}()
#4 C:\wamp64\www\projet_stage\developpement\src\system\Common.php(1089): CodeIgniter\View\View->render('liste_entreeArg...', Array, true)
#5 C:\wamp64\www\projet_stage\developpement\src\app\Controllers\Entree_argent.php(31): view('liste_entreeArg...', Array)
#6 C:\wamp64\www\projet_stage\developpement\src\system\CodeIgniter.php(832): App\Controllers\Entree_argent->index()
#7 C:\wamp64\www\projet_stage\developpement\src\system\CodeIgniter.php(419): CodeIgniter\CodeIgniter->runController(Object(App\Controllers\Entree_argent))
#8 C:\wamp64\www\projet_stage\developpement\src\system\CodeIgniter.php(326): CodeIgniter\CodeIgniter->handleRequest(NULL, Object(Config\Cache), false)
#9 C:\wamp64\www\projet_stage\developpement\src\public\index.php(37): CodeIgniter\CodeIgniter->run()
#10 {main}
CRITICAL - 2022-08-16 08:51:39 --> include(searchZone.php?cont=entree_argent): failed to open stream: No such file or directory
#0 C:\wamp64\www\projet_stage\developpement\src\app\Views\liste_entreeArgent.php(24): CodeIgniter\Debug\Exceptions->errorHandler(2, 'include(searchZ...', 'C:\\wamp64\\www\\p...', 24, Array)
#1 C:\wamp64\www\projet_stage\developpement\src\app\Views\liste_entreeArgent.php(24): include()
#2 C:\wamp64\www\projet_stage\developpement\src\system\View\View.php(210): include('C:\\wamp64\\www\\p...')
#3 C:\wamp64\www\projet_stage\developpement\src\system\View\View.php(213): CodeIgniter\View\View->CodeIgniter\View\{closure}()
#4 C:\wamp64\www\projet_stage\developpement\src\system\Common.php(1089): CodeIgniter\View\View->render('liste_entreeArg...', Array, true)
#5 C:\wamp64\www\projet_stage\developpement\src\app\Controllers\Entree_argent.php(31): view('liste_entreeArg...', Array)
#6 C:\wamp64\www\projet_stage\developpement\src\system\CodeIgniter.php(832): App\Controllers\Entree_argent->index()
#7 C:\wamp64\www\projet_stage\developpement\src\system\CodeIgniter.php(419): CodeIgniter\CodeIgniter->runController(Object(App\Controllers\Entree_argent))
#8 C:\wamp64\www\projet_stage\developpement\src\system\CodeIgniter.php(326): CodeIgniter\CodeIgniter->handleRequest(NULL, Object(Config\Cache), false)
#9 C:\wamp64\www\projet_stage\developpement\src\public\index.php(37): CodeIgniter\CodeIgniter->run()
#10 {main}
CRITICAL - 2022-08-16 08:56:28 --> Undefined index: cont
#0 C:\wamp64\www\projet_stage\developpement\src\app\Views\searchZone.php(7): CodeIgniter\Debug\Exceptions->errorHandler(8, 'Undefined index...', 'C:\\wamp64\\www\\p...', 7, Array)
#1 C:\wamp64\www\projet_stage\developpement\src\app\Views\liste_entreeArgent.php(24): include('C:\\wamp64\\www\\p...')
#2 C:\wamp64\www\projet_stage\developpement\src\system\View\View.php(210): include('C:\\wamp64\\www\\p...')
#3 C:\wamp64\www\projet_stage\developpement\src\system\View\View.php(213): CodeIgniter\View\View->CodeIgniter\View\{closure}()
#4 C:\wamp64\www\projet_stage\developpement\src\system\Common.php(1089): CodeIgniter\View\View->render('liste_entreeArg...', Array, true)
#5 C:\wamp64\www\projet_stage\developpement\src\app\Controllers\Entree_argent.php(31): view('liste_entreeArg...', Array)
#6 C:\wamp64\www\projet_stage\developpement\src\system\CodeIgniter.php(832): App\Controllers\Entree_argent->index()
#7 C:\wamp64\www\projet_stage\developpement\src\system\CodeIgniter.php(419): CodeIgniter\CodeIgniter->runController(Object(App\Controllers\Entree_argent))
#8 C:\wamp64\www\projet_stage\developpement\src\system\CodeIgniter.php(326): CodeIgniter\CodeIgniter->handleRequest(NULL, Object(Config\Cache), false)
#9 C:\wamp64\www\projet_stage\developpement\src\public\index.php(37): CodeIgniter\CodeIgniter->run()
#10 {main}
CRITICAL - 2022-08-16 08:56:50 --> Undefined variable: Controller
#0 C:\wamp64\www\projet_stage\developpement\src\app\Views\searchZone.php(9): CodeIgniter\Debug\Exceptions->errorHandler(8, 'Undefined varia...', 'C:\\wamp64\\www\\p...', 9, Array)
#1 C:\wamp64\www\projet_stage\developpement\src\app\Views\liste_entreeArgent.php(24): include('C:\\wamp64\\www\\p...')
#2 C:\wamp64\www\projet_stage\developpement\src\system\View\View.php(210): include('C:\\wamp64\\www\\p...')
#3 C:\wamp64\www\projet_stage\developpement\src\system\View\View.php(213): CodeIgniter\View\View->CodeIgniter\View\{closure}()
#4 C:\wamp64\www\projet_stage\developpement\src\system\Common.php(1089): CodeIgniter\View\View->render('liste_entreeArg...', Array, true)
#5 C:\wamp64\www\projet_stage\developpement\src\app\Controllers\Entree_argent.php(31): view('liste_entreeArg...', Array)
#6 C:\wamp64\www\projet_stage\developpement\src\system\CodeIgniter.php(832): App\Controllers\Entree_argent->index()
#7 C:\wamp64\www\projet_stage\developpement\src\system\CodeIgniter.php(419): CodeIgniter\CodeIgniter->runController(Object(App\Controllers\Entree_argent))
#8 C:\wamp64\www\projet_stage\developpement\src\system\CodeIgniter.php(326): CodeIgniter\CodeIgniter->handleRequest(NULL, Object(Config\Cache), false)
#9 C:\wamp64\www\projet_stage\developpement\src\public\index.php(37): CodeIgniter\CodeIgniter->run()
#10 {main}
CRITICAL - 2022-08-16 08:59:10 --> include(searchZone.php?cont=entree_argent): failed to open stream: No such file or directory
#0 C:\wamp64\www\projet_stage\developpement\src\app\Views\liste_entreeArgent.php(24): CodeIgniter\Debug\Exceptions->errorHandler(2, 'include(searchZ...', 'C:\\wamp64\\www\\p...', 24, Array)
#1 C:\wamp64\www\projet_stage\developpement\src\app\Views\liste_entreeArgent.php(24): include()
#2 C:\wamp64\www\projet_stage\developpement\src\system\View\View.php(210): include('C:\\wamp64\\www\\p...')
#3 C:\wamp64\www\projet_stage\developpement\src\system\View\View.php(213): CodeIgniter\View\View->CodeIgniter\View\{closure}()
#4 C:\wamp64\www\projet_stage\developpement\src\system\Common.php(1089): CodeIgniter\View\View->render('liste_entreeArg...', Array, true)
#5 C:\wamp64\www\projet_stage\developpement\src\app\Controllers\Entree_argent.php(31): view('liste_entreeArg...', Array)
#6 C:\wamp64\www\projet_stage\developpement\src\system\CodeIgniter.php(832): App\Controllers\Entree_argent->index()
#7 C:\wamp64\www\projet_stage\developpement\src\system\CodeIgniter.php(419): CodeIgniter\CodeIgniter->runController(Object(App\Controllers\Entree_argent))
#8 C:\wamp64\www\projet_stage\developpement\src\system\CodeIgniter.php(326): CodeIgniter\CodeIgniter->handleRequest(NULL, Object(Config\Cache), false)
#9 C:\wamp64\www\projet_stage\developpement\src\public\index.php(37): CodeIgniter\CodeIgniter->run()
#10 {main}
CRITICAL - 2022-08-16 08:59:30 --> include(searchZone.php/cont=entree_argent): failed to open stream: No such file or directory
#0 C:\wamp64\www\projet_stage\developpement\src\app\Views\liste_entreeArgent.php(24): CodeIgniter\Debug\Exceptions->errorHandler(2, 'include(searchZ...', 'C:\\wamp64\\www\\p...', 24, Array)
#1 C:\wamp64\www\projet_stage\developpement\src\app\Views\liste_entreeArgent.php(24): include()
#2 C:\wamp64\www\projet_stage\developpement\src\system\View\View.php(210): include('C:\\wamp64\\www\\p...')
#3 C:\wamp64\www\projet_stage\developpement\src\system\View\View.php(213): CodeIgniter\View\View->CodeIgniter\View\{closure}()
#4 C:\wamp64\www\projet_stage\developpement\src\system\Common.php(1089): CodeIgniter\View\View->render('liste_entreeArg...', Array, true)
#5 C:\wamp64\www\projet_stage\developpement\src\app\Controllers\Entree_argent.php(31): view('liste_entreeArg...', Array)
#6 C:\wamp64\www\projet_stage\developpement\src\system\CodeIgniter.php(832): App\Controllers\Entree_argent->index()
#7 C:\wamp64\www\projet_stage\developpement\src\system\CodeIgniter.php(419): CodeIgniter\CodeIgniter->runController(Object(App\Controllers\Entree_argent))
#8 C:\wamp64\www\projet_stage\developpement\src\system\CodeIgniter.php(326): CodeIgniter\CodeIgniter->handleRequest(NULL, Object(Config\Cache), false)
#9 C:\wamp64\www\projet_stage\developpement\src\public\index.php(37): CodeIgniter\CodeIgniter->run()
#10 {main}
CRITICAL - 2022-08-16 08:59:31 --> include(searchZone.php/cont=entree_argent): failed to open stream: No such file or directory
#0 C:\wamp64\www\projet_stage\developpement\src\app\Views\liste_entreeArgent.php(24): CodeIgniter\Debug\Exceptions->errorHandler(2, 'include(searchZ...', 'C:\\wamp64\\www\\p...', 24, Array)
#1 C:\wamp64\www\projet_stage\developpement\src\app\Views\liste_entreeArgent.php(24): include()
#2 C:\wamp64\www\projet_stage\developpement\src\system\View\View.php(210): include('C:\\wamp64\\www\\p...')
#3 C:\wamp64\www\projet_stage\developpement\src\system\View\View.php(213): CodeIgniter\View\View->CodeIgniter\View\{closure}()
#4 C:\wamp64\www\projet_stage\developpement\src\system\Common.php(1089): CodeIgniter\View\View->render('liste_entreeArg...', Array, true)
#5 C:\wamp64\www\projet_stage\developpement\src\app\Controllers\Entree_argent.php(31): view('liste_entreeArg...', Array)
#6 C:\wamp64\www\projet_stage\developpement\src\system\CodeIgniter.php(832): App\Controllers\Entree_argent->index()
#7 C:\wamp64\www\projet_stage\developpement\src\system\CodeIgniter.php(419): CodeIgniter\CodeIgniter->runController(Object(App\Controllers\Entree_argent))
#8 C:\wamp64\www\projet_stage\developpement\src\system\CodeIgniter.php(326): CodeIgniter\CodeIgniter->handleRequest(NULL, Object(Config\Cache), false)
#9 C:\wamp64\www\projet_stage\developpement\src\public\index.php(37): CodeIgniter\CodeIgniter->run()
#10 {main}
CRITICAL - 2022-08-16 08:59:32 --> include(searchZone.php/cont=entree_argent): failed to open stream: No such file or directory
#0 C:\wamp64\www\projet_stage\developpement\src\app\Views\liste_entreeArgent.php(24): CodeIgniter\Debug\Exceptions->errorHandler(2, 'include(searchZ...', 'C:\\wamp64\\www\\p...', 24, Array)
#1 C:\wamp64\www\projet_stage\developpement\src\app\Views\liste_entreeArgent.php(24): include()
#2 C:\wamp64\www\projet_stage\developpement\src\system\View\View.php(210): include('C:\\wamp64\\www\\p...')
#3 C:\wamp64\www\projet_stage\developpement\src\system\View\View.php(213): CodeIgniter\View\View->CodeIgniter\View\{closure}()
#4 C:\wamp64\www\projet_stage\developpement\src\system\Common.php(1089): CodeIgniter\View\View->render('liste_entreeArg...', Array, true)
#5 C:\wamp64\www\projet_stage\developpement\src\app\Controllers\Entree_argent.php(31): view('liste_entreeArg...', Array)
#6 C:\wamp64\www\projet_stage\developpement\src\system\CodeIgniter.php(832): App\Controllers\Entree_argent->index()
#7 C:\wamp64\www\projet_stage\developpement\src\system\CodeIgniter.php(419): CodeIgniter\CodeIgniter->runController(Object(App\Controllers\Entree_argent))
#8 C:\wamp64\www\projet_stage\developpement\src\system\CodeIgniter.php(326): CodeIgniter\CodeIgniter->handleRequest(NULL, Object(Config\Cache), false)
#9 C:\wamp64\www\projet_stage\developpement\src\public\index.php(37): CodeIgniter\CodeIgniter->run()
#10 {main}
CRITICAL - 2022-08-16 09:00:02 --> include(searchZone.php?cont=entree_argent): failed to open stream: No such file or directory
#0 C:\wamp64\www\projet_stage\developpement\src\app\Views\liste_entreeArgent.php(24): CodeIgniter\Debug\Exceptions->errorHandler(2, 'include(searchZ...', 'C:\\wamp64\\www\\p...', 24, Array)
#1 C:\wamp64\www\projet_stage\developpement\src\app\Views\liste_entreeArgent.php(24): include()
#2 C:\wamp64\www\projet_stage\developpement\src\system\View\View.php(210): include('C:\\wamp64\\www\\p...')
#3 C:\wamp64\www\projet_stage\developpement\src\system\View\View.php(213): CodeIgniter\View\View->CodeIgniter\View\{closure}()
#4 C:\wamp64\www\projet_stage\developpement\src\system\Common.php(1089): CodeIgniter\View\View->render('liste_entreeArg...', Array, true)
#5 C:\wamp64\www\projet_stage\developpement\src\app\Controllers\Entree_argent.php(31): view('liste_entreeArg...', Array)
#6 C:\wamp64\www\projet_stage\developpement\src\system\CodeIgniter.php(832): App\Controllers\Entree_argent->index()
#7 C:\wamp64\www\projet_stage\developpement\src\system\CodeIgniter.php(419): CodeIgniter\CodeIgniter->runController(Object(App\Controllers\Entree_argent))
#8 C:\wamp64\www\projet_stage\developpement\src\system\CodeIgniter.php(326): CodeIgniter\CodeIgniter->handleRequest(NULL, Object(Config\Cache), false)
#9 C:\wamp64\www\projet_stage\developpement\src\public\index.php(37): CodeIgniter\CodeIgniter->run()
#10 {main}
CRITICAL - 2022-08-16 09:00:04 --> include(searchZone.php?cont=entree_argent): failed to open stream: No such file or directory
#0 C:\wamp64\www\projet_stage\developpement\src\app\Views\liste_entreeArgent.php(24): CodeIgniter\Debug\Exceptions->errorHandler(2, 'include(searchZ...', 'C:\\wamp64\\www\\p...', 24, Array)
#1 C:\wamp64\www\projet_stage\developpement\src\app\Views\liste_entreeArgent.php(24): include()
#2 C:\wamp64\www\projet_stage\developpement\src\system\View\View.php(210): include('C:\\wamp64\\www\\p...')
#3 C:\wamp64\www\projet_stage\developpement\src\system\View\View.php(213): CodeIgniter\View\View->CodeIgniter\View\{closure}()
#4 C:\wamp64\www\projet_stage\developpement\src\system\Common.php(1089): CodeIgniter\View\View->render('liste_entreeArg...', Array, true)
#5 C:\wamp64\www\projet_stage\developpement\src\app\Controllers\Entree_argent.php(31): view('liste_entreeArg...', Array)
#6 C:\wamp64\www\projet_stage\developpement\src\system\CodeIgniter.php(832): App\Controllers\Entree_argent->index()
#7 C:\wamp64\www\projet_stage\developpement\src\system\CodeIgniter.php(419): CodeIgniter\CodeIgniter->runController(Object(App\Controllers\Entree_argent))
#8 C:\wamp64\www\projet_stage\developpement\src\system\CodeIgniter.php(326): CodeIgniter\CodeIgniter->handleRequest(NULL, Object(Config\Cache), false)
#9 C:\wamp64\www\projet_stage\developpement\src\public\index.php(37): CodeIgniter\CodeIgniter->run()
#10 {main}
CRITICAL - 2022-08-16 09:00:05 --> include(searchZone.php?cont=entree_argent): failed to open stream: No such file or directory
#0 C:\wamp64\www\projet_stage\developpement\src\app\Views\liste_entreeArgent.php(24): CodeIgniter\Debug\Exceptions->errorHandler(2, 'include(searchZ...', 'C:\\wamp64\\www\\p...', 24, Array)
#1 C:\wamp64\www\projet_stage\developpement\src\app\Views\liste_entreeArgent.php(24): include()
#2 C:\wamp64\www\projet_stage\developpement\src\system\View\View.php(210): include('C:\\wamp64\\www\\p...')
#3 C:\wamp64\www\projet_stage\developpement\src\system\View\View.php(213): CodeIgniter\View\View->CodeIgniter\View\{closure}()
#4 C:\wamp64\www\projet_stage\developpement\src\system\Common.php(1089): CodeIgniter\View\View->render('liste_entreeArg...', Array, true)
#5 C:\wamp64\www\projet_stage\developpement\src\app\Controllers\Entree_argent.php(31): view('liste_entreeArg...', Array)
#6 C:\wamp64\www\projet_stage\developpement\src\system\CodeIgniter.php(832): App\Controllers\Entree_argent->index()
#7 C:\wamp64\www\projet_stage\developpement\src\system\CodeIgniter.php(419): CodeIgniter\CodeIgniter->runController(Object(App\Controllers\Entree_argent))
#8 C:\wamp64\www\projet_stage\developpement\src\system\CodeIgniter.php(326): CodeIgniter\CodeIgniter->handleRequest(NULL, Object(Config\Cache), false)
#9 C:\wamp64\www\projet_stage\developpement\src\public\index.php(37): CodeIgniter\CodeIgniter->run()
#10 {main}
CRITICAL - 2022-08-16 09:06:18 --> include(searchZone.php?cont=entree_argent): failed to open stream: No such file or directory
#0 C:\wamp64\www\projet_stage\developpement\src\app\Views\liste_entreeArgent.php(24): CodeIgniter\Debug\Exceptions->errorHandler(2, 'include(searchZ...', 'C:\\wamp64\\www\\p...', 24, Array)
#1 C:\wamp64\www\projet_stage\developpement\src\app\Views\liste_entreeArgent.php(24): include()
#2 C:\wamp64\www\projet_stage\developpement\src\system\View\View.php(210): include('C:\\wamp64\\www\\p...')
#3 C:\wamp64\www\projet_stage\developpement\src\system\View\View.php(213): CodeIgniter\View\View->CodeIgniter\View\{closure}()
#4 C:\wamp64\www\projet_stage\developpement\src\system\Common.php(1089): CodeIgniter\View\View->render('liste_entreeArg...', Array, true)
#5 C:\wamp64\www\projet_stage\developpement\src\app\Controllers\Entree_argent.php(31): view('liste_entreeArg...', Array)
#6 C:\wamp64\www\projet_stage\developpement\src\system\CodeIgniter.php(832): App\Controllers\Entree_argent->index()
#7 C:\wamp64\www\projet_stage\developpement\src\system\CodeIgniter.php(419): CodeIgniter\CodeIgniter->runController(Object(App\Controllers\Entree_argent))
#8 C:\wamp64\www\projet_stage\developpement\src\system\CodeIgniter.php(326): CodeIgniter\CodeIgniter->handleRequest(NULL, Object(Config\Cache), false)
#9 C:\wamp64\www\projet_stage\developpement\src\public\index.php(37): CodeIgniter\CodeIgniter->run()
#10 {main}
CRITICAL - 2022-08-16 23:45:30 --> file_get_contents(): read of 8192 bytes failed with errno=13 Permission denied
#0 [internal function]: CodeIgniter\Debug\Exceptions->errorHandler(8, 'file_get_conten...', 'C:\\wamp64\\www\\p...', 464, Array)
#1 C:\wamp64\www\projet_stage\developpement\src\system\Debug\Toolbar.php(464): file_get_contents('C:\\wamp64\\www\\p...')
#2 C:\wamp64\www\projet_stage\developpement\src\app\Config\Events.php(48): CodeIgniter\Debug\Toolbar->respond()
#3 C:\wamp64\www\projet_stage\developpement\src\system\Events\Events.php(149): CodeIgniter\Events\Events::Config\{closure}()
#4 C:\wamp64\www\projet_stage\developpement\src\system\CodeIgniter.php(308): CodeIgniter\Events\Events::trigger('pre_system')
#5 C:\wamp64\www\projet_stage\developpement\src\public\index.php(37): CodeIgniter\CodeIgniter->run()
#6 {main}
